{"E:\\LAB_AGOSTO\\ORACLE_HALT_ALEPH_VERSION\\vscode-alephscript-extension\\src\\commandPaletteManager.ts": {"path":"E:\\LAB_AGOSTO\\ORACLE_HALT_ALEPH_VERSION\\vscode-alephscript-extension\\src\\commandPaletteManager.ts","statementMap":{"0":{"start":{"line":1,"column":0},"end":{"line":1,"column":33}},"1":{"start":{"line":2,"column":0},"end":{"line":2,"column":77}},"2":{"start":{"line":15,"column":0},"end":{"line":15,"column":null}},"3":{"start":{"line":16,"column":4},"end":{"line":16,"column":null}},"4":{"start":{"line":17,"column":4},"end":{"line":17,"column":null}},"5":{"start":{"line":18,"column":4},"end":{"line":18,"column":null}},"6":{"start":{"line":19,"column":4},"end":{"line":19,"column":null}},"7":{"start":{"line":20,"column":4},"end":{"line":20,"column":null}},"8":{"start":{"line":21,"column":4},"end":{"line":21,"column":null}},"9":{"start":{"line":22,"column":4},"end":{"line":22,"column":null}},"10":{"start":{"line":23,"column":4},"end":{"line":23,"column":null}},"11":{"start":{"line":28,"column":12},"end":{"line":28,"column":66}},"12":{"start":{"line":29,"column":12},"end":{"line":29,"column":57}},"13":{"start":{"line":34,"column":8},"end":{"line":34,"column":31}},"14":{"start":{"line":35,"column":8},"end":{"line":35,"column":83}},"15":{"start":{"line":36,"column":8},"end":{"line":36,"column":38}},"16":{"start":{"line":40,"column":8},"end":{"line":45,"column":9}},"17":{"start":{"line":41,"column":12},"end":{"line":43,"column":13}},"18":{"start":{"line":42,"column":16},"end":{"line":42,"column":99}},"19":{"start":{"line":44,"column":12},"end":{"line":44,"column":80}},"20":{"start":{"line":46,"column":8},"end":{"line":46,"column":46}},"21":{"start":{"line":50,"column":8},"end":{"line":50,"column":64}},"22":{"start":{"line":53,"column":8},"end":{"line":61,"column":11}},"23":{"start":{"line":60,"column":27},"end":{"line":60,"column":47}},"24":{"start":{"line":63,"column":8},"end":{"line":71,"column":11}},"25":{"start":{"line":70,"column":27},"end":{"line":70,"column":50}},"26":{"start":{"line":74,"column":8},"end":{"line":82,"column":11}},"27":{"start":{"line":81,"column":27},"end":{"line":81,"column":44}},"28":{"start":{"line":84,"column":8},"end":{"line":92,"column":11}},"29":{"start":{"line":91,"column":27},"end":{"line":91,"column":47}},"30":{"start":{"line":95,"column":8},"end":{"line":102,"column":11}},"31":{"start":{"line":101,"column":27},"end":{"line":101,"column":48}},"32":{"start":{"line":104,"column":8},"end":{"line":111,"column":11}},"33":{"start":{"line":110,"column":27},"end":{"line":110,"column":47}},"34":{"start":{"line":114,"column":8},"end":{"line":121,"column":11}},"35":{"start":{"line":120,"column":27},"end":{"line":120,"column":45}},"36":{"start":{"line":123,"column":8},"end":{"line":131,"column":11}},"37":{"start":{"line":130,"column":27},"end":{"line":130,"column":49}},"38":{"start":{"line":134,"column":8},"end":{"line":142,"column":11}},"39":{"start":{"line":141,"column":27},"end":{"line":141,"column":52}},"40":{"start":{"line":144,"column":8},"end":{"line":151,"column":11}},"41":{"start":{"line":150,"column":27},"end":{"line":150,"column":54}},"42":{"start":{"line":154,"column":8},"end":{"line":161,"column":11}},"43":{"start":{"line":160,"column":27},"end":{"line":160,"column":52}},"44":{"start":{"line":163,"column":8},"end":{"line":170,"column":11}},"45":{"start":{"line":169,"column":27},"end":{"line":169,"column":50}},"46":{"start":{"line":173,"column":8},"end":{"line":181,"column":11}},"47":{"start":{"line":180,"column":27},"end":{"line":180,"column":52}},"48":{"start":{"line":183,"column":8},"end":{"line":190,"column":11}},"49":{"start":{"line":189,"column":27},"end":{"line":189,"column":56}},"50":{"start":{"line":193,"column":8},"end":{"line":201,"column":11}},"51":{"start":{"line":200,"column":27},"end":{"line":200,"column":50}},"52":{"start":{"line":203,"column":8},"end":{"line":210,"column":11}},"53":{"start":{"line":209,"column":27},"end":{"line":209,"column":50}},"54":{"start":{"line":214,"column":8},"end":{"line":216,"column":9}},"55":{"start":{"line":215,"column":12},"end":{"line":215,"column":116}},"56":{"start":{"line":218,"column":8},"end":{"line":218,"column":47}},"57":{"start":{"line":221,"column":27},"end":{"line":221,"column":87}},"58":{"start":{"line":222,"column":8},"end":{"line":222,"column":49}},"59":{"start":{"line":223,"column":8},"end":{"line":223,"column":52}},"60":{"start":{"line":225,"column":8},"end":{"line":229,"column":11}},"61":{"start":{"line":233,"column":8},"end":{"line":233,"column":91}},"62":{"start":{"line":233,"column":64},"end":{"line":233,"column":89}},"63":{"start":{"line":237,"column":8},"end":{"line":237,"column":50}},"64":{"start":{"line":241,"column":27},"end":{"line":241,"column":57}},"65":{"start":{"line":242,"column":19},"end":{"line":242,"column":54}},"66":{"start":{"line":244,"column":8},"end":{"line":261,"column":9}},"67":{"start":{"line":245,"column":29},"end":{"line":245,"column":65}},"68":{"start":{"line":246,"column":12},"end":{"line":246,"column":48}},"69":{"start":{"line":246,"column":39},"end":{"line":246,"column":48}},"70":{"start":{"line":248,"column":12},"end":{"line":248,"column":41}},"71":{"start":{"line":250,"column":12},"end":{"line":260,"column":13}},"72":{"start":{"line":251,"column":16},"end":{"line":251,"column":45}},"73":{"start":{"line":252,"column":16},"end":{"line":254,"column":17}},"74":{"start":{"line":253,"column":20},"end":{"line":253,"column":53}},"75":{"start":{"line":255,"column":16},"end":{"line":255,"column":57}},"76":{"start":{"line":256,"column":16},"end":{"line":258,"column":17}},"77":{"start":{"line":257,"column":20},"end":{"line":257,"column":55}},"78":{"start":{"line":259,"column":16},"end":{"line":259,"column":29}},"79":{"start":{"line":263,"column":8},"end":{"line":263,"column":20}},"80":{"start":{"line":268,"column":8},"end":{"line":268,"column":58}},"81":{"start":{"line":270,"column":22},"end":{"line":274,"column":null}},"82":{"start":{"line":277,"column":8},"end":{"line":277,"column":53}},"83":{"start":{"line":281,"column":8},"end":{"line":281,"column":59}},"84":{"start":{"line":284,"column":8},"end":{"line":284,"column":70}},"85":{"start":{"line":288,"column":8},"end":{"line":288,"column":59}},"86":{"start":{"line":290,"column":8},"end":{"line":315,"column":11}},"87":{"start":{"line":295,"column":12},"end":{"line":314,"column":13}},"88":{"start":{"line":296,"column":16},"end":{"line":296,"column":82}},"89":{"start":{"line":297,"column":16},"end":{"line":297,"column":44}},"90":{"start":{"line":299,"column":16},"end":{"line":299,"column":80}},"91":{"start":{"line":300,"column":16},"end":{"line":300,"column":41}},"92":{"start":{"line":302,"column":16},"end":{"line":302,"column":85}},"93":{"start":{"line":303,"column":16},"end":{"line":303,"column":48}},"94":{"start":{"line":305,"column":16},"end":{"line":305,"column":92}},"95":{"start":{"line":306,"column":16},"end":{"line":306,"column":48}},"96":{"start":{"line":308,"column":16},"end":{"line":308,"column":74}},"97":{"start":{"line":310,"column":16},"end":{"line":310,"column":95}},"98":{"start":{"line":312,"column":16},"end":{"line":312,"column":67}},"99":{"start":{"line":313,"column":16},"end":{"line":313,"column":79}},"100":{"start":{"line":319,"column":8},"end":{"line":319,"column":53}},"101":{"start":{"line":321,"column":25},"end":{"line":325,"column":null}},"102":{"start":{"line":328,"column":8},"end":{"line":340,"column":9}},"103":{"start":{"line":329,"column":12},"end":{"line":339,"column":13}},"104":{"start":{"line":330,"column":16},"end":{"line":330,"column":43}},"105":{"start":{"line":331,"column":16},"end":{"line":331,"column":46}},"106":{"start":{"line":332,"column":16},"end":{"line":332,"column":50}},"107":{"start":{"line":334,"column":16},"end":{"line":334,"column":103}},"108":{"start":{"line":335,"column":16},"end":{"line":335,"column":74}},"109":{"start":{"line":337,"column":16},"end":{"line":337,"column":70}},"110":{"start":{"line":338,"column":16},"end":{"line":338,"column":82}},"111":{"start":{"line":344,"column":8},"end":{"line":344,"column":48}},"112":{"start":{"line":346,"column":8},"end":{"line":346,"column":69}},"113":{"start":{"line":350,"column":8},"end":{"line":350,"column":48}},"114":{"start":{"line":355,"column":8},"end":{"line":355,"column":45}},"115":{"start":{"line":356,"column":8},"end":{"line":356,"column":66}},"116":{"start":{"line":360,"column":8},"end":{"line":360,"column":55}},"117":{"start":{"line":365,"column":8},"end":{"line":365,"column":61}},"118":{"start":{"line":366,"column":8},"end":{"line":370,"column":9}},"119":{"start":{"line":367,"column":12},"end":{"line":367,"column":80}},"120":{"start":{"line":369,"column":12},"end":{"line":369,"column":75}},"121":{"start":{"line":374,"column":8},"end":{"line":374,"column":54}},"122":{"start":{"line":375,"column":8},"end":{"line":375,"column":73}},"123":{"start":{"line":379,"column":8},"end":{"line":379,"column":58}},"124":{"start":{"line":380,"column":8},"end":{"line":380,"column":70}},"125":{"start":{"line":384,"column":8},"end":{"line":384,"column":58}},"126":{"start":{"line":389,"column":8},"end":{"line":389,"column":53}},"127":{"start":{"line":390,"column":8},"end":{"line":390,"column":79}},"128":{"start":{"line":394,"column":8},"end":{"line":394,"column":67}},"129":{"start":{"line":395,"column":8},"end":{"line":395,"column":65}},"130":{"start":{"line":399,"column":8},"end":{"line":399,"column":50}},"131":{"start":{"line":404,"column":8},"end":{"line":404,"column":50}},"132":{"start":{"line":409,"column":8},"end":{"line":480,"column":9}},"133":{"start":{"line":484,"column":8},"end":{"line":484,"column":60}},"134":{"start":{"line":486,"column":8},"end":{"line":488,"column":9}},"135":{"start":{"line":487,"column":12},"end":{"line":487,"column":33}},"136":{"start":{"line":490,"column":8},"end":{"line":490,"column":37}},"137":{"start":{"line":491,"column":8},"end":{"line":491,"column":30}},"138":{"start":{"line":493,"column":8},"end":{"line":493,"column":59}},"139":{"start":{"line":26,"column":0},"end":{"line":26,"column":13}}},"fnMap":{"0":{"name":"(anonymous_9)","decl":{"start":{"line":15,"column":0},"end":{"line":15,"column":12}},"loc":{"start":{"line":15,"column":27},"end":{"line":24,"column":1}}},"1":{"name":"(anonymous_10)","decl":{"start":{"line":33,"column":4},"end":{"line":33,"column":24}},"loc":{"start":{"line":33,"column":56},"end":{"line":37,"column":5}}},"2":{"name":"(anonymous_11)","decl":{"start":{"line":39,"column":4},"end":{"line":39,"column":10}},"loc":{"start":{"line":39,"column":56},"end":{"line":47,"column":5}}},"3":{"name":"(anonymous_12)","decl":{"start":{"line":49,"column":12},"end":{"line":49,"column":34}},"loc":{"start":{"line":49,"column":34},"end":{"line":211,"column":5}}},"4":{"name":"(anonymous_13)","decl":{"start":{"line":60,"column":21},"end":{"line":60,"column":24}},"loc":{"start":{"line":60,"column":27},"end":{"line":60,"column":47}}},"5":{"name":"(anonymous_14)","decl":{"start":{"line":70,"column":21},"end":{"line":70,"column":24}},"loc":{"start":{"line":70,"column":27},"end":{"line":70,"column":50}}},"6":{"name":"(anonymous_15)","decl":{"start":{"line":81,"column":21},"end":{"line":81,"column":24}},"loc":{"start":{"line":81,"column":27},"end":{"line":81,"column":44}}},"7":{"name":"(anonymous_16)","decl":{"start":{"line":91,"column":21},"end":{"line":91,"column":24}},"loc":{"start":{"line":91,"column":27},"end":{"line":91,"column":47}}},"8":{"name":"(anonymous_17)","decl":{"start":{"line":101,"column":21},"end":{"line":101,"column":24}},"loc":{"start":{"line":101,"column":27},"end":{"line":101,"column":48}}},"9":{"name":"(anonymous_18)","decl":{"start":{"line":110,"column":21},"end":{"line":110,"column":24}},"loc":{"start":{"line":110,"column":27},"end":{"line":110,"column":47}}},"10":{"name":"(anonymous_19)","decl":{"start":{"line":120,"column":21},"end":{"line":120,"column":24}},"loc":{"start":{"line":120,"column":27},"end":{"line":120,"column":45}}},"11":{"name":"(anonymous_20)","decl":{"start":{"line":130,"column":21},"end":{"line":130,"column":24}},"loc":{"start":{"line":130,"column":27},"end":{"line":130,"column":49}}},"12":{"name":"(anonymous_21)","decl":{"start":{"line":141,"column":21},"end":{"line":141,"column":24}},"loc":{"start":{"line":141,"column":27},"end":{"line":141,"column":52}}},"13":{"name":"(anonymous_22)","decl":{"start":{"line":150,"column":21},"end":{"line":150,"column":24}},"loc":{"start":{"line":150,"column":27},"end":{"line":150,"column":54}}},"14":{"name":"(anonymous_23)","decl":{"start":{"line":160,"column":21},"end":{"line":160,"column":24}},"loc":{"start":{"line":160,"column":27},"end":{"line":160,"column":52}}},"15":{"name":"(anonymous_24)","decl":{"start":{"line":169,"column":21},"end":{"line":169,"column":24}},"loc":{"start":{"line":169,"column":27},"end":{"line":169,"column":50}}},"16":{"name":"(anonymous_25)","decl":{"start":{"line":180,"column":21},"end":{"line":180,"column":24}},"loc":{"start":{"line":180,"column":27},"end":{"line":180,"column":52}}},"17":{"name":"(anonymous_26)","decl":{"start":{"line":189,"column":21},"end":{"line":189,"column":24}},"loc":{"start":{"line":189,"column":27},"end":{"line":189,"column":56}}},"18":{"name":"(anonymous_27)","decl":{"start":{"line":200,"column":21},"end":{"line":200,"column":24}},"loc":{"start":{"line":200,"column":27},"end":{"line":200,"column":50}}},"19":{"name":"(anonymous_28)","decl":{"start":{"line":209,"column":21},"end":{"line":209,"column":24}},"loc":{"start":{"line":209,"column":27},"end":{"line":209,"column":50}}},"20":{"name":"(anonymous_29)","decl":{"start":{"line":213,"column":11},"end":{"line":213,"column":26}},"loc":{"start":{"line":213,"column":54},"end":{"line":230,"column":5}}},"21":{"name":"(anonymous_30)","decl":{"start":{"line":232,"column":11},"end":{"line":232,"column":32}},"loc":{"start":{"line":232,"column":58},"end":{"line":234,"column":5}}},"22":{"name":"(anonymous_31)","decl":{"start":{"line":233,"column":57},"end":{"line":233,"column":60}},"loc":{"start":{"line":233,"column":64},"end":{"line":233,"column":89}}},"23":{"name":"(anonymous_32)","decl":{"start":{"line":236,"column":11},"end":{"line":236,"column":25}},"loc":{"start":{"line":236,"column":25},"end":{"line":238,"column":5}}},"24":{"name":"(anonymous_33)","decl":{"start":{"line":240,"column":11},"end":{"line":240,"column":37}},"loc":{"start":{"line":240,"column":37},"end":{"line":264,"column":5}}},"25":{"name":"(anonymous_34)","decl":{"start":{"line":267,"column":12},"end":{"line":267,"column":17}},"loc":{"start":{"line":267,"column":31},"end":{"line":278,"column":5}}},"26":{"name":"(anonymous_35)","decl":{"start":{"line":280,"column":12},"end":{"line":280,"column":17}},"loc":{"start":{"line":280,"column":34},"end":{"line":285,"column":5}}},"27":{"name":"(anonymous_36)","decl":{"start":{"line":287,"column":12},"end":{"line":287,"column":17}},"loc":{"start":{"line":287,"column":28},"end":{"line":316,"column":5}}},"28":{"name":"(anonymous_37)","decl":{"start":{"line":294,"column":11},"end":{"line":294,"column":16}},"loc":{"start":{"line":294,"column":37},"end":{"line":315,"column":9}}},"29":{"name":"(anonymous_38)","decl":{"start":{"line":318,"column":12},"end":{"line":318,"column":17}},"loc":{"start":{"line":318,"column":31},"end":{"line":341,"column":5}}},"30":{"name":"(anonymous_39)","decl":{"start":{"line":343,"column":12},"end":{"line":343,"column":17}},"loc":{"start":{"line":343,"column":32},"end":{"line":347,"column":5}}},"31":{"name":"(anonymous_40)","decl":{"start":{"line":349,"column":12},"end":{"line":349,"column":17}},"loc":{"start":{"line":349,"column":31},"end":{"line":352,"column":5}}},"32":{"name":"(anonymous_41)","decl":{"start":{"line":354,"column":12},"end":{"line":354,"column":17}},"loc":{"start":{"line":354,"column":29},"end":{"line":357,"column":5}}},"33":{"name":"(anonymous_42)","decl":{"start":{"line":359,"column":12},"end":{"line":359,"column":17}},"loc":{"start":{"line":359,"column":33},"end":{"line":362,"column":5}}},"34":{"name":"(anonymous_43)","decl":{"start":{"line":364,"column":12},"end":{"line":364,"column":17}},"loc":{"start":{"line":364,"column":36},"end":{"line":371,"column":5}}},"35":{"name":"(anonymous_44)","decl":{"start":{"line":373,"column":12},"end":{"line":373,"column":17}},"loc":{"start":{"line":373,"column":38},"end":{"line":376,"column":5}}},"36":{"name":"(anonymous_45)","decl":{"start":{"line":378,"column":12},"end":{"line":378,"column":17}},"loc":{"start":{"line":378,"column":36},"end":{"line":381,"column":5}}},"37":{"name":"(anonymous_46)","decl":{"start":{"line":383,"column":12},"end":{"line":383,"column":17}},"loc":{"start":{"line":383,"column":34},"end":{"line":386,"column":5}}},"38":{"name":"(anonymous_47)","decl":{"start":{"line":388,"column":12},"end":{"line":388,"column":17}},"loc":{"start":{"line":388,"column":36},"end":{"line":391,"column":5}}},"39":{"name":"(anonymous_48)","decl":{"start":{"line":393,"column":12},"end":{"line":393,"column":17}},"loc":{"start":{"line":393,"column":40},"end":{"line":396,"column":5}}},"40":{"name":"(anonymous_49)","decl":{"start":{"line":398,"column":12},"end":{"line":398,"column":17}},"loc":{"start":{"line":398,"column":34},"end":{"line":401,"column":5}}},"41":{"name":"(anonymous_50)","decl":{"start":{"line":403,"column":12},"end":{"line":403,"column":17}},"loc":{"start":{"line":403,"column":34},"end":{"line":406,"column":5}}},"42":{"name":"(anonymous_51)","decl":{"start":{"line":408,"column":12},"end":{"line":408,"column":28}},"loc":{"start":{"line":408,"column":28},"end":{"line":481,"column":5}}},"43":{"name":"(anonymous_52)","decl":{"start":{"line":483,"column":11},"end":{"line":483,"column":18}},"loc":{"start":{"line":483,"column":18},"end":{"line":494,"column":5}}}},"branchMap":{"0":{"loc":{"start":{"line":15,"column":12},"end":{"line":15,"column":null}},"type":"binary-expr","locations":[{"start":{"line":15,"column":12},"end":{"line":15,"column":27}},{"start":{"line":15,"column":27},"end":{"line":15,"column":null}}]},"1":{"loc":{"start":{"line":40,"column":8},"end":{"line":45,"column":9}},"type":"if","locations":[{"start":{"line":40,"column":8},"end":{"line":45,"column":9}}]},"2":{"loc":{"start":{"line":41,"column":12},"end":{"line":43,"column":13}},"type":"if","locations":[{"start":{"line":41,"column":12},"end":{"line":43,"column":13}}]},"3":{"loc":{"start":{"line":214,"column":8},"end":{"line":216,"column":9}},"type":"if","locations":[{"start":{"line":214,"column":8},"end":{"line":216,"column":9}}]},"4":{"loc":{"start":{"line":246,"column":12},"end":{"line":246,"column":48}},"type":"if","locations":[{"start":{"line":246,"column":12},"end":{"line":246,"column":48}}]},"5":{"loc":{"start":{"line":252,"column":16},"end":{"line":254,"column":17}},"type":"if","locations":[{"start":{"line":252,"column":16},"end":{"line":254,"column":17}}]},"6":{"loc":{"start":{"line":256,"column":16},"end":{"line":258,"column":17}},"type":"if","locations":[{"start":{"line":256,"column":16},"end":{"line":258,"column":17}}]},"7":{"loc":{"start":{"line":328,"column":8},"end":{"line":340,"column":9}},"type":"if","locations":[{"start":{"line":328,"column":8},"end":{"line":340,"column":9}}]}},"s":{"0":0,"1":0,"2":0,"3":0,"4":0,"5":0,"6":0,"7":0,"8":0,"9":0,"10":0,"11":0,"12":0,"13":0,"14":0,"15":0,"16":0,"17":0,"18":0,"19":0,"20":0,"21":0,"22":0,"23":0,"24":0,"25":0,"26":0,"27":0,"28":0,"29":0,"30":0,"31":0,"32":0,"33":0,"34":0,"35":0,"36":0,"37":0,"38":0,"39":0,"40":0,"41":0,"42":0,"43":0,"44":0,"45":0,"46":0,"47":0,"48":0,"49":0,"50":0,"51":0,"52":0,"53":0,"54":0,"55":0,"56":0,"57":0,"58":0,"59":0,"60":0,"61":0,"62":0,"63":0,"64":0,"65":0,"66":0,"67":0,"68":0,"69":0,"70":0,"71":0,"72":0,"73":0,"74":0,"75":0,"76":0,"77":0,"78":0,"79":0,"80":0,"81":0,"82":0,"83":0,"84":0,"85":0,"86":0,"87":0,"88":0,"89":0,"90":0,"91":0,"92":0,"93":0,"94":0,"95":0,"96":0,"97":0,"98":0,"99":0,"100":0,"101":0,"102":0,"103":0,"104":0,"105":0,"106":0,"107":0,"108":0,"109":0,"110":0,"111":0,"112":0,"113":0,"114":0,"115":0,"116":0,"117":0,"118":0,"119":0,"120":0,"121":0,"122":0,"123":0,"124":0,"125":0,"126":0,"127":0,"128":0,"129":0,"130":0,"131":0,"132":0,"133":0,"134":0,"135":0,"136":0,"137":0,"138":0,"139":0},"f":{"0":0,"1":0,"2":0,"3":0,"4":0,"5":0,"6":0,"7":0,"8":0,"9":0,"10":0,"11":0,"12":0,"13":0,"14":0,"15":0,"16":0,"17":0,"18":0,"19":0,"20":0,"21":0,"22":0,"23":0,"24":0,"25":0,"26":0,"27":0,"28":0,"29":0,"30":0,"31":0,"32":0,"33":0,"34":0,"35":0,"36":0,"37":0,"38":0,"39":0,"40":0,"41":0,"42":0,"43":0},"b":{"0":[0,0],"1":[0],"2":[0],"3":[0],"4":[0],"5":[0],"6":[0],"7":[0]}}
,"E:\\LAB_AGOSTO\\ORACLE_HALT_ALEPH_VERSION\\vscode-alephscript-extension\\src\\configEditor.ts": {"path":"E:\\LAB_AGOSTO\\ORACLE_HALT_ALEPH_VERSION\\vscode-alephscript-extension\\src\\configEditor.ts","statementMap":{"0":{"start":{"line":1,"column":0},"end":{"line":1,"column":33}},"1":{"start":{"line":2,"column":0},"end":{"line":2,"column":25}},"2":{"start":{"line":8,"column":33},"end":{"line":8,"column":57}},"3":{"start":{"line":11,"column":8},"end":{"line":14,"column":9}},"4":{"start":{"line":12,"column":12},"end":{"line":12,"column":32}},"5":{"start":{"line":13,"column":12},"end":{"line":13,"column":19}},"6":{"start":{"line":16,"column":8},"end":{"line":24,"column":10}},"7":{"start":{"line":26,"column":8},"end":{"line":26,"column":59}},"8":{"start":{"line":28,"column":8},"end":{"line":30,"column":11}},"9":{"start":{"line":29,"column":12},"end":{"line":29,"column":35}},"10":{"start":{"line":33,"column":8},"end":{"line":47,"column":10}},"11":{"start":{"line":35,"column":16},"end":{"line":45,"column":17}},"12":{"start":{"line":37,"column":24},"end":{"line":37,"column":42}},"13":{"start":{"line":38,"column":24},"end":{"line":38,"column":30}},"14":{"start":{"line":40,"column":24},"end":{"line":40,"column":56}},"15":{"start":{"line":41,"column":24},"end":{"line":41,"column":30}},"16":{"start":{"line":43,"column":24},"end":{"line":43,"column":48}},"17":{"start":{"line":44,"column":24},"end":{"line":44,"column":30}},"18":{"start":{"line":51,"column":8},"end":{"line":75,"column":9}},"19":{"start":{"line":52,"column":27},"end":{"line":52,"column":80}},"20":{"start":{"line":53,"column":31},"end":{"line":53,"column":63}},"21":{"start":{"line":55,"column":12},"end":{"line":69,"column":13}},"22":{"start":{"line":56,"column":38},"end":{"line":56,"column":73}},"23":{"start":{"line":57,"column":35},"end":{"line":57,"column":60}},"24":{"start":{"line":59,"column":16},"end":{"line":63,"column":19}},"25":{"start":{"line":65,"column":16},"end":{"line":68,"column":19}},"26":{"start":{"line":71,"column":12},"end":{"line":74,"column":15}},"27":{"start":{"line":79,"column":8},"end":{"line":99,"column":9}},"28":{"start":{"line":80,"column":27},"end":{"line":80,"column":80}},"29":{"start":{"line":81,"column":31},"end":{"line":81,"column":63}},"30":{"start":{"line":83,"column":12},"end":{"line":92,"column":13}},"31":{"start":{"line":84,"column":16},"end":{"line":84,"column":82}},"32":{"start":{"line":85,"column":16},"end":{"line":85,"column":89}},"33":{"start":{"line":87,"column":16},"end":{"line":89,"column":19}},"34":{"start":{"line":91,"column":16},"end":{"line":91,"column":65}},"35":{"start":{"line":94,"column":12},"end":{"line":94,"column":78}},"36":{"start":{"line":95,"column":12},"end":{"line":98,"column":15}},"37":{"start":{"line":103,"column":23},"end":{"line":110,"column":10}},"38":{"start":{"line":112,"column":8},"end":{"line":116,"column":9}},"39":{"start":{"line":113,"column":27},"end":{"line":113,"column":80}},"40":{"start":{"line":114,"column":12},"end":{"line":114,"column":102}},"41":{"start":{"line":115,"column":12},"end":{"line":115,"column":30}},"42":{"start":{"line":120,"column":8},"end":{"line":422,"column":17}},"43":{"start":{"line":5,"column":0},"end":{"line":5,"column":13}}},"fnMap":{"0":{"name":"(anonymous_9)","decl":{"start":{"line":8,"column":4},"end":{"line":8,"column":33}},"loc":{"start":{"line":8,"column":57},"end":{"line":8,"column":61}}},"1":{"name":"(anonymous_10)","decl":{"start":{"line":10,"column":11},"end":{"line":10,"column":28}},"loc":{"start":{"line":10,"column":28},"end":{"line":48,"column":5}}},"2":{"name":"(anonymous_11)","decl":{"start":{"line":28,"column":32},"end":{"line":28,"column":35}},"loc":{"start":{"line":28,"column":37},"end":{"line":30,"column":9}}},"3":{"name":"(anonymous_12)","decl":{"start":{"line":34,"column":12},"end":{"line":34,"column":19}},"loc":{"start":{"line":34,"column":22},"end":{"line":46,"column":13}}},"4":{"name":"(anonymous_13)","decl":{"start":{"line":50,"column":12},"end":{"line":50,"column":17}},"loc":{"start":{"line":50,"column":28},"end":{"line":76,"column":5}}},"5":{"name":"(anonymous_14)","decl":{"start":{"line":78,"column":12},"end":{"line":78,"column":17}},"loc":{"start":{"line":78,"column":44},"end":{"line":100,"column":5}}},"6":{"name":"(anonymous_15)","decl":{"start":{"line":102,"column":12},"end":{"line":102,"column":17}},"loc":{"start":{"line":102,"column":34},"end":{"line":117,"column":5}}},"7":{"name":"(anonymous_16)","decl":{"start":{"line":119,"column":12},"end":{"line":119,"column":29}},"loc":{"start":{"line":119,"column":29},"end":{"line":423,"column":5}}}},"branchMap":{"0":{"loc":{"start":{"line":11,"column":8},"end":{"line":14,"column":9}},"type":"if","locations":[{"start":{"line":11,"column":8},"end":{"line":14,"column":9}}]},"1":{"loc":{"start":{"line":35,"column":16},"end":{"line":45,"column":17}},"type":"switch","locations":[{"start":{"line":36,"column":20},"end":{"line":38,"column":30}},{"start":{"line":39,"column":20},"end":{"line":41,"column":30}},{"start":{"line":42,"column":20},"end":{"line":44,"column":30}}]},"2":{"loc":{"start":{"line":55,"column":12},"end":{"line":69,"column":13}},"type":"if","locations":[{"start":{"line":55,"column":12},"end":{"line":69,"column":13}},{"start":{"line":64,"column":19},"end":{"line":69,"column":13}}]},"3":{"loc":{"start":{"line":55,"column":16},"end":{"line":55,"column":55}},"type":"binary-expr","locations":[{"start":{"line":55,"column":16},"end":{"line":55,"column":26}},{"start":{"line":55,"column":30},"end":{"line":55,"column":55}}]},"4":{"loc":{"start":{"line":83,"column":12},"end":{"line":92,"column":13}},"type":"if","locations":[{"start":{"line":83,"column":12},"end":{"line":92,"column":13}},{"start":{"line":90,"column":19},"end":{"line":92,"column":13}}]},"5":{"loc":{"start":{"line":112,"column":8},"end":{"line":116,"column":9}},"type":"if","locations":[{"start":{"line":112,"column":8},"end":{"line":116,"column":9}}]},"6":{"loc":{"start":{"line":112,"column":12},"end":{"line":112,"column":31}},"type":"binary-expr","locations":[{"start":{"line":112,"column":12},"end":{"line":112,"column":18}},{"start":{"line":112,"column":22},"end":{"line":112,"column":31}}]}},"s":{"0":0,"1":0,"2":0,"3":0,"4":0,"5":0,"6":0,"7":0,"8":0,"9":0,"10":0,"11":0,"12":0,"13":0,"14":0,"15":0,"16":0,"17":0,"18":0,"19":0,"20":0,"21":0,"22":0,"23":0,"24":0,"25":0,"26":0,"27":0,"28":0,"29":0,"30":0,"31":0,"32":0,"33":0,"34":0,"35":0,"36":0,"37":0,"38":0,"39":0,"40":0,"41":0,"42":0,"43":0},"f":{"0":0,"1":0,"2":0,"3":0,"4":0,"5":0,"6":0,"7":0},"b":{"0":[0],"1":[0,0,0],"2":[0,0],"3":[0,0],"4":[0,0],"5":[0],"6":[0,0]}}
,"E:\\LAB_AGOSTO\\ORACLE_HALT_ALEPH_VERSION\\vscode-alephscript-extension\\src\\extension.ts": {"path":"E:\\LAB_AGOSTO\\ORACLE_HALT_ALEPH_VERSION\\vscode-alephscript-extension\\src\\extension.ts","statementMap":{"0":{"start":{"line":10,"column":0},"end":{"line":10,"column":7}},"1":{"start":{"line":32,"column":0},"end":{"line":32,"column":7}},"2":{"start":{"line":1,"column":0},"end":{"line":1,"column":33}},"3":{"start":{"line":2,"column":0},"end":{"line":2,"column":63}},"4":{"start":{"line":11,"column":4},"end":{"line":11,"column":58}},"5":{"start":{"line":13,"column":4},"end":{"line":26,"column":5}},"6":{"start":{"line":15,"column":8},"end":{"line":15,"column":62}},"7":{"start":{"line":18,"column":8},"end":{"line":18,"column":53}},"8":{"start":{"line":20,"column":8},"end":{"line":20,"column":69}},"9":{"start":{"line":23,"column":8},"end":{"line":23,"column":74}},"10":{"start":{"line":24,"column":8},"end":{"line":24,"column":93}},"11":{"start":{"line":25,"column":8},"end":{"line":25,"column":20}},"12":{"start":{"line":33,"column":4},"end":{"line":33,"column":60}},"13":{"start":{"line":35,"column":4},"end":{"line":46,"column":5}},"14":{"start":{"line":36,"column":8},"end":{"line":39,"column":9}},"15":{"start":{"line":37,"column":12},"end":{"line":37,"column":47}},"16":{"start":{"line":38,"column":12},"end":{"line":38,"column":43}},"17":{"start":{"line":41,"column":8},"end":{"line":41,"column":71}},"18":{"start":{"line":44,"column":8},"end":{"line":44,"column":69}},"19":{"start":{"line":45,"column":8},"end":{"line":45,"column":20}}},"fnMap":{"0":{"name":"activate","decl":{"start":{"line":10,"column":22},"end":{"line":10,"column":30}},"loc":{"start":{"line":10,"column":63},"end":{"line":27,"column":1}}},"1":{"name":"deactivate","decl":{"start":{"line":32,"column":22},"end":{"line":32,"column":32}},"loc":{"start":{"line":32,"column":32},"end":{"line":47,"column":1}}}},"branchMap":{"0":{"loc":{"start":{"line":36,"column":8},"end":{"line":39,"column":9}},"type":"if","locations":[{"start":{"line":36,"column":8},"end":{"line":39,"column":9}}]}},"s":{"0":0,"1":0,"2":0,"3":0,"4":0,"5":0,"6":0,"7":0,"8":0,"9":0,"10":0,"11":0,"12":0,"13":0,"14":0,"15":0,"16":0,"17":0,"18":0,"19":0},"f":{"0":0,"1":0},"b":{"0":[0]}}
,"E:\\LAB_AGOSTO\\ORACLE_HALT_ALEPH_VERSION\\vscode-alephscript-extension\\src\\loggingManager.ts": {"path":"E:\\LAB_AGOSTO\\ORACLE_HALT_ALEPH_VERSION\\vscode-alephscript-extension\\src\\loggingManager.ts","statementMap":{"0":{"start":{"line":355,"column":0},"end":{"line":355,"column":16}},"1":{"start":{"line":1,"column":0},"end":{"line":1,"column":33}},"2":{"start":{"line":3,"column":0},"end":{"line":3,"column":null}},"3":{"start":{"line":4,"column":4},"end":{"line":4,"column":null}},"4":{"start":{"line":5,"column":4},"end":{"line":5,"column":null}},"5":{"start":{"line":6,"column":4},"end":{"line":6,"column":null}},"6":{"start":{"line":7,"column":4},"end":{"line":7,"column":null}},"7":{"start":{"line":8,"column":4},"end":{"line":8,"column":null}},"8":{"start":{"line":11,"column":0},"end":{"line":11,"column":null}},"9":{"start":{"line":12,"column":4},"end":{"line":12,"column":null}},"10":{"start":{"line":13,"column":4},"end":{"line":13,"column":null}},"11":{"start":{"line":14,"column":4},"end":{"line":14,"column":null}},"12":{"start":{"line":15,"column":4},"end":{"line":15,"column":null}},"13":{"start":{"line":16,"column":4},"end":{"line":16,"column":null}},"14":{"start":{"line":17,"column":4},"end":{"line":17,"column":null}},"15":{"start":{"line":18,"column":4},"end":{"line":18,"column":null}},"16":{"start":{"line":19,"column":4},"end":{"line":19,"column":null}},"17":{"start":{"line":20,"column":4},"end":{"line":20,"column":null}},"18":{"start":{"line":42,"column":12},"end":{"line":42,"column":88}},"19":{"start":{"line":43,"column":12},"end":{"line":43,"column":40}},"20":{"start":{"line":44,"column":12},"end":{"line":44,"column":42}},"21":{"start":{"line":45,"column":12},"end":{"line":45,"column":54}},"22":{"start":{"line":46,"column":12},"end":{"line":46,"column":86}},"23":{"start":{"line":47,"column":12},"end":{"line":53,"column":6}},"24":{"start":{"line":56,"column":8},"end":{"line":56,"column":40}},"25":{"start":{"line":57,"column":8},"end":{"line":57,"column":33}},"26":{"start":{"line":60,"column":8},"end":{"line":64,"column":11}},"27":{"start":{"line":61,"column":12},"end":{"line":63,"column":13}},"28":{"start":{"line":62,"column":16},"end":{"line":62,"column":41}},"29":{"start":{"line":68,"column":8},"end":{"line":70,"column":9}},"30":{"start":{"line":69,"column":12},"end":{"line":69,"column":59}},"31":{"start":{"line":71,"column":8},"end":{"line":71,"column":39}},"32":{"start":{"line":76,"column":8},"end":{"line":76,"column":101}},"33":{"start":{"line":79,"column":8},"end":{"line":79,"column":113}},"34":{"start":{"line":80,"column":8},"end":{"line":80,"column":115}},"35":{"start":{"line":81,"column":8},"end":{"line":81,"column":116}},"36":{"start":{"line":82,"column":8},"end":{"line":82,"column":113}},"37":{"start":{"line":83,"column":8},"end":{"line":83,"column":114}},"38":{"start":{"line":84,"column":8},"end":{"line":84,"column":118}},"39":{"start":{"line":85,"column":8},"end":{"line":85,"column":103}},"40":{"start":{"line":86,"column":8},"end":{"line":86,"column":117}},"41":{"start":{"line":90,"column":23},"end":{"line":90,"column":79}},"42":{"start":{"line":92,"column":8},"end":{"line":92,"column":79}},"43":{"start":{"line":94,"column":28},"end":{"line":94,"column":97}},"44":{"start":{"line":95,"column":8},"end":{"line":95,"column":71}},"45":{"start":{"line":97,"column":8},"end":{"line":103,"column":10}},"46":{"start":{"line":105,"column":8},"end":{"line":105,"column":60}},"47":{"start":{"line":109,"column":8},"end":{"line":116,"column":9}},"48":{"start":{"line":110,"column":26},"end":{"line":110,"column":48}},"49":{"start":{"line":111,"column":25},"end":{"line":111,"column":46}},"50":{"start":{"line":112,"column":25},"end":{"line":112,"column":46}},"51":{"start":{"line":113,"column":26},"end":{"line":113,"column":48}},"52":{"start":{"line":114,"column":26},"end":{"line":114,"column":48}},"53":{"start":{"line":115,"column":21},"end":{"line":115,"column":42}},"54":{"start":{"line":120,"column":8},"end":{"line":120,"column":37}},"55":{"start":{"line":127,"column":8},"end":{"line":127,"column":57}},"56":{"start":{"line":131,"column":8},"end":{"line":131,"column":53}},"57":{"start":{"line":135,"column":8},"end":{"line":139,"column":9}},"58":{"start":{"line":136,"column":12},"end":{"line":136,"column":52}},"59":{"start":{"line":138,"column":12},"end":{"line":138,"column":49}},"60":{"start":{"line":144,"column":8},"end":{"line":146,"column":9}},"61":{"start":{"line":145,"column":12},"end":{"line":145,"column":19}},"62":{"start":{"line":148,"column":35},"end":{"line":155,"column":10}},"63":{"start":{"line":158,"column":8},"end":{"line":158,"column":39}},"64":{"start":{"line":161,"column":8},"end":{"line":163,"column":9}},"65":{"start":{"line":162,"column":12},"end":{"line":162,"column":73}},"66":{"start":{"line":166,"column":33},"end":{"line":166,"column":64}},"67":{"start":{"line":169,"column":28},"end":{"line":169,"column":59}},"68":{"start":{"line":170,"column":8},"end":{"line":170,"column":50}},"69":{"start":{"line":173,"column":32},"end":{"line":173,"column":65}},"70":{"start":{"line":174,"column":8},"end":{"line":174,"column":54}},"71":{"start":{"line":178,"column":32},"end":{"line":178,"column":34}},"72":{"start":{"line":180,"column":8},"end":{"line":183,"column":9}},"73":{"start":{"line":181,"column":30},"end":{"line":181,"column":76}},"74":{"start":{"line":182,"column":12},"end":{"line":182,"column":41}},"75":{"start":{"line":185,"column":8},"end":{"line":188,"column":9}},"76":{"start":{"line":186,"column":30},"end":{"line":186,"column":51}},"77":{"start":{"line":187,"column":12},"end":{"line":187,"column":41}},"78":{"start":{"line":190,"column":8},"end":{"line":192,"column":9}},"79":{"start":{"line":191,"column":12},"end":{"line":191,"column":60}},"80":{"start":{"line":194,"column":8},"end":{"line":196,"column":9}},"81":{"start":{"line":195,"column":12},"end":{"line":195,"column":44}},"82":{"start":{"line":198,"column":8},"end":{"line":198,"column":34}},"83":{"start":{"line":200,"column":24},"end":{"line":200,"column":39}},"84":{"start":{"line":203,"column":8},"end":{"line":205,"column":9}},"85":{"start":{"line":204,"column":12},"end":{"line":204,"column":76}},"86":{"start":{"line":207,"column":8},"end":{"line":207,"column":25}},"87":{"start":{"line":212,"column":8},"end":{"line":212,"column":66}},"88":{"start":{"line":216,"column":8},"end":{"line":216,"column":65}},"89":{"start":{"line":220,"column":8},"end":{"line":220,"column":65}},"90":{"start":{"line":224,"column":8},"end":{"line":224,"column":66}},"91":{"start":{"line":228,"column":8},"end":{"line":228,"column":66}},"92":{"start":{"line":233,"column":24},"end":{"line":233,"column":57}},"93":{"start":{"line":234,"column":8},"end":{"line":234,"column":24}},"94":{"start":{"line":238,"column":24},"end":{"line":238,"column":57}},"95":{"start":{"line":239,"column":8},"end":{"line":239,"column":25}},"96":{"start":{"line":243,"column":8},"end":{"line":245,"column":9}},"97":{"start":{"line":244,"column":12},"end":{"line":244,"column":28}},"98":{"start":{"line":246,"column":8},"end":{"line":246,"column":29}},"99":{"start":{"line":255,"column":8},"end":{"line":260,"column":11}},"100":{"start":{"line":256,"column":12},"end":{"line":256,"column":70}},"101":{"start":{"line":256,"column":57},"end":{"line":256,"column":70}},"102":{"start":{"line":257,"column":12},"end":{"line":257,"column":73}},"103":{"start":{"line":257,"column":60},"end":{"line":257,"column":73}},"104":{"start":{"line":258,"column":12},"end":{"line":258,"column":73}},"105":{"start":{"line":258,"column":60},"end":{"line":258,"column":73}},"106":{"start":{"line":259,"column":12},"end":{"line":259,"column":24}},"107":{"start":{"line":264,"column":24},"end":{"line":272,"column":10}},"108":{"start":{"line":274,"column":24},"end":{"line":274,"column":56}},"109":{"start":{"line":276,"column":8},"end":{"line":293,"column":9}},"110":{"start":{"line":277,"column":12},"end":{"line":277,"column":83}},"111":{"start":{"line":279,"column":31},"end":{"line":281,"column":null}},"112":{"start":{"line":284,"column":32},"end":{"line":287,"column":14}},"113":{"start":{"line":289,"column":12},"end":{"line":292,"column":13}},"114":{"start":{"line":290,"column":16},"end":{"line":290,"column":95}},"115":{"start":{"line":291,"column":16},"end":{"line":291,"column":96}},"116":{"start":{"line":298,"column":22},"end":{"line":304,"column":10}},"117":{"start":{"line":307,"column":8},"end":{"line":311,"column":9}},"118":{"start":{"line":308,"column":30},"end":{"line":308,"column":51}},"119":{"start":{"line":309,"column":12},"end":{"line":309,"column":89}},"120":{"start":{"line":310,"column":12},"end":{"line":310,"column":105}},"121":{"start":{"line":313,"column":8},"end":{"line":313,"column":21}},"122":{"start":{"line":317,"column":8},"end":{"line":319,"column":9}},"123":{"start":{"line":318,"column":12},"end":{"line":318,"column":30}},"124":{"start":{"line":320,"column":8},"end":{"line":320,"column":36}},"125":{"start":{"line":321,"column":8},"end":{"line":321,"column":29}},"126":{"start":{"line":40,"column":0},"end":{"line":40,"column":13}},"127":{"start":{"line":328,"column":16},"end":{"line":328,"column":37}},"128":{"start":{"line":329,"column":16},"end":{"line":329,"column":31}},"129":{"start":{"line":330,"column":16},"end":{"line":330,"column":49}},"130":{"start":{"line":334,"column":8},"end":{"line":334,"column":77}},"131":{"start":{"line":338,"column":8},"end":{"line":338,"column":76}},"132":{"start":{"line":342,"column":8},"end":{"line":342,"column":76}},"133":{"start":{"line":346,"column":8},"end":{"line":346,"column":77}},"134":{"start":{"line":350,"column":8},"end":{"line":350,"column":77}},"135":{"start":{"line":326,"column":0},"end":{"line":326,"column":13}},"136":{"start":{"line":356,"column":4},"end":{"line":356,"column":48}}},"fnMap":{"0":{"name":"(anonymous_9)","decl":{"start":{"line":3,"column":0},"end":{"line":3,"column":12}},"loc":{"start":{"line":3,"column":20},"end":{"line":9,"column":1}}},"1":{"name":"(anonymous_10)","decl":{"start":{"line":11,"column":0},"end":{"line":11,"column":12}},"loc":{"start":{"line":11,"column":23},"end":{"line":21,"column":1}}},"2":{"name":"(anonymous_11)","decl":{"start":{"line":55,"column":4},"end":{"line":55,"column":null}},"loc":{"start":{"line":55,"column":4},"end":{"line":65,"column":5}}},"3":{"name":"(anonymous_12)","decl":{"start":{"line":60,"column":50},"end":{"line":60,"column":51}},"loc":{"start":{"line":60,"column":60},"end":{"line":64,"column":9}}},"4":{"name":"(anonymous_13)","decl":{"start":{"line":67,"column":11},"end":{"line":67,"column":17}},"loc":{"start":{"line":67,"column":29},"end":{"line":72,"column":5}}},"5":{"name":"(anonymous_14)","decl":{"start":{"line":74,"column":12},"end":{"line":74,"column":36}},"loc":{"start":{"line":74,"column":36},"end":{"line":87,"column":5}}},"6":{"name":"(anonymous_15)","decl":{"start":{"line":89,"column":12},"end":{"line":89,"column":29}},"loc":{"start":{"line":89,"column":29},"end":{"line":106,"column":5}}},"7":{"name":"(anonymous_16)","decl":{"start":{"line":108,"column":12},"end":{"line":108,"column":25}},"loc":{"start":{"line":108,"column":39},"end":{"line":117,"column":5}}},"8":{"name":"(anonymous_17)","decl":{"start":{"line":119,"column":11},"end":{"line":119,"column":22}},"loc":{"start":{"line":119,"column":38},"end":{"line":121,"column":5}}},"9":{"name":"(anonymous_18)","decl":{"start":{"line":126,"column":11},"end":{"line":126,"column":32}},"loc":{"start":{"line":126,"column":46},"end":{"line":128,"column":5}}},"10":{"name":"(anonymous_19)","decl":{"start":{"line":130,"column":11},"end":{"line":130,"column":31}},"loc":{"start":{"line":130,"column":57},"end":{"line":132,"column":5}}},"11":{"name":"(anonymous_20)","decl":{"start":{"line":134,"column":11},"end":{"line":134,"column":25}},"loc":{"start":{"line":134,"column":47},"end":{"line":140,"column":5}}},"12":{"name":"(anonymous_21)","decl":{"start":{"line":142,"column":11},"end":{"line":142,"column":14}},"loc":{"start":{"line":142,"column":99},"end":{"line":175,"column":5}}},"13":{"name":"(anonymous_22)","decl":{"start":{"line":177,"column":12},"end":{"line":177,"column":28}},"loc":{"start":{"line":177,"column":44},"end":{"line":208,"column":5}}},"14":{"name":"(anonymous_23)","decl":{"start":{"line":211,"column":11},"end":{"line":211,"column":16}},"loc":{"start":{"line":211,"column":84},"end":{"line":213,"column":5}}},"15":{"name":"(anonymous_24)","decl":{"start":{"line":215,"column":11},"end":{"line":215,"column":15}},"loc":{"start":{"line":215,"column":83},"end":{"line":217,"column":5}}},"16":{"name":"(anonymous_25)","decl":{"start":{"line":219,"column":11},"end":{"line":219,"column":15}},"loc":{"start":{"line":219,"column":83},"end":{"line":221,"column":5}}},"17":{"name":"(anonymous_26)","decl":{"start":{"line":223,"column":11},"end":{"line":223,"column":16}},"loc":{"start":{"line":223,"column":84},"end":{"line":225,"column":5}}},"18":{"name":"(anonymous_27)","decl":{"start":{"line":227,"column":11},"end":{"line":227,"column":16}},"loc":{"start":{"line":227,"column":84},"end":{"line":229,"column":5}}},"19":{"name":"(anonymous_28)","decl":{"start":{"line":232,"column":11},"end":{"line":232,"column":22}},"loc":{"start":{"line":232,"column":53},"end":{"line":235,"column":5}}},"20":{"name":"(anonymous_29)","decl":{"start":{"line":237,"column":11},"end":{"line":237,"column":23}},"loc":{"start":{"line":237,"column":54},"end":{"line":240,"column":5}}},"21":{"name":"(anonymous_30)","decl":{"start":{"line":242,"column":11},"end":{"line":242,"column":27}},"loc":{"start":{"line":242,"column":27},"end":{"line":247,"column":5}}},"22":{"name":"(anonymous_31)","decl":{"start":{"line":250,"column":11},"end":{"line":250,"column":24}},"loc":{"start":{"line":253,"column":20},"end":{"line":261,"column":5}}},"23":{"name":"(anonymous_32)","decl":{"start":{"line":255,"column":38},"end":{"line":255,"column":43}},"loc":{"start":{"line":255,"column":46},"end":{"line":260,"column":9}}},"24":{"name":"(anonymous_33)","decl":{"start":{"line":263,"column":11},"end":{"line":263,"column":16}},"loc":{"start":{"line":263,"column":44},"end":{"line":294,"column":5}}},"25":{"name":"(anonymous_34)","decl":{"start":{"line":297,"column":11},"end":{"line":297,"column":22}},"loc":{"start":{"line":297,"column":22},"end":{"line":314,"column":5}}},"26":{"name":"(anonymous_35)","decl":{"start":{"line":316,"column":11},"end":{"line":316,"column":18}},"loc":{"start":{"line":316,"column":18},"end":{"line":322,"column":5}}},"27":{"name":"(anonymous_36)","decl":{"start":{"line":327,"column":4},"end":{"line":327,"column":null}},"loc":{"start":{"line":330,"column":77},"end":{"line":331,"column":8}}},"28":{"name":"(anonymous_37)","decl":{"start":{"line":333,"column":4},"end":{"line":333,"column":9}},"loc":{"start":{"line":333,"column":37},"end":{"line":335,"column":5}}},"29":{"name":"(anonymous_38)","decl":{"start":{"line":337,"column":4},"end":{"line":337,"column":8}},"loc":{"start":{"line":337,"column":36},"end":{"line":339,"column":5}}},"30":{"name":"(anonymous_39)","decl":{"start":{"line":341,"column":4},"end":{"line":341,"column":8}},"loc":{"start":{"line":341,"column":36},"end":{"line":343,"column":5}}},"31":{"name":"(anonymous_40)","decl":{"start":{"line":345,"column":4},"end":{"line":345,"column":9}},"loc":{"start":{"line":345,"column":37},"end":{"line":347,"column":5}}},"32":{"name":"(anonymous_41)","decl":{"start":{"line":349,"column":4},"end":{"line":349,"column":9}},"loc":{"start":{"line":349,"column":37},"end":{"line":351,"column":5}}},"33":{"name":"createLogger","decl":{"start":{"line":355,"column":16},"end":{"line":355,"column":28}},"loc":{"start":{"line":355,"column":67},"end":{"line":357,"column":1}}}},"branchMap":{"0":{"loc":{"start":{"line":3,"column":12},"end":{"line":3,"column":null}},"type":"binary-expr","locations":[{"start":{"line":3,"column":12},"end":{"line":3,"column":20}},{"start":{"line":3,"column":20},"end":{"line":3,"column":null}}]},"1":{"loc":{"start":{"line":11,"column":12},"end":{"line":11,"column":null}},"type":"binary-expr","locations":[{"start":{"line":11,"column":12},"end":{"line":11,"column":23}},{"start":{"line":11,"column":23},"end":{"line":11,"column":null}}]},"2":{"loc":{"start":{"line":61,"column":12},"end":{"line":63,"column":13}},"type":"if","locations":[{"start":{"line":61,"column":12},"end":{"line":63,"column":13}}]},"3":{"loc":{"start":{"line":68,"column":8},"end":{"line":70,"column":9}},"type":"if","locations":[{"start":{"line":68,"column":8},"end":{"line":70,"column":9}}]},"4":{"loc":{"start":{"line":109,"column":8},"end":{"line":116,"column":9}},"type":"switch","locations":[{"start":{"line":110,"column":12},"end":{"line":110,"column":48}},{"start":{"line":111,"column":12},"end":{"line":111,"column":46}},{"start":{"line":112,"column":12},"end":{"line":112,"column":46}},{"start":{"line":113,"column":12},"end":{"line":113,"column":48}},{"start":{"line":114,"column":12},"end":{"line":114,"column":48}},{"start":{"line":115,"column":12},"end":{"line":115,"column":42}}]},"5":{"loc":{"start":{"line":135,"column":8},"end":{"line":139,"column":9}},"type":"if","locations":[{"start":{"line":135,"column":8},"end":{"line":139,"column":9}},{"start":{"line":137,"column":15},"end":{"line":139,"column":9}}]},"6":{"loc":{"start":{"line":144,"column":8},"end":{"line":146,"column":9}},"type":"if","locations":[{"start":{"line":144,"column":8},"end":{"line":146,"column":9}}]},"7":{"loc":{"start":{"line":144,"column":12},"end":{"line":144,"column":81}},"type":"binary-expr","locations":[{"start":{"line":144,"column":12},"end":{"line":144,"column":40}},{"start":{"line":144,"column":44},"end":{"line":144,"column":81}}]},"8":{"loc":{"start":{"line":161,"column":8},"end":{"line":163,"column":9}},"type":"if","locations":[{"start":{"line":161,"column":8},"end":{"line":163,"column":9}}]},"9":{"loc":{"start":{"line":180,"column":8},"end":{"line":183,"column":9}},"type":"if","locations":[{"start":{"line":180,"column":8},"end":{"line":183,"column":9}}]},"10":{"loc":{"start":{"line":185,"column":8},"end":{"line":188,"column":9}},"type":"if","locations":[{"start":{"line":185,"column":8},"end":{"line":188,"column":9}}]},"11":{"loc":{"start":{"line":190,"column":8},"end":{"line":192,"column":9}},"type":"if","locations":[{"start":{"line":190,"column":8},"end":{"line":192,"column":9}}]},"12":{"loc":{"start":{"line":194,"column":8},"end":{"line":196,"column":9}},"type":"if","locations":[{"start":{"line":194,"column":8},"end":{"line":196,"column":9}}]},"13":{"loc":{"start":{"line":194,"column":12},"end":{"line":194,"column":57}},"type":"binary-expr","locations":[{"start":{"line":194,"column":12},"end":{"line":194,"column":41}},{"start":{"line":194,"column":45},"end":{"line":194,"column":57}}]},"14":{"loc":{"start":{"line":203,"column":8},"end":{"line":205,"column":9}},"type":"if","locations":[{"start":{"line":203,"column":8},"end":{"line":205,"column":9}}]},"15":{"loc":{"start":{"line":256,"column":12},"end":{"line":256,"column":70}},"type":"if","locations":[{"start":{"line":256,"column":12},"end":{"line":256,"column":70}}]},"16":{"loc":{"start":{"line":256,"column":16},"end":{"line":256,"column":55}},"type":"binary-expr","locations":[{"start":{"line":256,"column":16},"end":{"line":256,"column":24}},{"start":{"line":256,"column":28},"end":{"line":256,"column":55}}]},"17":{"loc":{"start":{"line":257,"column":12},"end":{"line":257,"column":73}},"type":"if","locations":[{"start":{"line":257,"column":12},"end":{"line":257,"column":73}}]},"18":{"loc":{"start":{"line":257,"column":16},"end":{"line":257,"column":58}},"type":"binary-expr","locations":[{"start":{"line":257,"column":16},"end":{"line":257,"column":35}},{"start":{"line":257,"column":39},"end":{"line":257,"column":58}}]},"19":{"loc":{"start":{"line":258,"column":12},"end":{"line":258,"column":73}},"type":"if","locations":[{"start":{"line":258,"column":12},"end":{"line":258,"column":73}}]},"20":{"loc":{"start":{"line":258,"column":16},"end":{"line":258,"column":58}},"type":"binary-expr","locations":[{"start":{"line":258,"column":16},"end":{"line":258,"column":21}},{"start":{"line":258,"column":25},"end":{"line":258,"column":58}}]},"21":{"loc":{"start":{"line":276,"column":8},"end":{"line":293,"column":9}},"type":"if","locations":[{"start":{"line":276,"column":8},"end":{"line":293,"column":9}},{"start":{"line":278,"column":15},"end":{"line":293,"column":9}}]},"22":{"loc":{"start":{"line":280,"column":16},"end":{"line":280,"column":83}},"type":"binary-expr","locations":[{"start":{"line":280,"column":16},"end":{"line":280,"column":59}},{"start":{"line":280,"column":63},"end":{"line":280,"column":83}}]},"23":{"loc":{"start":{"line":289,"column":12},"end":{"line":292,"column":13}},"type":"if","locations":[{"start":{"line":289,"column":12},"end":{"line":292,"column":13}}]},"24":{"loc":{"start":{"line":309,"column":47},"end":{"line":309,"column":83}},"type":"binary-expr","locations":[{"start":{"line":309,"column":47},"end":{"line":309,"column":78}},{"start":{"line":309,"column":82},"end":{"line":309,"column":83}}]},"25":{"loc":{"start":{"line":310,"column":55},"end":{"line":310,"column":99}},"type":"binary-expr","locations":[{"start":{"line":310,"column":55},"end":{"line":310,"column":94}},{"start":{"line":310,"column":98},"end":{"line":310,"column":99}}]},"26":{"loc":{"start":{"line":330,"column":16},"end":{"line":330,"column":77}},"type":"default-arg","locations":[{"start":{"line":330,"column":49},"end":{"line":330,"column":77}}]}},"s":{"0":0,"1":0,"2":0,"3":0,"4":0,"5":0,"6":0,"7":0,"8":0,"9":0,"10":0,"11":0,"12":0,"13":0,"14":0,"15":0,"16":0,"17":0,"18":0,"19":0,"20":0,"21":0,"22":0,"23":0,"24":0,"25":0,"26":0,"27":0,"28":0,"29":0,"30":0,"31":0,"32":0,"33":0,"34":0,"35":0,"36":0,"37":0,"38":0,"39":0,"40":0,"41":0,"42":0,"43":0,"44":0,"45":0,"46":0,"47":0,"48":0,"49":0,"50":0,"51":0,"52":0,"53":0,"54":0,"55":0,"56":0,"57":0,"58":0,"59":0,"60":0,"61":0,"62":0,"63":0,"64":0,"65":0,"66":0,"67":0,"68":0,"69":0,"70":0,"71":0,"72":0,"73":0,"74":0,"75":0,"76":0,"77":0,"78":0,"79":0,"80":0,"81":0,"82":0,"83":0,"84":0,"85":0,"86":0,"87":0,"88":0,"89":0,"90":0,"91":0,"92":0,"93":0,"94":0,"95":0,"96":0,"97":0,"98":0,"99":0,"100":0,"101":0,"102":0,"103":0,"104":0,"105":0,"106":0,"107":0,"108":0,"109":0,"110":0,"111":0,"112":0,"113":0,"114":0,"115":0,"116":0,"117":0,"118":0,"119":0,"120":0,"121":0,"122":0,"123":0,"124":0,"125":0,"126":0,"127":0,"128":0,"129":0,"130":0,"131":0,"132":0,"133":0,"134":0,"135":0,"136":0},"f":{"0":0,"1":0,"2":0,"3":0,"4":0,"5":0,"6":0,"7":0,"8":0,"9":0,"10":0,"11":0,"12":0,"13":0,"14":0,"15":0,"16":0,"17":0,"18":0,"19":0,"20":0,"21":0,"22":0,"23":0,"24":0,"25":0,"26":0,"27":0,"28":0,"29":0,"30":0,"31":0,"32":0,"33":0},"b":{"0":[0,0],"1":[0,0],"2":[0],"3":[0],"4":[0,0,0,0,0,0],"5":[0,0],"6":[0],"7":[0,0],"8":[0],"9":[0],"10":[0],"11":[0],"12":[0],"13":[0,0],"14":[0],"15":[0],"16":[0,0],"17":[0],"18":[0,0],"19":[0],"20":[0,0],"21":[0,0],"22":[0,0],"23":[0],"24":[0,0],"25":[0,0],"26":[0]}}
,"E:\\LAB_AGOSTO\\ORACLE_HALT_ALEPH_VERSION\\vscode-alephscript-extension\\src\\mcpServerManager.ts": {"path":"E:\\LAB_AGOSTO\\ORACLE_HALT_ALEPH_VERSION\\vscode-alephscript-extension\\src\\mcpServerManager.ts","statementMap":{"0":{"start":{"line":1,"column":0},"end":{"line":1,"column":33}},"1":{"start":{"line":15,"column":24},"end":{"line":15,"column":54}},"2":{"start":{"line":13,"column":12},"end":{"line":13,"column":60}},"3":{"start":{"line":18,"column":22},"end":{"line":24,"column":null}},"4":{"start":{"line":27,"column":8},"end":{"line":27,"column":57}},"5":{"start":{"line":29,"column":8},"end":{"line":53,"column":10}},"6":{"start":{"line":31,"column":16},"end":{"line":51,"column":17}},"7":{"start":{"line":33,"column":24},"end":{"line":33,"column":59}},"8":{"start":{"line":34,"column":24},"end":{"line":37,"column":27}},"9":{"start":{"line":38,"column":24},"end":{"line":38,"column":30}},"10":{"start":{"line":40,"column":24},"end":{"line":40,"column":65}},"11":{"start":{"line":41,"column":24},"end":{"line":41,"column":30}},"12":{"start":{"line":43,"column":24},"end":{"line":43,"column":64}},"13":{"start":{"line":44,"column":24},"end":{"line":44,"column":30}},"14":{"start":{"line":46,"column":24},"end":{"line":46,"column":78}},"15":{"start":{"line":47,"column":24},"end":{"line":47,"column":30}},"16":{"start":{"line":49,"column":24},"end":{"line":49,"column":68}},"17":{"start":{"line":50,"column":24},"end":{"line":50,"column":30}},"18":{"start":{"line":56,"column":8},"end":{"line":56,"column":43}},"19":{"start":{"line":57,"column":8},"end":{"line":60,"column":11}},"20":{"start":{"line":64,"column":8},"end":{"line":105,"column":9}},"21":{"start":{"line":65,"column":27},"end":{"line":65,"column":80}},"22":{"start":{"line":66,"column":31},"end":{"line":66,"column":63}},"23":{"start":{"line":68,"column":12},"end":{"line":102,"column":13}},"24":{"start":{"line":69,"column":27},"end":{"line":69,"column":40}},"25":{"start":{"line":70,"column":38},"end":{"line":70,"column":73}},"26":{"start":{"line":71,"column":35},"end":{"line":71,"column":60}},"27":{"start":{"line":73,"column":16},"end":{"line":73,"column":37}},"28":{"start":{"line":75,"column":16},"end":{"line":101,"column":17}},"29":{"start":{"line":77,"column":68},"end":{"line":81,"column":22}},"30":{"start":{"line":83,"column":20},"end":{"line":100,"column":23}},"31":{"start":{"line":84,"column":45},"end":{"line":84,"column":77}},"32":{"start":{"line":85,"column":54},"end":{"line":91,"column":26}},"33":{"start":{"line":93,"column":24},"end":{"line":93,"column":59}},"34":{"start":{"line":96,"column":44},"end":{"line":96,"column":84}},"35":{"start":{"line":97,"column":24},"end":{"line":99,"column":25}},"36":{"start":{"line":98,"column":28},"end":{"line":98,"column":54}},"37":{"start":{"line":104,"column":12},"end":{"line":104,"column":95}},"38":{"start":{"line":109,"column":8},"end":{"line":112,"column":23}},"39":{"start":{"line":111,"column":25},"end":{"line":111,"column":69}},"40":{"start":{"line":116,"column":8},"end":{"line":134,"column":9}},"41":{"start":{"line":117,"column":27},"end":{"line":117,"column":53}},"42":{"start":{"line":118,"column":12},"end":{"line":120,"column":13}},"43":{"start":{"line":119,"column":16},"end":{"line":119,"column":64}},"44":{"start":{"line":122,"column":12},"end":{"line":125,"column":13}},"45":{"start":{"line":123,"column":16},"end":{"line":123,"column":101}},"46":{"start":{"line":124,"column":16},"end":{"line":124,"column":23}},"47":{"start":{"line":127,"column":12},"end":{"line":127,"column":84}},"48":{"start":{"line":128,"column":12},"end":{"line":128,"column":38}},"49":{"start":{"line":130,"column":12},"end":{"line":130,"column":109}},"50":{"start":{"line":133,"column":12},"end":{"line":133,"column":95}},"51":{"start":{"line":138,"column":8},"end":{"line":151,"column":9}},"52":{"start":{"line":139,"column":27},"end":{"line":139,"column":53}},"53":{"start":{"line":140,"column":12},"end":{"line":142,"column":13}},"54":{"start":{"line":141,"column":16},"end":{"line":141,"column":64}},"55":{"start":{"line":144,"column":12},"end":{"line":144,"column":62}},"56":{"start":{"line":145,"column":12},"end":{"line":145,"column":38}},"57":{"start":{"line":147,"column":12},"end":{"line":147,"column":86}},"58":{"start":{"line":150,"column":12},"end":{"line":150,"column":94}},"59":{"start":{"line":155,"column":8},"end":{"line":192,"column":9}},"60":{"start":{"line":156,"column":27},"end":{"line":156,"column":53}},"61":{"start":{"line":157,"column":12},"end":{"line":159,"column":13}},"62":{"start":{"line":158,"column":16},"end":{"line":158,"column":86}},"63":{"start":{"line":162,"column":25},"end":{"line":162,"column":40}},"64":{"start":{"line":163,"column":28},"end":{"line":169,"column":14}},"65":{"start":{"line":171,"column":24},"end":{"line":177,"column":14}},"66":{"start":{"line":172,"column":16},"end":{"line":176,"column":17}},"67":{"start":{"line":173,"column":20},"end":{"line":173,"column":100}},"68":{"start":{"line":175,"column":20},"end":{"line":175,"column":122}},"69":{"start":{"line":179,"column":12},"end":{"line":181,"column":15}},"70":{"start":{"line":180,"column":16},"end":{"line":180,"column":112}},"71":{"start":{"line":183,"column":12},"end":{"line":186,"column":15}},"72":{"start":{"line":184,"column":16},"end":{"line":184,"column":97}},"73":{"start":{"line":185,"column":16},"end":{"line":185,"column":30}},"74":{"start":{"line":188,"column":12},"end":{"line":188,"column":22}},"75":{"start":{"line":191,"column":12},"end":{"line":191,"column":97}},"76":{"start":{"line":196,"column":8},"end":{"line":403,"column":17}},"77":{"start":{"line":12,"column":0},"end":{"line":12,"column":13}}},"fnMap":{"0":{"name":"(anonymous_9)","decl":{"start":{"line":15,"column":4},"end":{"line":15,"column":24}},"loc":{"start":{"line":15,"column":54},"end":{"line":15,"column":58}}},"1":{"name":"(anonymous_10)","decl":{"start":{"line":17,"column":11},"end":{"line":17,"column":16}},"loc":{"start":{"line":17,"column":31},"end":{"line":61,"column":5}}},"2":{"name":"(anonymous_11)","decl":{"start":{"line":30,"column":12},"end":{"line":30,"column":17}},"loc":{"start":{"line":30,"column":28},"end":{"line":52,"column":13}}},"3":{"name":"(anonymous_12)","decl":{"start":{"line":63,"column":12},"end":{"line":63,"column":17}},"loc":{"start":{"line":63,"column":39},"end":{"line":106,"column":5}}},"4":{"name":"(anonymous_13)","decl":{"start":{"line":83,"column":64},"end":{"line":83,"column":65}},"loc":{"start":{"line":83,"column":84},"end":{"line":100,"column":21}}},"5":{"name":"(anonymous_14)","decl":{"start":{"line":108,"column":12},"end":{"line":108,"column":28}},"loc":{"start":{"line":108,"column":45},"end":{"line":113,"column":5}}},"6":{"name":"(anonymous_15)","decl":{"start":{"line":111,"column":17},"end":{"line":111,"column":21}},"loc":{"start":{"line":111,"column":25},"end":{"line":111,"column":69}}},"7":{"name":"(anonymous_16)","decl":{"start":{"line":115,"column":12},"end":{"line":115,"column":17}},"loc":{"start":{"line":115,"column":46},"end":{"line":135,"column":5}}},"8":{"name":"(anonymous_17)","decl":{"start":{"line":137,"column":12},"end":{"line":137,"column":17}},"loc":{"start":{"line":137,"column":45},"end":{"line":152,"column":5}}},"9":{"name":"(anonymous_18)","decl":{"start":{"line":154,"column":12},"end":{"line":154,"column":17}},"loc":{"start":{"line":154,"column":49},"end":{"line":193,"column":5}}},"10":{"name":"(anonymous_19)","decl":{"start":{"line":171,"column":46},"end":{"line":171,"column":47}},"loc":{"start":{"line":171,"column":59},"end":{"line":177,"column":13}}},"11":{"name":"(anonymous_20)","decl":{"start":{"line":179,"column":28},"end":{"line":179,"column":29}},"loc":{"start":{"line":179,"column":45},"end":{"line":181,"column":13}}},"12":{"name":"(anonymous_21)","decl":{"start":{"line":183,"column":30},"end":{"line":183,"column":33}},"loc":{"start":{"line":183,"column":35},"end":{"line":186,"column":13}}},"13":{"name":"(anonymous_22)","decl":{"start":{"line":195,"column":12},"end":{"line":195,"column":32}},"loc":{"start":{"line":195,"column":32},"end":{"line":404,"column":5}}}},"branchMap":{"0":{"loc":{"start":{"line":31,"column":16},"end":{"line":51,"column":17}},"type":"switch","locations":[{"start":{"line":32,"column":20},"end":{"line":38,"column":30}},{"start":{"line":39,"column":20},"end":{"line":41,"column":30}},{"start":{"line":42,"column":20},"end":{"line":44,"column":30}},{"start":{"line":45,"column":20},"end":{"line":47,"column":30}},{"start":{"line":48,"column":20},"end":{"line":50,"column":30}}]},"1":{"loc":{"start":{"line":68,"column":12},"end":{"line":102,"column":13}},"type":"if","locations":[{"start":{"line":68,"column":12},"end":{"line":102,"column":13}}]},"2":{"loc":{"start":{"line":75,"column":16},"end":{"line":101,"column":17}},"type":"if","locations":[{"start":{"line":75,"column":16},"end":{"line":101,"column":17}}]},"3":{"loc":{"start":{"line":75,"column":20},"end":{"line":75,"column":60}},"type":"binary-expr","locations":[{"start":{"line":75,"column":20},"end":{"line":75,"column":34}},{"start":{"line":75,"column":38},"end":{"line":75,"column":60}}]},"4":{"loc":{"start":{"line":88,"column":34},"end":{"line":88,"column":95}},"type":"binary-expr","locations":[{"start":{"line":88,"column":34},"end":{"line":88,"column":51}},{"start":{"line":88,"column":55},"end":{"line":88,"column":77}},{"start":{"line":88,"column":82},"end":{"line":88,"column":94}}]},"5":{"loc":{"start":{"line":97,"column":24},"end":{"line":99,"column":25}},"type":"if","locations":[{"start":{"line":97,"column":24},"end":{"line":99,"column":25}}]},"6":{"loc":{"start":{"line":97,"column":28},"end":{"line":97,"column":75}},"type":"binary-expr","locations":[{"start":{"line":97,"column":28},"end":{"line":97,"column":39}},{"start":{"line":97,"column":43},"end":{"line":97,"column":75}}]},"7":{"loc":{"start":{"line":118,"column":12},"end":{"line":120,"column":13}},"type":"if","locations":[{"start":{"line":118,"column":12},"end":{"line":120,"column":13}}]},"8":{"loc":{"start":{"line":122,"column":12},"end":{"line":125,"column":13}},"type":"if","locations":[{"start":{"line":122,"column":12},"end":{"line":125,"column":13}}]},"9":{"loc":{"start":{"line":127,"column":63},"end":{"line":127,"column":82}},"type":"binary-expr","locations":[{"start":{"line":127,"column":63},"end":{"line":127,"column":74}},{"start":{"line":127,"column":78},"end":{"line":127,"column":82}}]},"10":{"loc":{"start":{"line":140,"column":12},"end":{"line":142,"column":13}},"type":"if","locations":[{"start":{"line":140,"column":12},"end":{"line":142,"column":13}}]},"11":{"loc":{"start":{"line":157,"column":12},"end":{"line":159,"column":13}},"type":"if","locations":[{"start":{"line":157,"column":12},"end":{"line":159,"column":13}}]},"12":{"loc":{"start":{"line":157,"column":16},"end":{"line":157,"column":39}},"type":"binary-expr","locations":[{"start":{"line":157,"column":16},"end":{"line":157,"column":23}},{"start":{"line":157,"column":27},"end":{"line":157,"column":39}}]},"13":{"loc":{"start":{"line":172,"column":16},"end":{"line":176,"column":17}},"type":"if","locations":[{"start":{"line":172,"column":16},"end":{"line":176,"column":17}},{"start":{"line":174,"column":23},"end":{"line":176,"column":17}}]}},"s":{"0":0,"1":0,"2":0,"3":0,"4":0,"5":0,"6":0,"7":0,"8":0,"9":0,"10":0,"11":0,"12":0,"13":0,"14":0,"15":0,"16":0,"17":0,"18":0,"19":0,"20":0,"21":0,"22":0,"23":0,"24":0,"25":0,"26":0,"27":0,"28":0,"29":0,"30":0,"31":0,"32":0,"33":0,"34":0,"35":0,"36":0,"37":0,"38":0,"39":0,"40":0,"41":0,"42":0,"43":0,"44":0,"45":0,"46":0,"47":0,"48":0,"49":0,"50":0,"51":0,"52":0,"53":0,"54":0,"55":0,"56":0,"57":0,"58":0,"59":0,"60":0,"61":0,"62":0,"63":0,"64":0,"65":0,"66":0,"67":0,"68":0,"69":0,"70":0,"71":0,"72":0,"73":0,"74":0,"75":0,"76":0,"77":0},"f":{"0":0,"1":0,"2":0,"3":0,"4":0,"5":0,"6":0,"7":0,"8":0,"9":0,"10":0,"11":0,"12":0,"13":0},"b":{"0":[0,0,0,0,0],"1":[0],"2":[0],"3":[0,0],"4":[0,0,0],"5":[0],"6":[0,0],"7":[0],"8":[0],"9":[0,0],"10":[0],"11":[0],"12":[0,0],"13":[0,0]}}
,"E:\\LAB_AGOSTO\\ORACLE_HALT_ALEPH_VERSION\\vscode-alephscript-extension\\src\\processManager.ts": {"path":"E:\\LAB_AGOSTO\\ORACLE_HALT_ALEPH_VERSION\\vscode-alephscript-extension\\src\\processManager.ts","statementMap":{"0":{"start":{"line":2,"column":0},"end":{"line":2,"column":36}},"1":{"start":{"line":3,"column":0},"end":{"line":3,"column":29}},"2":{"start":{"line":18,"column":12},"end":{"line":18,"column":64}},"3":{"start":{"line":19,"column":12},"end":{"line":19,"column":62}},"4":{"start":{"line":24,"column":8},"end":{"line":26,"column":9}},"5":{"start":{"line":25,"column":12},"end":{"line":25,"column":59}},"6":{"start":{"line":27,"column":8},"end":{"line":27,"column":39}},"7":{"start":{"line":31,"column":8},"end":{"line":73,"column":9}},"8":{"start":{"line":32,"column":12},"end":{"line":35,"column":13}},"9":{"start":{"line":33,"column":16},"end":{"line":33,"column":66}},"10":{"start":{"line":34,"column":16},"end":{"line":34,"column":29}},"11":{"start":{"line":37,"column":28},"end":{"line":40,"column":14}},"12":{"start":{"line":42,"column":12},"end":{"line":67,"column":13}},"13":{"start":{"line":43,"column":16},"end":{"line":43,"column":50}},"14":{"start":{"line":44,"column":16},"end":{"line":53,"column":19}},"15":{"start":{"line":55,"column":16},"end":{"line":63,"column":19}},"16":{"start":{"line":56,"column":20},"end":{"line":56,"column":76}},"17":{"start":{"line":57,"column":20},"end":{"line":57,"column":48}},"18":{"start":{"line":58,"column":20},"end":{"line":62,"column":21}},"19":{"start":{"line":59,"column":37},"end":{"line":59,"column":64}},"20":{"start":{"line":60,"column":24},"end":{"line":60,"column":48}},"21":{"start":{"line":61,"column":24},"end":{"line":61,"column":57}},"22":{"start":{"line":65,"column":16},"end":{"line":65,"column":79}},"23":{"start":{"line":66,"column":16},"end":{"line":66,"column":28}},"24":{"start":{"line":69,"column":12},"end":{"line":69,"column":25}},"25":{"start":{"line":71,"column":12},"end":{"line":71,"column":69}},"26":{"start":{"line":72,"column":12},"end":{"line":72,"column":25}},"27":{"start":{"line":77,"column":8},"end":{"line":96,"column":9}},"28":{"start":{"line":78,"column":28},"end":{"line":78,"column":52}},"29":{"start":{"line":79,"column":12},"end":{"line":91,"column":13}},"30":{"start":{"line":80,"column":16},"end":{"line":80,"column":40}},"31":{"start":{"line":81,"column":16},"end":{"line":81,"column":44}},"32":{"start":{"line":83,"column":16},"end":{"line":87,"column":17}},"33":{"start":{"line":84,"column":33},"end":{"line":84,"column":60}},"34":{"start":{"line":85,"column":20},"end":{"line":85,"column":44}},"35":{"start":{"line":86,"column":20},"end":{"line":86,"column":53}},"36":{"start":{"line":89,"column":16},"end":{"line":89,"column":55}},"37":{"start":{"line":90,"column":16},"end":{"line":90,"column":28}},"38":{"start":{"line":92,"column":12},"end":{"line":92,"column":25}},"39":{"start":{"line":94,"column":12},"end":{"line":94,"column":68}},"40":{"start":{"line":95,"column":12},"end":{"line":95,"column":25}},"41":{"start":{"line":100,"column":8},"end":{"line":100,"column":42}},"42":{"start":{"line":104,"column":8},"end":{"line":104,"column":53}},"43":{"start":{"line":108,"column":24},"end":{"line":108,"column":48}},"44":{"start":{"line":109,"column":8},"end":{"line":109,"column":56}},"45":{"start":{"line":113,"column":25},"end":{"line":113,"column":94}},"46":{"start":{"line":113,"column":71},"end":{"line":113,"column":93}},"47":{"start":{"line":114,"column":8},"end":{"line":114,"column":36}},"48":{"start":{"line":118,"column":8},"end":{"line":119,"column":62}},"49":{"start":{"line":119,"column":28},"end":{"line":119,"column":53}},"50":{"start":{"line":124,"column":8},"end":{"line":125,"column":75}},"51":{"start":{"line":125,"column":26},"end":{"line":125,"column":73}},"52":{"start":{"line":130,"column":27},"end":{"line":130,"column":51}},"53":{"start":{"line":131,"column":8},"end":{"line":131,"column":106}},"54":{"start":{"line":135,"column":8},"end":{"line":135,"column":50}},"55":{"start":{"line":140,"column":27},"end":{"line":140,"column":84}},"56":{"start":{"line":141,"column":8},"end":{"line":141,"column":89}},"57":{"start":{"line":145,"column":8},"end":{"line":145,"column":48}},"58":{"start":{"line":150,"column":27},"end":{"line":150,"column":79}},"59":{"start":{"line":151,"column":8},"end":{"line":151,"column":86}},"60":{"start":{"line":155,"column":8},"end":{"line":155,"column":44}},"61":{"start":{"line":160,"column":8},"end":{"line":160,"column":46}},"62":{"start":{"line":164,"column":8},"end":{"line":164,"column":38}},"63":{"start":{"line":169,"column":28},"end":{"line":169,"column":58}},"64":{"start":{"line":170,"column":8},"end":{"line":172,"column":9}},"65":{"start":{"line":171,"column":12},"end":{"line":171,"column":71}},"66":{"start":{"line":177,"column":8},"end":{"line":177,"column":32}},"67":{"start":{"line":178,"column":8},"end":{"line":178,"column":31}},"68":{"start":{"line":179,"column":8},"end":{"line":179,"column":33}},"69":{"start":{"line":16,"column":0},"end":{"line":16,"column":13}}},"fnMap":{"0":{"name":"(anonymous_9)","decl":{"start":{"line":21,"column":4},"end":{"line":21,"column":27}},"loc":{"start":{"line":21,"column":4},"end":{"line":21,"column":28}}},"1":{"name":"(anonymous_10)","decl":{"start":{"line":23,"column":4},"end":{"line":23,"column":10}},"loc":{"start":{"line":23,"column":22},"end":{"line":28,"column":5}}},"2":{"name":"(anonymous_11)","decl":{"start":{"line":30,"column":4},"end":{"line":30,"column":9}},"loc":{"start":{"line":30,"column":103},"end":{"line":74,"column":5}}},"3":{"name":"(anonymous_12)","decl":{"start":{"line":55,"column":35},"end":{"line":55,"column":36}},"loc":{"start":{"line":55,"column":44},"end":{"line":63,"column":17}}},"4":{"name":"(anonymous_13)","decl":{"start":{"line":76,"column":4},"end":{"line":76,"column":9}},"loc":{"start":{"line":76,"column":34},"end":{"line":97,"column":5}}},"5":{"name":"(anonymous_14)","decl":{"start":{"line":99,"column":4},"end":{"line":99,"column":18}},"loc":{"start":{"line":99,"column":31},"end":{"line":101,"column":5}}},"6":{"name":"(anonymous_15)","decl":{"start":{"line":103,"column":4},"end":{"line":103,"column":19}},"loc":{"start":{"line":103,"column":19},"end":{"line":105,"column":5}}},"7":{"name":"(anonymous_16)","decl":{"start":{"line":107,"column":4},"end":{"line":107,"column":20}},"loc":{"start":{"line":107,"column":33},"end":{"line":110,"column":5}}},"8":{"name":"(anonymous_17)","decl":{"start":{"line":112,"column":4},"end":{"line":112,"column":9}},"loc":{"start":{"line":112,"column":26},"end":{"line":115,"column":5}}},"9":{"name":"(anonymous_18)","decl":{"start":{"line":113,"column":63},"end":{"line":113,"column":67}},"loc":{"start":{"line":113,"column":71},"end":{"line":113,"column":93}}},"10":{"name":"(anonymous_19)","decl":{"start":{"line":117,"column":4},"end":{"line":117,"column":28}},"loc":{"start":{"line":117,"column":28},"end":{"line":120,"column":5}}},"11":{"name":"(anonymous_20)","decl":{"start":{"line":119,"column":20},"end":{"line":119,"column":24}},"loc":{"start":{"line":119,"column":28},"end":{"line":119,"column":53}}},"12":{"name":"(anonymous_21)","decl":{"start":{"line":122,"column":4},"end":{"line":122,"column":9}},"loc":{"start":{"line":122,"column":36},"end":{"line":126,"column":5}}},"13":{"name":"(anonymous_22)","decl":{"start":{"line":125,"column":18},"end":{"line":125,"column":22}},"loc":{"start":{"line":125,"column":26},"end":{"line":125,"column":73}}},"14":{"name":"(anonymous_23)","decl":{"start":{"line":129,"column":4},"end":{"line":129,"column":9}},"loc":{"start":{"line":129,"column":42},"end":{"line":132,"column":5}}},"15":{"name":"(anonymous_24)","decl":{"start":{"line":134,"column":4},"end":{"line":134,"column":9}},"loc":{"start":{"line":134,"column":22},"end":{"line":136,"column":5}}},"16":{"name":"(anonymous_25)","decl":{"start":{"line":139,"column":4},"end":{"line":139,"column":9}},"loc":{"start":{"line":139,"column":55},"end":{"line":142,"column":5}}},"17":{"name":"(anonymous_26)","decl":{"start":{"line":144,"column":4},"end":{"line":144,"column":9}},"loc":{"start":{"line":144,"column":40},"end":{"line":146,"column":5}}},"18":{"name":"(anonymous_27)","decl":{"start":{"line":149,"column":4},"end":{"line":149,"column":9}},"loc":{"start":{"line":149,"column":44},"end":{"line":152,"column":5}}},"19":{"name":"(anonymous_28)","decl":{"start":{"line":154,"column":4},"end":{"line":154,"column":9}},"loc":{"start":{"line":154,"column":29},"end":{"line":156,"column":5}}},"20":{"name":"(anonymous_29)","decl":{"start":{"line":159,"column":4},"end":{"line":159,"column":14}},"loc":{"start":{"line":159,"column":32},"end":{"line":161,"column":5}}},"21":{"name":"(anonymous_30)","decl":{"start":{"line":163,"column":4},"end":{"line":163,"column":16}},"loc":{"start":{"line":163,"column":16},"end":{"line":165,"column":5}}},"22":{"name":"(anonymous_31)","decl":{"start":{"line":168,"column":4},"end":{"line":168,"column":19}},"loc":{"start":{"line":168,"column":37},"end":{"line":173,"column":5}}},"23":{"name":"(anonymous_32)","decl":{"start":{"line":176,"column":4},"end":{"line":176,"column":11}},"loc":{"start":{"line":176,"column":11},"end":{"line":180,"column":5}}}},"branchMap":{"0":{"loc":{"start":{"line":24,"column":8},"end":{"line":26,"column":9}},"type":"if","locations":[{"start":{"line":24,"column":8},"end":{"line":26,"column":9}}]},"1":{"loc":{"start":{"line":32,"column":12},"end":{"line":35,"column":13}},"type":"if","locations":[{"start":{"line":32,"column":12},"end":{"line":35,"column":13}}]},"2":{"loc":{"start":{"line":42,"column":12},"end":{"line":67,"column":13}},"type":"if","locations":[{"start":{"line":42,"column":12},"end":{"line":67,"column":13}}]},"3":{"loc":{"start":{"line":58,"column":20},"end":{"line":62,"column":21}},"type":"if","locations":[{"start":{"line":58,"column":20},"end":{"line":62,"column":21}}]},"4":{"loc":{"start":{"line":79,"column":12},"end":{"line":91,"column":13}},"type":"if","locations":[{"start":{"line":79,"column":12},"end":{"line":91,"column":13}}]},"5":{"loc":{"start":{"line":79,"column":16},"end":{"line":79,"column":42}},"type":"binary-expr","locations":[{"start":{"line":79,"column":16},"end":{"line":79,"column":23}},{"start":{"line":79,"column":27},"end":{"line":79,"column":42}}]},"6":{"loc":{"start":{"line":83,"column":16},"end":{"line":87,"column":17}},"type":"if","locations":[{"start":{"line":83,"column":16},"end":{"line":87,"column":17}}]},"7":{"loc":{"start":{"line":109,"column":15},"end":{"line":109,"column":55}},"type":"binary-expr","locations":[{"start":{"line":109,"column":15},"end":{"line":109,"column":36}},{"start":{"line":109,"column":40},"end":{"line":109,"column":55}}]},"8":{"loc":{"start":{"line":125,"column":26},"end":{"line":125,"column":73}},"type":"binary-expr","locations":[{"start":{"line":125,"column":26},"end":{"line":125,"column":44}},{"start":{"line":125,"column":48},"end":{"line":125,"column":73}}]},"9":{"loc":{"start":{"line":170,"column":8},"end":{"line":172,"column":9}},"type":"if","locations":[{"start":{"line":170,"column":8},"end":{"line":172,"column":9}}]}},"s":{"0":0,"1":0,"2":0,"3":0,"4":0,"5":0,"6":0,"7":0,"8":0,"9":0,"10":0,"11":0,"12":0,"13":0,"14":0,"15":0,"16":0,"17":0,"18":0,"19":0,"20":0,"21":0,"22":0,"23":0,"24":0,"25":0,"26":0,"27":0,"28":0,"29":0,"30":0,"31":0,"32":0,"33":0,"34":0,"35":0,"36":0,"37":0,"38":0,"39":0,"40":0,"41":0,"42":0,"43":0,"44":0,"45":0,"46":0,"47":0,"48":0,"49":0,"50":0,"51":0,"52":0,"53":0,"54":0,"55":0,"56":0,"57":0,"58":0,"59":0,"60":0,"61":0,"62":0,"63":0,"64":0,"65":0,"66":0,"67":0,"68":0,"69":0},"f":{"0":0,"1":0,"2":0,"3":0,"4":0,"5":0,"6":0,"7":0,"8":0,"9":0,"10":0,"11":0,"12":0,"13":0,"14":0,"15":0,"16":0,"17":0,"18":0,"19":0,"20":0,"21":0,"22":0,"23":0},"b":{"0":[0],"1":[0],"2":[0],"3":[0],"4":[0],"5":[0,0],"6":[0],"7":[0,0],"8":[0,0],"9":[0]}}
,"E:\\LAB_AGOSTO\\ORACLE_HALT_ALEPH_VERSION\\vscode-alephscript-extension\\src\\socketMonitor.ts": {"path":"E:\\LAB_AGOSTO\\ORACLE_HALT_ALEPH_VERSION\\vscode-alephscript-extension\\src\\socketMonitor.ts","statementMap":{"0":{"start":{"line":1,"column":0},"end":{"line":1,"column":33}},"1":{"start":{"line":2,"column":0},"end":{"line":2,"column":46}},"2":{"start":{"line":24,"column":12},"end":{"line":24,"column":43}},"3":{"start":{"line":25,"column":12},"end":{"line":25,"column":32}},"4":{"start":{"line":26,"column":12},"end":{"line":26,"column":59}},"5":{"start":{"line":29,"column":12},"end":{"line":29,"column":99}},"6":{"start":{"line":30,"column":12},"end":{"line":30,"column":134}},"7":{"start":{"line":31,"column":12},"end":{"line":31,"column":110}},"8":{"start":{"line":33,"column":20},"end":{"line":33,"column":95}},"9":{"start":{"line":34,"column":20},"end":{"line":34,"column":105}},"10":{"start":{"line":35,"column":20},"end":{"line":35,"column":99}},"11":{"start":{"line":38,"column":8},"end":{"line":41,"column":9}},"12":{"start":{"line":39,"column":12},"end":{"line":39,"column":32}},"13":{"start":{"line":40,"column":12},"end":{"line":40,"column":19}},"14":{"start":{"line":43,"column":8},"end":{"line":51,"column":10}},"15":{"start":{"line":53,"column":8},"end":{"line":53,"column":59}},"16":{"start":{"line":55,"column":8},"end":{"line":58,"column":11}},"17":{"start":{"line":56,"column":12},"end":{"line":56,"column":30}},"18":{"start":{"line":57,"column":12},"end":{"line":57,"column":35}},"19":{"start":{"line":61,"column":8},"end":{"line":84,"column":10}},"20":{"start":{"line":63,"column":16},"end":{"line":82,"column":17}},"21":{"start":{"line":65,"column":24},"end":{"line":65,"column":50}},"22":{"start":{"line":66,"column":24},"end":{"line":66,"column":30}},"23":{"start":{"line":68,"column":24},"end":{"line":68,"column":42}},"24":{"start":{"line":69,"column":24},"end":{"line":69,"column":30}},"25":{"start":{"line":71,"column":24},"end":{"line":71,"column":45}},"26":{"start":{"line":72,"column":24},"end":{"line":72,"column":30}},"27":{"start":{"line":74,"column":24},"end":{"line":74,"column":52}},"28":{"start":{"line":75,"column":24},"end":{"line":75,"column":30}},"29":{"start":{"line":77,"column":24},"end":{"line":77,"column":53}},"30":{"start":{"line":78,"column":24},"end":{"line":78,"column":30}},"31":{"start":{"line":80,"column":24},"end":{"line":80,"column":86}},"32":{"start":{"line":81,"column":24},"end":{"line":81,"column":30}},"33":{"start":{"line":88,"column":8},"end":{"line":146,"column":9}},"34":{"start":{"line":89,"column":12},"end":{"line":91,"column":13}},"35":{"start":{"line":90,"column":16},"end":{"line":90,"column":41}},"36":{"start":{"line":93,"column":12},"end":{"line":98,"column":15}},"37":{"start":{"line":100,"column":12},"end":{"line":112,"column":15}},"38":{"start":{"line":101,"column":16},"end":{"line":101,"column":40}},"39":{"start":{"line":102,"column":16},"end":{"line":106,"column":19}},"40":{"start":{"line":109,"column":16},"end":{"line":109,"column":62}},"41":{"start":{"line":110,"column":16},"end":{"line":110,"column":57}},"42":{"start":{"line":111,"column":16},"end":{"line":111,"column":64}},"43":{"start":{"line":114,"column":12},"end":{"line":120,"column":15}},"44":{"start":{"line":115,"column":16},"end":{"line":115,"column":41}},"45":{"start":{"line":116,"column":16},"end":{"line":119,"column":19}},"46":{"start":{"line":122,"column":12},"end":{"line":127,"column":15}},"47":{"start":{"line":123,"column":16},"end":{"line":126,"column":19}},"48":{"start":{"line":130,"column":12},"end":{"line":134,"column":15}},"49":{"start":{"line":131,"column":16},"end":{"
[...]
:{"line":259,"column":12},"end":{"line":259,"column":82}},"89":{"start":{"line":260,"column":12},"end":{"line":260,"column":19}},"90":{"start":{"line":263,"column":24},"end":{"line":267,"column":10}},"91":{"start":{"line":270,"column":8},"end":{"line":270,"column":87}},"92":{"start":{"line":274,"column":8},"end":{"line":274,"column":37}},"93":{"start":{"line":278,"column":8},"end":{"line":280,"column":48}},"94":{"start":{"line":279,"column":35},"end":{"line":279,"column":86}},"95":{"start":{"line":280,"column":32},"end":{"line":280,"column":46}},"96":{"start":{"line":284,"column":8},"end":{"line":292,"column":11}},"97":{"start":{"line":285,"column":12},"end":{"line":291,"column":21}},"98":{"start":{"line":286,"column":16},"end":{"line":290,"column":17}},"99":{"start":{"line":287,"column":20},"end":{"line":287,"column":30}},"100":{"start":{"line":289,"column":20},"end":{"line":289,"column":60}},"101":{"start":{"line":15,"column":0},"end":{"line":15,"column":13}}},"fnMap":{"0":{"name":"(anonymous_9)","decl":{"start":{"line":23,"column":4},"end":{"line":23,"column":24}},"loc":{"start":{"line":23,"column":52},"end":{"line":26,"column":5}}},"1":{"name":"(anonymous_10)","decl":{"start":{"line":28,"column":12},"end":{"line":28,"column":37}},"loc":{"start":{"line":28,"column":37},"end":{"line":34,"column":5}}},"2":{"name":"(anonymous_11)","decl":{"start":{"line":31,"column":20},"end":{"line":31,"column":23}},"loc":{"start":{"line":31,"column":25},"end":{"line":33,"column":9}}},"3":{"name":"(anonymous_12)","decl":{"start":{"line":36,"column":4},"end":{"line":36,"column":11}},"loc":{"start":{"line":36,"column":11},"end":{"line":39,"column":5}}},"4":{"name":"(anonymous_13)","decl":{"start":{"line":41,"column":4},"end":{"line":41,"column":15}},"loc":{"start":{"line":41,"column":39},"end":{"line":78,"column":5}}},"5":{"name":"(anonymous_14)","decl":{"start":{"line":80,"column":4},"end":{"line":80,"column":15}},"loc":{"start":{"line":80,"column":40},"end":{"line":103,"column":5}}},"6":{"name":"(anonymous_15)","decl":{"start":{"line":105,"column":12},"end":{"line":105,"column":17}},"loc":{"start":{"line":105,"column":32},"end":{"line":155,"column":5}}},"7":{"name":"(anonymous_16)","decl":{"start":{"line":152,"column":22},"end":{"line":152,"column":26}},"loc":{"start":{"line":152,"column":30},"end":{"line":152,"column":65}}},"8":{"name":"(anonymous_17)","decl":{"start":{"line":157,"column":12},"end":{"line":157,"column":17}},"loc":{"start":{"line":157,"column":49},"end":{"line":174,"column":5}}},"9":{"name":"(anonymous_18)","decl":{"start":{"line":161,"column":64},"end":{"line":161,"column":65}},"loc":{"start":{"line":161,"column":69},"end":{"line":161,"column":92}}},"10":{"name":"(anonymous_19)","decl":{"start":{"line":176,"column":12},"end":{"line":176,"column":27}},"loc":{"start":{"line":176,"column":51},"end":{"line":193,"column":5}}},"11":{"name":"(anonymous_20)","decl":{"start":{"line":195,"column":12},"end":{"line":195,"column":29}},"loc":{"start":{"line":195,"column":29},"end":{"line":208,"column":5}}},"12":{"name":"(anonymous_21)","decl":{"start":{"line":211,"column":11},"end":{"line":211,"column":16}},"loc":{"start":{"line":211,"column":68},"end":{"line":226,"column":5}}},"13":{"name":"(anonymous_22)","decl":{"start":{"line":228,"column":11},"end":{"line":228,"column":16}},"loc":{"start":{"line":228,"column":37},"end":{"line":233,"column":5}}},"14":{"name":"(anonymous_23)","decl":{"start":{"line":235,"column":11},"end":{"line":235,"column":16}},"loc":{"start":{"line":235,"column":42},"end":{"line":244,"column":5}}},"15":{"name":"(anonymous_24)","decl":{"start":{"line":246,"column":11},"end":{"line":246,"column":16}},"loc":{"start":{"line":246,"column":43},"end":{"line":255,"column":5}}},"16":{"name":"(anonymous_25)","decl":{"start":{"line":257,"column":11},"end":{"line":257,"column":16}},"loc":{"start":{"line":257,"column":49},"end":{"line":271,"column":5}}},"17":{"name":"(anonymous_26)","decl":{"start":{"line":273,"column":11},"end":{"line":273,"column":30}},"loc":{"start":{"line":273,"column":30},"end":{"line":275,"column":5}}},"18":{"name":"(anonymous_27)","decl":{"start":{"line":277,"column":11},"end":{"line":277,"column":28}},"loc":{"start":{"line":277,"column":28},"end":{"line":281,"column":5}}},"19":{"name":"(anonymous_28)","decl":{"start":{"line":279,"column":27},"end":{"line":279,"column":31}},"loc":{"start":{"line":279,"column":35},"end":{"line":279,"column":86}}},"20":{"name":"(anonymous_29)","decl":{"start":{"line":280,"column":24},"end":{"line":280,"column":28}},"loc":{"start":{"line":280,"column":32},"end":{"line":280,"column":46}}},"21":{"name":"(anonymous_30)","decl":{"start":{"line":283,"column":12},"end":{"line":283,"column":17}},"loc":{"start":{"line":283,"column":36},"end":{"line":293,"column":5}}},"22":{"name":"(anonymous_31)","decl":{"start":{"line":284,"column":27},"end":{"line":284,"column":28}},"loc":{"start":{"line":284,"column":47},"end":{"line":292,"column":9}}},"23":{"name":"(anonymous_32)","decl":{"start":{"line":285,"column":23},"end":{"line":285,"column":26}},"loc":{"start":{"line":285,"column":28},"end":{"line":291,"column":13}}}},"branchMap":{"0":{"loc":{"start":{"line":42,"column":60},"end":{"line":42,"column":158}},"type":"cond-expr","locations":[{"start":{"line":42,"column":79},"end":{"line":42,"column":119}},{"start":{"line":42,"column":122},"end":{"line":42,"column":158}}]},"1":{"loc":{"start":{"line":49,"column":8},"end":{"line":68,"column":9}},"type":"if","locations":[{"start":{"line":49,"column":8},"end":{"line":68,"column":9}},{"start":{"line":65,"column":15},"end":{"line":68,"column":9}}]},"2":{"loc":{"start":{"line":51,"column":12},"end":{"line":64,"column":13}},"type":"switch","locations":[{"start":{"line":52,"column":16},"end":{"line":54,"column":26}},{"start":{"line":55,"column":16},"end":{"line":57,"column":26}},{"start":{"line":58,"column":16},"end":{"line":60,"column":26}},{"start":{"line":61,"column":16},"end":{"line":63,"column":26}}]},"3":{"loc":{"start":{"line":71,"column":8},"end":{"line":75,"column":9}},"type":"if","locations":[{"start":{"line":71,"column":8},"end":{"line":75,"column":9}},{"start":{"line":73,"column":15},"end":{"line":75,"column":9}}]},"4":{"loc":{"start":{"line":72,"column":36},"end":{"line":72,"column":84}},"type":"cond-expr","locations":[{"start":{"line":72,"column":55},"end":{"line":72,"column":67}},{"start":{"line":72,"column":70},"end":{"line":72,"column":84}}]},"5":{"loc":{"start":{"line":81,"column":8},"end":{"line":92,"column":9}},"type":"if","locations":[{"start":{"line":81,"column":8},"end":{"line":92,"column":9}}]},"6":{"loc":{"start":{"line":87,"column":33},"end":{"line":87,"column":106}},"type":"cond-expr","locations":[{"start":{"line":87,"column":73},"end":{"line":87,"column":89}},{"start":{"line":87,"column":92},"end":{"line":87,"column":106}}]},"7":{"loc":{"start":{"line":89,"column":30},"end":{"line":89,"column":84}},"type":"cond-expr","locations":[{"start":{"line":89,"column":70},"end":{"line":89,"column":72}},{"start":{"line":89,"column":75},"end":{"line":89,"column":84}}]},"8":{"loc":{"start":{"line":94,"column":8},"end":{"line":96,"column":9}},"type":"if","locations":[{"start":{"line":94,"column":8},"end":{"line":96,"column":9}}]},"9":{"loc":{"start":{"line":94,"column":12},"end":{"line":94,"column":86}},"type":"binary-expr","locations":[{"start":{"line":94,"column":12},"end":{"line":94,"column":42}},{"start":{"line":94,"column":46},"end":{"line":94,"column":86}}]},"10":{"loc":{"start":{"line":98,"column":8},"end":{"line":100,"column":9}},"type":"if","locations":[{"start":{"line":98,"column":8},"end":{"line":100,"column":9}}]},"11":{"loc":{"start":{"line":162,"column":8},"end":{"line":162,"column":55}},"type":"if","locations":[{"start":{"line":162,"column":8},"end":{"line":162,"column":55}}]},"12":{"loc":{"start":{"line":162,"column":12},"end":{"line":162,"column":38}},"type":"binary-expr","locations":[{"start":{"line":162,"column":12},"end":{"line":162,"column":17}},{"start":{"line":162,"column":21},"end":{"line":162,"column":38}}]},"13":{"loc":{"start":{"line":177,"column":8},"end":{"line":192,"column":9}},"type":"if","locations":[{"start":{"line":177,"column":8},"end":{"line":192,"column":9}},{"start":{"line":188,"column":15},"end":{"line":192,"column":9}}]},"14":{"loc":{"start":{"line":178,"column":12},"end":{"line":187,"column":13}},"type":"if","locations":[{"start":{"line":178,"column":12},"end":{"line":187,"column":13}},{"start":{"line":183,"column":19},"end":{"line":187,"column":13}}]},"15":{"loc":{"start":{"line":178,"column":16},"end":{"line":178,"column":73}},"type":"binary-expr","locations":[{"start":{"line":178,"column":16},"end":{"line":178,"column":32}},{"start":{"line":178,"column":36},"end":{"line":178,"column":73}}]},"16":{"loc":{"start":{"line":180,"column":35},"end":{"line":180,"column":59}},"type":"binary-expr","locations":[{"start":{"line":180,"column":35},"end":{"line":180,"column":54}},{"start":{"line":180,"column":58},"end":{"line":180,"column":59}}]},"17":{"loc":{"start":{"line":181,"column":36},"end":{"line":181,"column":61}},"type":"binary-expr","locations":[{"start":{"line":181,"column":36},"end":{"line":181,"column":56}},{"start":{"line":181,"column":60},"end":{"line":181,"column":61}}]},"18":{"loc":{"start":{"line":190,"column":28},"end":{"line":190,"column":54}},"type":"binary-expr","locations":[{"start":{"line":190,"column":28},"end":{"line":190,"column":44}},{"start":{"line":190,"column":48},"end":{"line":190,"column":54}}]},"19":{"loc":{"start":{"line":201,"column":8},"end":{"line":207,"column":9}},"type":"if","locations":[{"start":{"line":201,"column":8},"end":{"line":207,"column":9}},{"start":{"line":203,"column":15},"end":{"line":207,"column":9}}]},"20":{"loc":{"start":{"line":203,"column":15},"end":{"line":207,"column":9}},"type":"if","locations":[{"start":{"line":203,"column":15},"end":{"line":207,"column":9}},{"start":{"line":205,"column":15},"end":{"line":207,"column":9}}]},"21":{"loc":{"start":{"line":211,"column":33},"end":{"line":211,"column":68}},"type":"default-arg","locations":[{"start":{"line":211,"column":47},"end":{"line":211,"column":68}}]},"22":{"loc":{"start":{"line":236,"column":8},"end":{"line":239,"column":9}},"type":"if","locations":[{"start":{"line":236,"column":8},"end":{"line":239,"column":9}}]},"23":{"loc":{"start":{"line":247,"column":8},"end":{"line":250,"column":9}},"type":"if","locations":[{"start":{"line":247,"column":8},"end":{"line":250,"column":9}}]},"24":{"loc":{"start":{"line":258,"column":8},"end":{"line":261,"column":9}},"type":"if","locations":[{"start":{"line":258,"column":8},"end":{"line":261,"column":9}}]},"25":{"loc":{"start":{"line":279,"column":35},"end":{"line":279,"column":86}},"type":"binary-expr","locations":[{"start":{"line":279,"column":35},"end":{"line":279,"column":48}},{"start":{"line":279,"column":52},"end":{"line":279,"column":86}}]},"26":{"loc":{"start":{"line":286,"column":16},"end":{"line":290,"column":17}},"type":"if","locations":[{"start":{"line":286,"column":16},"end":{"line":290,"column":17}},{"start":{"line":288,"column":23},"end":{"line":290,"column":17}}]}},"s":{"0":0,"1":0,"2":0,"3":0,"4":0,"5":0,"6":0,"7":0,"8":0,"9":0,"10":0,"11":0,"12":0,"13":0,"14":0,"15":0,"16":0,"17":0,"18":0,"19":0,"20":0,"21":0,"22":0,"23":0,"24":0,"25":0,"26":0,"27":0,"28":0,"29":0,"30":0,"31":0,"32":0,"33":0,"34":0,"35":0,"36":0,"37":0,"38":0,"39":0,"40":0,"41":0,"42":0,"43":0,"44":0,"45":0,"46":0,"47":0,"48":0,"49":0,"50":0,"51":0,"52":0,"53":0,"54":0,"55":0,"56":0,"57":0,"58":0,"59":0,"60":0,"61":0,"62":0,"63":0,"64":0,"65":0,"66":0,"67":0,"68":0,"69":0,"70":0,"71":0,"72":0,"73":0,"74":0,"75":0,"76":0,"77":0,"78":0,"79":0,"80":0,"81":0,"82":0,"83":0,"84":0,"85":0,"86":0,"87":0,"88":0,"89":0,"90":0,"91":0,"92":0,"93":0,"94":0,"95":0,"96":0,"97":0,"98":0,"99":0,"100":0,"101":0},"f":{"0":0,"1":0,"2":0,"3":0,"4":0,"5":0,"6":0,"7":0,"8":0,"9":0,"10":0,"11":0,"12":0,"13":0,"14":0,"15":0,"16":0,"17":0,"18":0,"19":0,"20":0,"21":0,"22":0,"23":0},"b":{"0":[0,0],"1":[0,0],"2":[0,0,0,0],"3":[0,0],"4":[0,0],"5":[0],"6":[0,0],"7":[0,0],"8":[0],"9":[0,0],"10":[0],"11":[0],"12":[0,0],"13":[0,0],"14":[0,0],"15":[0,0],"16":[0,0],"17":[0,0],"18":[0,0],"19":[0,0],"20":[0,0],"21":[0],"22":[0],"23":[0],"24":[0],"25":[0,0],"26":[0,0]}}
,"E:\\LAB_AGOSTO\\ORACLE_HALT_ALEPH_VERSION\\vscode-alephscript-extension\\src\\treeViews\\uisTreeView.ts": {"path":"E:\\LAB_AGOSTO\\ORACLE_HALT_ALEPH_VERSION\\vscode-alephscript-extension\\src\\treeViews\\uisTreeView.ts","statementMap":{"0":{"start":{"line":1,"column":0},"end":{"line":1,"column":33}},"1":{"start":{"line":19,"column":24},"end":{"line":19,"column":44}},"2":{"start":{"line":16,"column":12},"end":{"line":16,"column":158}},"3":{"start":{"line":17,"column":13},"end":{"line":17,"column":119}},"4":{"start":{"line":22,"column":8},"end":{"line":22,"column":41}},"5":{"start":{"line":26,"column":25},"end":{"line":26,"column":160}},"6":{"start":{"line":28,"column":8},"end":{"line":28,"column":33}},"7":{"start":{"line":29,"column":8},"end":{"line":29,"column":51}},"8":{"start":{"line":30,"column":8},"end":{"line":30,"column":132}},"9":{"start":{"line":33,"column":8},"end":{"line":58,"column":9}},"10":{"start":{"line":34,"column":12},"end":{"line":34,"column":63}},"11":{"start":{"line":37,"column":12},"end":{"line":57,"column":13}},"12":{"start":{"line":39,"column":20},"end":{"line":39,"column":73}},"13":{"start":{"line":40,"column":20},"end":{"line":40,"column":26}},"14":{"start":{"line":43,"column":20},"end":{"line":43,"column":72}},"15":{"start":{"line":44,"column":20},"end":{"line":44,"column":26}},"16":{"start":{"line":46,"column":20},"end":{"line":46,"column":69}},"17":{"start":{"line":47,"column":20},"end":{"line":47,"column":26}},"18":{"start":{"line":49,"column":20},"end":{"line":49,"column":74}},"19":{"start":{"line":50,"column":20},"end":{"line":50,"column":26}},"20":{"start":{"line":53,"column":20},"end":{"line":53,"column":75}},"21":{"start":{"line":54,"column":20},"end":{"line":54,"column":26}},"22":{"start":{"line":56,"column":20},"end":{"line":56,"column":71}},"23":{"start":{"line":61,"column":8},"end":{"line":69,"column":9}},"24":{"start":{"line":62,"column":32},"end":{"line":64,"column":51}},"25":{"start":{"line":66,"column":12},"end":{"line":68,"column":13}},"26":{"start":{"line":67,"column":16},"end":{"line":67,"column":115}},"27":{"start":{"line":72,"column":8},"end":{"line":72,"column":108}},"28":{"start":{"line":74,"column":8},"end":{"line":74,"column":24}},"29":{"start":{"line":78,"column":8},"end":{"line":100,"column":9}},"30":{"start":{"line":80,"column":12},"end":{"line":99,"column":15}},"31":{"start":{"line":102,"column":8},"end":{"line":104,"column":9}},"32":{"start":{"line":103,"column":12},"end":{"line":103,"column":45}},"33":{"start":{"line":106,"column":8},"end":{"line":108,"column":9}},"34":{"start":{"line":107,"column":12},"end":{"line":107,"column":39}},"35":{"start":{"line":110,"column":8},"end":{"line":110,"column":35}},"36":{"start":{"line":115,"column":46},"end":{"line":142,"column":10}},"37":{"start":{"line":144,"column":8},"end":{"line":144,"column":31}},"38":{"start":{"line":148,"column":40},"end":{"line":167,"column":10}},"39":{"start":{"line":169,"column":8},"end":{"line":169,"column":25}},"40":{"start":{"line":15,"column":0},"end":{"line":15,"column":13}}},"fnMap":{"0":{"name":"(anonymous_9)","decl":{"start":{"line":19,"column":4},"end":{"line":19,"column":24}},"loc":{"start":{"line":19,"column":44},"end":{"line":19,"column":48}}},"1":{"name":"(anonymous_10)","decl":{"start":{"line":21,"column":4},"end":{"line":21,"column":11}},"loc":{"start":{"line":21,"column":11},"end":{"line":23,"column":5}}},"2":{"name":"(anonymous_11)","decl":{"start":{"line":25,"column":4},"end":{"line":25,"column":15}},"loc":{"start":{"line":25,"column":35},"end":{"line":75,"column":5}}},"3":{"name":"(anonymous_12)","decl":{"start":{"line":77,"column":4},"end":{"line":77,"column":15}},"loc":{"start":{"line":77,"column":36},"end":{"line":111,"column":5}}},"4":{"name":"(anonymous_13)","decl":{"start":{"line":113,"column":12},"end":{"line":113,"column":17}},"loc":{"start":{"line":113,"column":36},"end":{"line":145,"column":5}}},"5":{"name":"(anonymous_14)","decl":{"start":{"line":147,"column":12},"end":{"line":147,"column":17}},"loc":{"start":{"line":147,"column":30},"end":{"line":170,"column":5}}}},"branchMap":{"0":{"loc":{"start":{"line":26,"column":60},"end":{"line":26,"column":159}},"type":"cond-expr","locations":[{"start":{"line":26,"column":79},"end":{"line":26,"column":120}},{"start":{"line":26,"column":123},"end":{"line":26,"column":159}}]},"1":{"loc":{"start":{"line":30,"column":84},"end":{"line":30,"column":129}},"type":"cond-expr","locations":[{"start":{"line":30,"column":99},"end":{"line":30,"column":124}},{"start":{"line":30,"column":127},"end":{"line":30,"column":129}}]},"2":{"loc":{"start":{"line":33,"column":8},"end":{"line":58,"column":9}},"type":"if","locations":[{"start":{"line":33,"column":8},"end":{"line":58,"column":9}},{"start":{"line":35,"column":15},"end":{"line":58,"column":9}}]},"3":{"loc":{"start":{"line":37,"column":12},"end":{"line":57,"column":13}},"type":"switch","locations":[{"start":{"line":38,"column":16},"end":{"line":40,"column":26}},{"start":{"line":41,"column":16},"end":{"line":41,"column":29}},{"start":{"line":42,"column":16},"end":{"line":44,"column":26}},{"start":{"line":45,"column":16},"end":{"line":47,"column":26}},{"start":{"line":48,"column":16},"end":{"line":50,"column":26}},{"start":{"line":51,"column":16},"end":{"line":51,"column":41}},{"start":{"line":52,"column":16},"end":{"line":54,"column":26}},{"start":{"line":55,"column":16},"end":{"line":56,"column":71}}]},"4":{"loc":{"start":{"line":61,"column":8},"end":{"line":69,"column":9}},"type":"if","locations":[{"start":{"line":61,"column":8},"end":{"line":69,"column":9}}]},"5":{"loc":{"start":{"line":62,"column":32},"end":{"line":64,"column":51}},"type":"cond-expr","locations":[{"start":{"line":62,"column":63},"end":{"line":62,"column":83}},{"start":{"line":63,"column":31},"end":{"line":64,"column":51}}]},"6":{"loc":{"start":{"line":63,"column":31},"end":{"line":64,"column":51}},"type":"cond-expr","locations":[{"start":{"line":63,"column":60},"end":{"line":63,"column":80}},{"start":{"line":64,"column":31},"end":{"line":64,"column":51}}]},"7":{"loc":{"start":{"line":66,"column":12},"end":{"line":68,"column":13}},"type":"if","locations":[{"start":{"line":66,"column":12},"end":{"line":68,"column":13}}]},"8":{"loc":{"start":{"line":72,"column":32},"end":{"line":72,"column":107}},"type":"cond-expr","locations":[{"start":{"line":72,"column":51},"end":{"line":72,"column":60}},{"start":{"line":72,"column":63},"end":{"line":72,"column":107}}]},"9":{"loc":{"start":{"line":72,"column":63},"end":{"line":72,"column":107}},"type":"cond-expr","locations":[{"start":{"line":72,"column":81},"end":{"line":72,"column":92}},{"start":{"line":72,"column":95},"end":{"line":72,"column":107}}]},"10":{"loc":{"start":{"line":78,"column":8},"end":{"line":100,"column":9}},"type":"if","locations":[{"start":{"line":78,"column":8},"end":{"line":100,"column":9}}]},"11":{"loc":{"start":{"line":102,"column":8},"end":{"line":104,"column":9}},"type":"if","locations":[{"start":{"line":102,"column":8},"end":{"line":104,"column":9}}]},"12":{"loc":{"start":{"line":106,"column":8},"end":{"line":108,"column":9}},"type":"if","locations":[{"start":{"line":106,"column":8},"end":{"line":108,"column":9}}]}},"s":{"0":0,"1":0,"2":0,"3":0,"4":0,"5":0,"6":0,"7":0,"8":0,"9":0,"10":0,"11":0,"12":0,"13":0,"14":0,"15":0,"16":0,"17":0,"18":0,"19":0,"20":0,"21":0,"22":0,"23":0,"24":0,"25":0,"26":0,"27":0,"28":0,"29":0,"30":0,"31":0,"32":0,"33":0,"34":0,"35":0,"36":0,"37":0,"38":0,"39":0,"40":0},"f":{"0":0,"1":0,"2":0,"3":0,"4":0,"5":0},"b":{"0":[0,0],"1":[0,0],"2":[0,0],"3":[0,0,0,0,0,0,0,0],"4":[0],"5":[0,0],"6":[0,0],"7":[0],"8":[0,0],"9":[0,0],"10":[0],"11":[0],"12":[0]}}
}
