TN:
SF:src\commandPaletteManager.ts
FN:15,(anonymous_9)
FN:33,(anonymous_10)
FN:39,(anonymous_11)
FN:49,(anonymous_12)
FN:60,(anonymous_13)
FN:70,(anonymous_14)
FN:81,(anonymous_15)
FN:91,(anonymous_16)
FN:101,(anonymous_17)
FN:110,(anonymous_18)
FN:120,(anonymous_19)
FN:130,(anonymous_20)
FN:141,(anonymous_21)
FN:150,(anonymous_22)
FN:160,(anonymous_23)
FN:169,(anonymous_24)
FN:180,(anonymous_25)
FN:189,(anonymous_26)
FN:200,(anonymous_27)
FN:209,(anonymous_28)
FN:213,(anonymous_29)
FN:232,(anonymous_30)
FN:233,(anonymous_31)
FN:236,(anonymous_32)
FN:240,(anonymous_33)
FN:267,(anonymous_34)
FN:280,(anonymous_35)
FN:287,(anonymous_36)
FN:294,(anonymous_37)
FN:318,(anonymous_38)
FN:343,(anonymous_39)
FN:349,(anonymous_40)
FN:354,(anonymous_41)
FN:359,(anonymous_42)
FN:364,(anonymous_43)
FN:373,(anonymous_44)
FN:378,(anonymous_45)
FN:383,(anonymous_46)
FN:388,(anonymous_47)
FN:393,(anonymous_48)
FN:398,(anonymous_49)
FN:403,(anonymous_50)
FN:408,(anonymous_51)
FN:483,(anonymous_52)
FNF:44
FNH:0
FNDA:0,(anonymous_9)
FNDA:0,(anonymous_10)
FNDA:0,(anonymous_11)
FNDA:0,(anonymous_12)
FNDA:0,(anonymous_13)
FNDA:0,(anonymous_14)
FNDA:0,(anonymous_15)
FNDA:0,(anonymous_16)
FNDA:0,(anonymous_17)
FNDA:0,(anonymous_18)
FNDA:0,(anonymous_19)
FNDA:0,(anonymous_20)
FNDA:0,(anonymous_21)
FNDA:0,(anonymous_22)
FNDA:0,(anonymous_23)
FNDA:0,(anonymous_24)
FNDA:0,(anonymous_25)
FNDA:0,(anonymous_26)
FNDA:0,(anonymous_27)
FNDA:0,(anonymous_28)
FNDA:0,(anonymous_29)
FNDA:0,(anonymous_30)
FNDA:0,(anonymous_31)
FNDA:0,(anonymous_32)
FNDA:0,(anonymous_33)
FNDA:0,(anonymous_34)
FNDA:0,(anonymous_35)
FNDA:0,(anonymous_36)
FNDA:0,(anonymous_37)
FNDA:0,(anonymous_38)
FNDA:0,(anonymous_39)
FNDA:0,(anonymous_40)
FNDA:0,(anonymous_41)
FNDA:0,(anonymous_42)
FNDA:0,(anonymous_43)
FNDA:0,(anonymous_44)
FNDA:0,(anonymous_45)
FNDA:0,(anonymous_46)
FNDA:0,(anonymous_47)
FNDA:0,(anonymous_48)
FNDA:0,(anonymous_49)
FNDA:0,(anonymous_50)
FNDA:0,(anonymous_51)
FNDA:0,(anonymous_52)
DA:1,0
DA:2,0
DA:15,0
DA:16,0
DA:17,0
DA:18,0
DA:19,0
DA:20,0
DA:21,0
DA:22,0
DA:23,0
DA:26,0
DA:28,0
DA:29,0
DA:34,0
DA:35,0
DA:36,0
DA:40,0
DA:41,0
DA:42,0
DA:44,0
DA:46,0
DA:50,0
DA:53,0
DA:60,0
DA:63,0
DA:70,0
DA:74,0
DA:81,0
DA:84,0
DA:91,0
DA:95,0
DA:101,0
DA:104,0
DA:110,0
DA:114,0
DA:120,0
DA:123,0
DA:130,0
DA:134,0
DA:141,0
DA:144,0
DA:150,0
DA:154,0
DA:160,0
DA:163,0
DA:169,0
DA:173,0
DA:180,0
DA:183,0
DA:189,0
DA:193,0
DA:200,0
DA:203,0
DA:209,0
DA:214,0
DA:215,0
DA:218,0
DA:221,0
DA:222,0
DA:223,0
DA:225,0
DA:233,0
DA:237,0
DA:241,0
DA:242,0
DA:244,0
DA:245,0
DA:246,0
DA:248,0
DA:250,0
DA:251,0
DA:252,0
DA:253,0
DA:255,0
DA:256,0
DA:257,0
DA:259,0
DA:263,0
DA:268,0
DA:270,0
DA:277,0
DA:281,0
DA:284,0
DA:288,0
DA:290,0
DA:295,0
DA:296,0
DA:297,0
DA:299,0
DA:300,0
DA:302,0
DA:303,0
DA:305,0
DA:306,0
DA:308,0
DA:310,0
DA:312,0
DA:313,0
DA:319,0
DA:321,0
DA:328,0
DA:329,0
DA:330,0
DA:331,0
DA:332,0
DA:334,0
DA:335,0
DA:337,0
DA:338,0
DA:344,0
DA:346,0
DA:350,0
DA:355,0
DA:356,0
DA:360,0
DA:365,0
DA:366,0
DA:367,0
DA:369,0
DA:374,0
DA:375,0
DA:379,0
DA:380,0
DA:384,0
DA:389,0
DA:390,0
DA:394,0
DA:395,0
DA:399,0
DA:404,0
DA:409,0
DA:484,0
DA:486,0
DA:487,0
DA:490,0
DA:491,0
DA:493,0
LF:138
LH:0
BRDA:15,0,0,0
BRDA:15,0,1,0
BRDA:40,1,0,0
BRDA:41,2,0,0
BRDA:214,3,0,0
BRDA:246,4,0,0
BRDA:252,5,0,0
BRDA:256,6,0,0
BRDA:328,7,0,0
BRF:9
BRH:0
end_of_record
TN:
SF:src\configEditor.ts
FN:8,(anonymous_9)
FN:10,(anonymous_10)
FN:28,(anonymous_11)
FN:34,(anonymous_12)
FN:50,(anonymous_13)
FN:78,(anonymous_14)
FN:102,(anonymous_15)
FN:119,(anonymous_16)
FNF:8
FNH:0
FNDA:0,(anonymous_9)
FNDA:0,(anonymous_10)
FNDA:0,(anonymous_11)
FNDA:0,(anonymous_12)
FNDA:0,(anonymous_13)
FNDA:0,(anonymous_14)
FNDA:0,(anonymous_15)
FNDA:0,(anonymous_16)
DA:1,0
DA:2,0
DA:5,0
DA:8,0
DA:11,0
DA:12,0
DA:13,0
DA:16,0
DA:26,0
DA:28,0
DA:29,0
DA:33,0
DA:35,0
DA:37,0
DA:38,0
DA:40,0
DA:41,0
DA:43,0
DA:44,0
DA:51,0
DA:52,0
DA:53,0
DA:55,0
DA:56,0
DA:57,0
DA:59,0
DA:65,0
DA:71,0
DA:79,0
DA:80,0
DA:81,0
DA:83,0
DA:84,0
DA:85,0
DA:87,0
DA:91,0
DA:94,0
DA:95,0
DA:103,0
DA:112,0
DA:113,0
DA:114,0
DA:115,0
DA:120,0
LF:44
LH:0
BRDA:11,0,0,0
BRDA:35,1,0,0
BRDA:35,1,1,0
BRDA:35,1,2,0
BRDA:55,2,0,0
BRDA:55,2,1,0
BRDA:55,3,0,0
BRDA:55,3,1,0
BRDA:83,4,0,0
BRDA:83,4,1,0
BRDA:112,5,0,0
BRDA:112,6,0,0
BRDA:112,6,1,0
BRF:13
BRH:0
end_of_record
TN:
SF:src\extension.ts
FN:10,activate
FN:32,deactivate
FNF:2
FNH:0
FNDA:0,activate
FNDA:0,deactivate
DA:1,0
DA:2,0
DA:10,0
DA:11,0
DA:13,0
DA:15,0
DA:18,0
DA:20,0
DA:23,0
DA:24,0
DA:25,0
DA:32,0
DA:33,0
DA:35,0
DA:36,0
DA:37,0
DA:38,0
DA:41,0
DA:44,0
DA:45,0
LF:20
LH:0
BRDA:36,0,0,0
BRF:1
BRH:0
end_of_record
TN:
SF:src\loggingManager.ts
FN:3,(anonymous_9)
FN:11,(anonymous_10)
FN:55,(anonymous_11)
FN:60,(anonymous_12)
FN:67,(anonymous_13)
FN:74,(anonymous_14)
FN:89,(anonymous_15)
FN:108,(anonymous_16)
FN:119,(anonymous_17)
FN:126,(anonymous_18)
FN:130,(anonymous_19)
FN:134,(anonymous_20)
FN:142,(anonymous_21)
FN:177,(anonymous_22)
FN:211,(anonymous_23)
FN:215,(anonymous_24)
FN:219,(anonymous_25)
FN:223,(anonymous_26)
FN:227,(anonymous_27)
FN:232,(anonymous_28)
FN:237,(anonymous_29)
FN:242,(anonymous_30)
FN:250,(anonymous_31)
FN:255,(anonymous_32)
FN:263,(anonymous_33)
FN:297,(anonymous_34)
FN:316,(anonymous_35)
FN:327,(anonymous_36)
FN:333,(anonymous_37)
FN:337,(anonymous_38)
FN:341,(anonymous_39)
FN:345,(anonymous_40)
FN:349,(anonymous_41)
FN:355,createLogger
FNF:34
FNH:0
FNDA:0,(anonymous_9)
FNDA:0,(anonymous_10)
FNDA:0,(anonymous_11)
FNDA:0,(anonymous_12)
FNDA:0,(anonymous_13)
FNDA:0,(anonymous_14)
FNDA:0,(anonymous_15)
FNDA:0,(anonymous_16)
FNDA:0,(anonymous_17)
FNDA:0,(anonymous_18)
FNDA:0,(anonymous_19)
FNDA:0,(anonymous_20)
FNDA:0,(anonymous_21)
FNDA:0,(anonymous_22)
FNDA:0,(anonymous_23)
FNDA:0,(anonymous_24)
FNDA:0,(anonymous_25)
FNDA:0,(anonymous_26)
FNDA:0,(anonymous_27)
FNDA:0,(anonymous_28)
FNDA:0,(anonymous_29)
FNDA:0,(anonymous_30)
FNDA:0,(anonymous_31)
FNDA:0,(anonymous_32)
FNDA:0,(anonymous_33)
FNDA:0,(anonymous_34)
FNDA:0,(anonymous_35)
FNDA:0,(anonymous_36)
FNDA:0,(anonymous_37)
FNDA:0,(anonymous_38)
FNDA:0,(anonymous_39)
FNDA:0,(anonymous_40)
FNDA:0,(anonymous_41)
FNDA:0,createLogger
DA:1,0
DA:3,0
DA:4,0
DA:5,0
DA:6,0
DA:7,0
DA:8,0
DA:11,0
DA:12,0
DA:13,0
DA:14,0
DA:15,0
DA:16,0
DA:17,0
DA:18,0
DA:19,0
DA:20,0
DA:40,0
DA:42,0
DA:43,0
DA:44,0
DA:45,0
DA:46,0
DA:47,0
DA:56,0
DA:57,0
DA:60,0
DA:61,0
DA:62,0
DA:68,0
DA:69,0
DA:71,0
DA:76,0
DA:79,0
DA:80,0
DA:81,0
DA:82,0
DA:83,0
DA:84,0
DA:85,0
DA:86,0
DA:90,0
DA:92,0
DA:94,0
DA:95,0
DA:97,0
DA:105,0
DA:109,0
DA:110,0
DA:111,0
DA:112,0
DA:113,0
DA:114,0
DA:115,0
DA:120,0
DA:127,0
DA:131,0
DA:135,0
DA:136,0
DA:138,0
DA:144,0
DA:145,0
DA:148,0
DA:158,0
DA:161,0
DA:162,0
DA:166,0
DA:169,0
DA:170,0
DA:173,0
DA:174,0
DA:178,0
DA:180,0
DA:181,0
DA:182,0
DA:185,0
DA:186,0
DA:187,0
DA:190,0
DA:191,0
DA:194,0
DA:195,0
DA:198,0
DA:200,0
DA:203,0
DA:204,0
DA:207,0
DA:212,0
DA:216,0
DA:220,0
DA:224,0
DA:228,0
DA:233,0
DA:234,0
DA:238,0
DA:239,0
DA:243,0
DA:244,0
DA:246,0
DA:255,0
DA:256,0
DA:257,0
DA:258,0
DA:259,0
DA:264,0
DA:274,0
DA:276,0
DA:277,0
DA:279,0
DA:284,0
DA:289,0
DA:290,0
DA:291,0
DA:298,0
DA:307,0
DA:308,0
DA:309,0
DA:310,0
DA:313,0
DA:317,0
DA:318,0
DA:320,0
DA:321,0
DA:326,0
DA:328,0
DA:329,0
DA:330,0
DA:334,0
DA:338,0
DA:342,0
DA:346,0
DA:350,0
DA:355,0
DA:356,0
LF:134
LH:0
BRDA:3,0,0,0
BRDA:3,0,1,0
BRDA:11,1,0,0
BRDA:11,1,1,0
BRDA:61,2,0,0
BRDA:68,3,0,0
BRDA:109,4,0,0
BRDA:109,4,1,0
BRDA:109,4,2,0
BRDA:109,4,3,0
BRDA:109,4,4,0
BRDA:109,4,5,0
BRDA:135,5,0,0
BRDA:135,5,1,0
BRDA:144,6,0,0
BRDA:144,7,0,0
BRDA:144,7,1,0
BRDA:161,8,0,0
BRDA:180,9,0,0
BRDA:185,10,0,0
BRDA:190,11,0,0
BRDA:194,12,0,0
BRDA:194,13,0,0
BRDA:194,13,1,0
BRDA:203,14,0,0
BRDA:256,15,0,0
BRDA:256,16,0,0
BRDA:256,16,1,0
BRDA:257,17,0,0
BRDA:257,18,0,0
BRDA:257,18,1,0
BRDA:258,19,0,0
BRDA:258,20,0,0
BRDA:258,20,1,0
BRDA:276,21,0,0
BRDA:276,21,1,0
BRDA:280,22,0,0
BRDA:280,22,1,0
BRDA:289,23,0,0
BRDA:309,24,0,0
BRDA:309,24,1,0
BRDA:310,25,0,0
BRDA:310,25,1,0
BRDA:330,26,0,0
BRF:44
BRH:0
end_of_record
TN:
SF:src\mcpServerManager.ts
FN:15,(anonymous_9)
FN:17,(anonymous_10)
FN:30,(anonymous_11)
FN:63,(anonymous_12)
FN:83,(anonymous_13)
FN:108,(anonymous_14)
FN:111,(anonymous_15)
FN:115,(anonymous_16)
FN:137,(anonymous_17)
FN:154,(anonymous_18)
FN:171,(anonymous_19)
FN:179,(anonymous_20)
FN:183,(anonymous_21)
FN:195,(anonymous_22)
FNF:14
FNH:0
FNDA:0,(anonymous_9)
FNDA:0,(anonymous_10)
FNDA:0,(anonymous_11)
FNDA:0,(anonymous_12)
FNDA:0,(anonymous_13)
FNDA:0,(anonymous_14)
FNDA:0,(anonymous_15)
FNDA:0,(anonymous_16)
FNDA:0,(anonymous_17)
FNDA:0,(anonymous_18)
FNDA:0,(anonymous_19)
FNDA:0,(anonymous_20)
FNDA:0,(anonymous_21)
FNDA:0,(anonymous_22)
DA:1,0
DA:12,0
DA:13,0
DA:15,0
DA:18,0
DA:27,0
DA:29,0
DA:31,0
DA:33,0
DA:34,0
DA:38,0
DA:40,0
DA:41,0
DA:43,0
DA:44,0
DA:46,0
DA:47,0
DA:49,0
DA:50,0
DA:56,0
DA:57,0
DA:64,0
DA:65,0
DA:66,0
DA:68,0
DA:69,0
DA:70,0
DA:71,0
DA:73,0
DA:75,0
DA:77,0
DA:83,0
DA:84,0
DA:85,0
DA:93,0
DA:96,0
DA:97,0
DA:98,0
DA:104,0
DA:109,0
DA:111,0
DA:116,0
DA:117,0
DA:118,0
DA:119,0
DA:122,0
DA:123,0
DA:124,0
DA:127,0
DA:128,0
DA:130,0
DA:133,0
DA:138,0
DA:139,0
DA:140,0
DA:141,0
DA:144,0
DA:145,0
DA:147,0
DA:150,0
DA:155,0
DA:156,0
DA:157,0
DA:158,0
DA:162,0
DA:163,0
DA:171,0
DA:172,0
DA:173,0
DA:175,0
DA:179,0
DA:180,0
DA:183,0
DA:184,0
DA:185,0
DA:188,0
DA:191,0
DA:196,0
LF:78
LH:0
BRDA:31,0,0,0
BRDA:31,0,1,0
BRDA:31,0,2,0
BRDA:31,0,3,0
BRDA:31,0,4,0
BRDA:68,1,0,0
BRDA:75,2,0,0
BRDA:75,3,0,0
BRDA:75,3,1,0
BRDA:88,4,0,0
BRDA:88,4,1,0
BRDA:88,4,2,0
BRDA:97,5,0,0
BRDA:97,6,0,0
BRDA:97,6,1,0
BRDA:118,7,0,0
BRDA:122,8,0,0
BRDA:127,9,0,0
BRDA:127,9,1,0
BRDA:140,10,0,0
BRDA:157,11,0,0
BRDA:157,12,0,0
BRDA:157,12,1,0
BRDA:172,13,0,0
BRDA:172,13,1,0
BRF:25
BRH:0
end_of_record
TN:
SF:src\processManager.ts
FN:21,(anonymous_9)
FN:23,(anonymous_10)
FN:30,(anonymous_11)
FN:55,(anonymous_12)
FN:76,(anonymous_13)
FN:99,(anonymous_14)
FN:103,(anonymous_15)
FN:107,(anonymous_16)
FN:112,(anonymous_17)
FN:113,(anonymous_18)
FN:117,(anonymous_19)
FN:119,(anonymous_20)
FN:122,(anonymous_21)
FN:125,(anonymous_22)
FN:129,(anonymous_23)
FN:134,(anonymous_24)
FN:139,(anonymous_25)
FN:144,(anonymous_26)
FN:149,(anonymous_27)
FN:154,(anonymous_28)
FN:159,(anonymous_29)
FN:163,(anonymous_30)
FN:168,(anonymous_31)
FN:176,(anonymous_32)
FNF:24
FNH:0
FNDA:0,(anonymous_9)
FNDA:0,(anonymous_10)
FNDA:0,(anonymous_11)
FNDA:0,(anonymous_12)
FNDA:0,(anonymous_13)
FNDA:0,(anonymous_14)
FNDA:0,(anonymous_15)
FNDA:0,(anonymous_16)
FNDA:0,(anonymous_17)
FNDA:0,(anonymous_18)
FNDA:0,(anonymous_19)
FNDA:0,(anonymous_20)
FNDA:0,(anonymous_21)
FNDA:0,(anonymous_22)
FNDA:0,(anonymous_23)
FNDA:0,(anonymous_24)
FNDA:0,(anonymous_25)
FNDA:0,(anonymous_26)
FNDA:0,(anonymous_27)
FNDA:0,(anonymous_28)
FNDA:0,(anonymous_29)
FNDA:0,(anonymous_30)
FNDA:0,(anonymous_31)
FNDA:0,(anonymous_32)
DA:2,0
DA:3,0
DA:16,0
DA:18,0
DA:19,0
DA:24,0
DA:25,0
DA:27,0
DA:31,0
DA:32,0
DA:33,0
DA:34,0
DA:37,0
DA:42,0
DA:43,0
DA:44,0
DA:55,0
DA:56,0
DA:57,0
DA:58,0
DA:59,0
DA:60,0
DA:61,0
DA:65,0
DA:66,0
DA:69,0
DA:71,0
DA:72,0
DA:77,0
DA:78,0
DA:79,0
DA:80,0
DA:81,0
DA:83,0
DA:84,0
DA:85,0
DA:86,0
DA:89,0
DA:90,0
DA:92,0
DA:94,0
DA:95,0
DA:100,0
DA:104,0
DA:108,0
DA:109,0
DA:113,0
DA:114,0
DA:118,0
DA:119,0
DA:124,0
DA:125,0
DA:130,0
DA:131,0
DA:135,0
DA:140,0
DA:141,0
DA:145,0
DA:150,0
DA:151,0
DA:155,0
DA:160,0
DA:164,0
DA:169,0
DA:170,0
DA:171,0
DA:177,0
DA:178,0
DA:179,0
LF:69
LH:0
BRDA:24,0,0,0
BRDA:32,1,0,0
BRDA:42,2,0,0
BRDA:58,3,0,0
BRDA:79,4,0,0
BRDA:79,5,0,0
BRDA:79,5,1,0
BRDA:83,6,0,0
BRDA:109,7,0,0
BRDA:109,7,1,0
BRDA:125,8,0,0
BRDA:125,8,1,0
BRDA:170,9,0,0
BRF:13
BRH:0
end_of_record
TN:
SF:src\socketMonitor.ts
FN:21,(anonymous_9)
FN:37,(anonymous_10)
FN:55,(anonymous_11)
FN:62,(anonymous_12)
FN:87,(anonymous_13)
FN:100,(anonymous_14)
FN:114,(anonymous_15)
FN:122,(anonymous_16)
FN:130,(anonymous_17)
FN:137,(anonymous_18)
FN:138,(anonymous_19)
FN:139,(anonymous_20)
FN:149,(anonymous_21)
FN:157,(anonymous_22)
FN:182,(anonymous_23)
FN:197,(anonymous_24)
FN:204,(anonymous_25)
FN:214,(anonymous_26)
FN:224,(anonymous_27)
FN:238,(anonymous_28)
FN:579,(anonymous_29)
FN:583,(anonymous_30)
FN:587,(anonymous_31)
FN:591,(anonymous_32)
FN:593,(anonymous_33)
FN:597,(anonymous_34)
FN:605,(anonymous_35)
FN:617,(anonymous_36)
FN:624,(anonymous_37)
FN:636,(anonymous_38)
FN:642,(anonymous_39)
FNF:31
FNH:0
FNDA:0,(anonymous_9)
FNDA:0,(anonymous_10)
FNDA:0,(anonymous_11)
FNDA:0,(anonymous_12)
FNDA:0,(anonymous_13)
FNDA:0,(anonymous_14)
FNDA:0,(anonymous_15)
FNDA:0,(anonymous_16)
FNDA:0,(anonymous_17)
FNDA:0,(anonymous_18)
FNDA:0,(anonymous_19)
FNDA:0,(anonymous_20)
FNDA:0,(anonymous_21)
FNDA:0,(anonymous_22)
FNDA:0,(anonymous_23)
FNDA:0,(anonymous_24)
FNDA:0,(anonymous_25)
FNDA:0,(anonymous_26)
FNDA:0,(anonymous_27)
FNDA:0,(anonymous_28)
FNDA:0,(anonymous_29)
FNDA:0,(anonymous_30)
FNDA:0,(anonymous_31)
FNDA:0,(anonymous_32)
FNDA:0,(anonymous_33)
FNDA:0,(anonymous_34)
FNDA:0,(anonymous_35)
FNDA:0,(anonymous_36)
FNDA:0,(anonymous_37)
FNDA:0,(anonymous_38)
FNDA:0,(anonymous_39)
DA:1,0
DA:2,0
DA:21,0
DA:24,0
DA:25,0
DA:26,0
DA:29,0
DA:30,0
DA:31,0
DA:33,0
DA:34,0
DA:35,0
DA:38,0
DA:39,0
DA:40,0
DA:43,0
DA:53,0
DA:55,0
DA:56,0
DA:57,0
DA:61,0
DA:63,0
DA:65,0
DA:66,0
DA:68,0
DA:69,0
DA:71,0
DA:72,0
DA:74,0
DA:75,0
DA:77,0
DA:78,0
DA:80,0
DA:81,0
DA:88,0
DA:89,0
DA:90,0
DA:93,0
DA:100,0
DA:101,0
DA:102,0
DA:109,0
DA:110,0
DA:111,0
DA:114,0
DA:115,0
DA:116,0
DA:122,0
DA:123,0
DA:130,0
DA:131,0
DA:132,0
DA:137,0
DA:138,0
DA:139,0
DA:142,0
DA:150,0
DA:151,0
DA:152,0
DA:153,0
DA:158,0
DA:169,0
DA:172,0
DA:173,0
DA:176,0
DA:183,0
DA:184,0
DA:188,0
DA:189,0
DA:190,0
DA:191,0
DA:193,0
DA:198,0
DA:199,0
DA:205,0
DA:206,0
DA:207,0
DA:215,0
DA:216,0
DA:217,0
DA:225,0
DA:226,0
DA:234,0
DA:239,0
DA:580,0
DA:584,0
DA:588,0
DA:593,0
DA:594,0
DA:595,0
DA:597,0
DA:598,0
DA:599,0
DA:600,0
DA:601,0
DA:605,0
DA:606,0
DA:607,0
DA:608,0
DA:612,0
DA:618,0
DA:619,0
DA:620,0
DA:621,0
DA:625,0
DA:627,0
DA:632,0
DA:633,0
DA:637,0
DA:638,0
DA:639,0
DA:643,0
LF:112
LH:0
BRDA:38,0,0,0
BRDA:63,1,0,0
BRDA:63,1,1,0
BRDA:63,1,2,0
BRDA:63,1,3,0
BRDA:63,1,4,0
BRDA:63,1,5,0
BRDA:89,2,0,0
BRDA:131,3,0,0
BRDA:131,4,0,0
BRDA:131,4,1,0
BRDA:150,5,0,0
BRDA:161,6,0,0
BRDA:161,6,1,0
BRDA:172,7,0,0
BRDA:183,8,0,0
BRDA:188,9,0,0
BRDA:188,9,1,0
BRDA:188,10,0,0
BRDA:188,10,1,0
BRDA:188,10,2,0
BRDA:190,11,0,0
BRDA:190,11,1,0
BRDA:190,12,0,0
BRDA:190,12,1,0
BRDA:190,12,2,0
BRDA:205,13,0,0
BRDA:205,14,0,0
BRDA:205,14,1,0
BRDA:215,15,0,0
BRDA:215,16,0,0
BRDA:215,16,1,0
BRDA:225,17,0,0
BRDA:225,18,0,0
BRDA:225,18,1,0
BRDA:587,19,0,0
BRDA:591,20,0,0
BRDA:598,21,0,0
BRDA:607,22,0,0
BRF:39
BRH:0
end_of_record
TN:
SF:src\statusManager.ts
FN:39,(anonymous_9)
FN:56,(anonymous_10)
FN:58,(anonymous_11)
FN:63,(anonymous_12)
FN:84,(anonymous_13)
FN:85,(anonymous_14)
FN:88,(anonymous_15)
FN:91,(anonymous_16)
FN:117,(anonymous_17)
FN:132,(anonymous_18)
FN:141,(anonymous_19)
FN:147,(anonymous_20)
FN:235,(anonymous_21)
FN:238,(anonymous_22)
FN:253,(anonymous_23)
FN:256,(anonymous_24)
FN:271,(anonymous_25)
FN:274,(anonymous_26)
FN:310,(anonymous_27)
FN:312,(anonymous_28)
FN:318,(anonymous_29)
FN:320,(anonymous_30)
FN:326,(anonymous_31)
FN:353,(anonymous_32)
FN:380,(anonymous_33)
FN:410,(anonymous_34)
FN:412,(anonymous_35)
FN:413,(anonymous_36)
FN:414,(anonymous_37)
FN:421,(anonymous_38)
FNF:30
FNH:0
FNDA:0,(anonymous_9)
FNDA:0,(anonymous_10)
FNDA:0,(anonymous_11)
FNDA:0,(anonymous_12)
FNDA:0,(anonymous_13)
FNDA:0,(anonymous_14)
FNDA:0,(anonymous_15)
FNDA:0,(anonymous_16)
FNDA:0,(anonymous_17)
FNDA:0,(anonymous_18)
FNDA:0,(anonymous_19)
FNDA:0,(anonymous_20)
FNDA:0,(anonymous_21)
FNDA:0,(anonymous_22)
FNDA:0,(anonymous_23)
FNDA:0,(anonymous_24)
FNDA:0,(anonymous_25)
FNDA:0,(anonymous_26)
FNDA:0,(anonymous_27)
FNDA:0,(anonymous_28)
FNDA:0,(anonymous_29)
FNDA:0,(anonymous_30)
FNDA:0,(anonymous_31)
FNDA:0,(anonymous_32)
FNDA:0,(anonymous_33)
FNDA:0,(anonymous_34)
FNDA:0,(anonymous_35)
FNDA:0,(anonymous_36)
FNDA:0,(anonymous_37)
FNDA:0,(anonymous_38)
DA:1,0
DA:32,0
DA:40,0
DA:41,0
DA:42,0
DA:44,0
DA:48,0
DA:50,0
DA:52,0
DA:53,0
DA:58,0
DA:59,0
DA:64,0
DA:65,0
DA:74,0
DA:75,0
DA:76,0
DA:77,0
DA:80,0
DA:85,0
DA:86,0
DA:88,0
DA:89,0
DA:91,0
DA:92,0
DA:94,0
DA:96,0
DA:97,0
DA:105,0
DA:106,0
DA:107,0
DA:108,0
DA:109,0
DA:111,0
DA:114,0
DA:118,0
DA:119,0
DA:120,0
DA:123,0
DA:132,0
DA:133,0
DA:136,0
DA:137,0
DA:142,0
DA:144,0
DA:148,0
DA:235,0
DA:238,0
DA:253,0
DA:256,0
DA:271,0
DA:274,0
DA:311,0
DA:312,0
DA:313,0
DA:314,0
DA:315,0
DA:319,0
DA:320,0
DA:321,0
DA:322,0
DA:323,0
DA:328,0
DA:355,0
DA:381,0
DA:382,0
DA:393,0
DA:394,0
DA:395,0
DA:397,0
DA:412,0
DA:413,0
DA:414,0
DA:416,0
DA:422,0
DA:423,0
DA:425,0
DA:426,0
DA:427,0
LF:79
LH:0
BRDA:106,0,0,0
BRDA:106,0,1,0
BRDA:108,1,0,0
BRDA:108,1,1,0
BRDA:118,2,0,0
BRDA:136,3,0,0
BRDA:142,4,0,0
BRDA:242,5,0,0
BRDA:242,5,1,0
BRDA:260,6,0,0
BRDA:260,6,1,0
BRDA:278,7,0,0
BRDA:278,7,1,0
BRDA:295,8,0,0
BRDA:295,8,1,0
BRDA:311,9,0,0
BRDA:313,10,0,0
BRDA:314,11,0,0
BRDA:319,12,0,0
BRDA:321,13,0,0
BRDA:322,14,0,0
BRDA:381,15,0,0
BRDA:400,16,0,0
BRDA:400,16,1,0
BRDA:405,17,0,0
BRDA:405,17,1,0
BRDA:422,18,0,0
BRF:27
BRH:0
end_of_record
TN:
SF:src\terminalManager.ts
FN:19,(anonymous_9)
FN:24,(anonymous_10)
FN:37,(anonymous_11)
FN:50,(anonymous_12)
FN:62,(anonymous_13)
FN:74,(anonymous_14)
FN:108,(anonymous_15)
FN:146,(anonymous_16)
FN:167,(anonymous_17)
FN:187,(anonymous_18)
FN:207,(anonymous_19)
FN:211,(anonymous_20)
FN:215,(anonymous_21)
FN:225,(anonymous_22)
FNF:14
FNH:0
FNDA:0,(anonymous_9)
FNDA:0,(anonymous_10)
FNDA:0,(anonymous_11)
FNDA:0,(anonymous_12)
FNDA:0,(anonymous_13)
FNDA:0,(anonymous_14)
FNDA:0,(anonymous_15)
FNDA:0,(anonymous_16)
FNDA:0,(anonymous_17)
FNDA:0,(anonymous_18)
FNDA:0,(anonymous_19)
FNDA:0,(anonymous_20)
FNDA:0,(anonymous_21)
FNDA:0,(anonymous_22)
DA:1,0
DA:2,0
DA:3,0
DA:4,0
DA:14,0
DA:15,0
DA:20,0
DA:21,0
DA:24,0
DA:25,0
DA:26,0
DA:27,0
DA:28,0
DA:29,0
DA:30,0
DA:31,0
DA:38,0
DA:39,0
DA:42,0
DA:43,0
DA:44,0
DA:47,0
DA:51,0
DA:52,0
DA:54,0
DA:55,0
DA:56,0
DA:59,0
DA:63,0
DA:64,0
DA:66,0
DA:67,0
DA:68,0
DA:71,0
DA:75,0
DA:76,0
DA:78,0
DA:79,0
DA:80,0
DA:85,0
DA:87,0
DA:88,0
DA:90,0
DA:91,0
DA:93,0
DA:94,0
DA:96,0
DA:97,0
DA:99,0
DA:100,0
DA:102,0
DA:105,0
DA:110,0
DA:111,0
DA:112,0
DA:113,0
DA:117,0
DA:128,0
DA:135,0
DA:138,0
DA:139,0
DA:141,0
DA:143,0
DA:148,0
DA:150,0
DA:156,0
DA:157,0
DA:158,0
DA:164,0
DA:168,0
DA:169,0
DA:171,0
DA:177,0
DA:178,0
DA:179,0
DA:180,0
DA:184,0
DA:188,0
DA:189,0
DA:191,0
DA:197,0
DA:198,0
DA:199,0
DA:200,0
DA:204,0
DA:208,0
DA:212,0
DA:216,0
DA:217,0
DA:218,0
DA:219,0
DA:220,0
DA:221,0
DA:226,0
DA:227,0
DA:229,0
DA:230,0
LF:97
LH:0
BRDA:26,0,0,0
BRDA:43,1,0,0
BRDA:55,2,0,0
BRDA:67,3,0,0
BRDA:79,4,0,0
BRDA:85,5,0,0
BRDA:85,5,1,0
BRDA:85,5,2,0
BRDA:85,5,3,0
BRDA:85,5,4,0
BRDA:85,5,5,0
BRDA:93,6,0,0
BRDA:93,6,1,0
BRDA:96,7,0,0
BRDA:96,7,1,0
BRDA:110,8,0,0
BRDA:148,9,0,0
BRDA:157,10,0,0
BRDA:157,11,0,0
BRDA:157,11,1,0
BRDA:164,12,0,0
BRDA:164,12,1,0
BRDA:169,13,0,0
BRDA:179,14,0,0
BRDA:189,15,0,0
BRDA:199,16,0,0
BRDA:217,17,0,0
BRF:27
BRH:0
end_of_record
TN:
SF:src\uiManager.ts
FN:17,(anonymous_9)
FN:19,(anonymous_10)
FN:32,(anonymous_11)
FN:65,(anonymous_12)
FN:78,(anonymous_13)
FN:104,(anonymous_14)
FN:171,(anonymous_15)
FN:175,(anonymous_16)
FN:187,(anonymous_17)
FN:204,(anonymous_18)
FN:220,(anonymous_19)
FNF:11
FNH:0
FNDA:0,(anonymous_9)
FNDA:0,(anonymous_10)
FNDA:0,(anonymous_11)
FNDA:0,(anonymous_12)
FNDA:0,(anonymous_13)
FNDA:0,(anonymous_14)
FNDA:0,(anonymous_15)
FNDA:0,(anonymous_16)
FNDA:0,(anonymous_17)
FNDA:0,(anonymous_18)
FNDA:0,(anonymous_19)
DA:1,0
DA:14,0
DA:15,0
DA:17,0
DA:20,0
DA:29,0
DA:31,0
DA:33,0
DA:35,0
DA:36,0
DA:40,0
DA:42,0
DA:43,0
DA:45,0
DA:46,0
DA:48,0
DA:49,0
DA:51,0
DA:52,0
DA:58,0
DA:59,0
DA:66,0
DA:67,0
DA:68,0
DA:70,0
DA:71,0
DA:72,0
DA:73,0
DA:75,0
DA:77,0
DA:78,0
DA:79,0
DA:89,0
DA:92,0
DA:93,0
DA:94,0
DA:100,0
DA:105,0
DA:106,0
DA:107,0
DA:108,0
DA:111,0
DA:112,0
DA:113,0
DA:117,0
DA:118,0
DA:120,0
DA:122,0
DA:123,0
DA:129,0
DA:130,0
DA:132,0
DA:133,0
DA:135,0
DA:138,0
DA:139,0
DA:140,0
DA:144,0
DA:145,0
DA:157,0
DA:169,0
DA:171,0
DA:172,0
DA:175,0
DA:176,0
DA:177,0
DA:180,0
DA:183,0
DA:188,0
DA:189,0
DA:190,0
DA:191,0
DA:194,0
DA:195,0
DA:197,0
DA:200,0
DA:205,0
DA:206,0
DA:207,0
DA:208,0
DA:211,0
DA:212,0
DA:213,0
DA:216,0
DA:217,0
DA:221,0
LF:86
LH:0
BRDA:33,0,0,0
BRDA:33,0,1,0
BRDA:33,0,2,0
BRDA:33,0,3,0
BRDA:33,0,4,0
BRDA:70,1,0,0
BRDA:77,2,0,0
BRDA:77,3,0,0
BRDA:77,3,1,0
BRDA:93,4,0,0
BRDA:93,5,0,0
BRDA:93,5,1,0
BRDA:107,6,0,0
BRDA:111,7,0,0
BRDA:120,8,0,0
BRDA:120,8,1,0
BRDA:120,8,2,0
BRDA:120,8,3,0
BRDA:120,8,4,0
BRDA:120,8,5,0
BRDA:120,8,6,0
BRDA:120,8,7,0
BRDA:129,9,0,0
BRDA:129,9,1,0
BRDA:132,10,0,0
BRDA:132,10,1,0
BRDA:139,11,0,0
BRDA:151,12,0,0
BRDA:151,12,1,0
BRDA:160,13,0,0
BRDA:160,13,1,0
BRDA:172,14,0,0
BRDA:172,14,1,0
BRDA:190,15,0,0
BRDA:206,16,0,0
BRDA:206,17,0,0
BRDA:206,17,1,0
BRDA:211,18,0,0
BRF:38
BRH:0
end_of_record
TN:
SF:src\webViewManager.ts
FN:38,(anonymous_9)
FN:44,(anonymous_10)
FN:54,(anonymous_11)
FN:119,(anonymous_12)
FN:124,(anonymous_13)
FN:131,(anonymous_14)
FN:138,(anonymous_15)
FN:150,(anonymous_16)
FN:183,(anonymous_17)
FN:196,(anonymous_18)
FN:202,(anonymous_19)
FN:230,(anonymous_20)
FN:289,(anonymous_21)
FN:314,(anonymous_22)
FN:339,(anonymous_23)
FN:359,(anonymous_24)
FN:381,(anonymous_25)
FN:385,(anonymous_26)
FN:389,(anonymous_27)
FN:390,(anonymous_28)
FN:393,(anonymous_29)
FN:408,(anonymous_30)
FN:430,(anonymous_31)
FN:443,(anonymous_32)
FN:456,(anonymous_33)
FN:469,(anonymous_34)
FN:480,(anonymous_35)
FN:483,(anonymous_36)
FN:484,(anonymous_37)
FNF:29
FNH:0
FNDA:0,(anonymous_9)
FNDA:0,(anonymous_10)
FNDA:0,(anonymous_11)
FNDA:0,(anonymous_12)
FNDA:0,(anonymous_13)
FNDA:0,(anonymous_14)
FNDA:0,(anonymous_15)
FNDA:0,(anonymous_16)
FNDA:0,(anonymous_17)
FNDA:0,(anonymous_18)
FNDA:0,(anonymous_19)
FNDA:0,(anonymous_20)
FNDA:0,(anonymous_21)
FNDA:0,(anonymous_22)
FNDA:0,(anonymous_23)
FNDA:0,(anonymous_24)
FNDA:0,(anonymous_25)
FNDA:0,(anonymous_26)
FNDA:0,(anonymous_27)
FNDA:0,(anonymous_28)
FNDA:0,(anonymous_29)
FNDA:0,(anonymous_30)
FNDA:0,(anonymous_31)
FNDA:0,(anonymous_32)
FNDA:0,(anonymous_33)
FNDA:0,(anonymous_34)
FNDA:0,(anonymous_35)
FNDA:0,(anonymous_36)
FNDA:0,(anonymous_37)
DA:1,0
DA:2,0
DA:4,0
DA:5,0
DA:31,0
DA:33,0
DA:39,0
DA:40,0
DA:41,0
DA:45,0
DA:46,0
DA:47,0
DA:49,0
DA:51,0
DA:55,0
DA:56,0
DA:59,0
DA:60,0
DA:61,0
DA:62,0
DA:63,0
DA:66,0
DA:70,0
DA:87,0
DA:98,0
DA:101,0
DA:102,0
DA:106,0
DA:108,0
DA:109,0
DA:111,0
DA:114,0
DA:115,0
DA:120,0
DA:123,0
DA:124,0
DA:130,0
DA:131,0
DA:137,0
DA:139,0
DA:140,0
DA:142,0
DA:151,0
DA:152,0
DA:155,0
DA:156,0
DA:158,0
DA:166,0
DA:167,0
DA:168,0
DA:171,0
DA:172,0
DA:174,0
DA:178,0
DA:179,0
DA:184,0
DA:186,0
DA:187,0
DA:188,0
DA:189,0
DA:190,0
DA:196,0
DA:199,0
DA:203,0
DA:205,0
DA:207,0
DA:208,0
DA:209,0
DA:211,0
DA:212,0
DA:213,0
DA:214,0
DA:216,0
DA:217,0
DA:219,0
DA:221,0
DA:222,0
DA:223,0
DA:226,0
DA:231,0
DA:290,0
DA:315,0
DA:340,0
DA:342,0
DA:344,0
DA:345,0
DA:346,0
DA:349,0
DA:350,0
DA:351,0
DA:355,0
DA:360,0
DA:361,0
DA:362,0
DA:365,0
DA:368,0
DA:369,0
DA:373,0
DA:376,0
DA:378,0
DA:382,0
DA:386,0
DA:390,0
DA:394,0
DA:395,0
DA:396,0
DA:399,0
DA:400,0
DA:401,0
DA:403,0
DA:404,0
DA:409,0
DA:410,0
DA:411,0
DA:414,0
DA:416,0
DA:417,0
DA:418,0
DA:419,0
DA:420,0
DA:423,0
DA:426,0
DA:431,0
DA:444,0
DA:457,0
DA:470,0
DA:481,0
DA:483,0
DA:484,0
DA:485,0
LF:130
LH:0
BRDA:45,0,0,0
BRDA:46,1,0,0
BRDA:59,2,0,0
BRDA:61,3,0,0
BRDA:77,4,0,0
BRDA:77,4,1,0
BRDA:101,5,0,0
BRDA:101,6,0,0
BRDA:101,6,1,0
BRDA:139,7,0,0
BRDA:139,7,1,0
BRDA:151,8,0,0
BRDA:151,9,0,0
BRDA:151,9,1,0
BRDA:166,10,0,0
BRDA:166,10,1,0
BRDA:171,11,0,0
BRDA:171,11,1,0
BRDA:189,12,0,0
BRDA:205,13,0,0
BRDA:205,13,1,0
BRDA:209,14,0,0
BRDA:209,14,1,0
BRDA:219,15,0,0
BRDA:219,15,1,0
BRDA:342,16,0,0
BRDA:342,16,1,0
BRDA:342,16,2,0
BRDA:361,17,0,0
BRDA:368,18,0,0
BRDA:395,19,0,0
BRDA:395,20,0,0
BRDA:395,20,1,0
BRDA:410,21,0,0
BRDA:416,22,0,0
BRF:35
BRH:0
end_of_record
TN:
SF:src\core\aiAssistantService.ts
FN:10,(anonymous_9)
FN:24,(anonymous_10)
FN:220,(anonymous_11)
FN:238,(anonymous_12)
FN:255,(anonymous_13)
FN:264,(anonymous_14)
FN:288,(anonymous_15)
FN:289,(anonymous_16)
FN:358,(anonymous_17)
FN:381,(anonymous_18)
FN:396,(anonymous_19)
FN:412,(anonymous_20)
FN:428,(anonymous_21)
FN:443,(anonymous_22)
FN:458,(anonymous_23)
FN:473,(anonymous_24)
FN:488,(anonymous_25)
FN:501,(anonymous_26)
FN:521,(anonymous_27)
FN:542,(anonymous_28)
FN:549,(anonymous_29)
FN:579,(anonymous_30)
FN:623,(anonymous_31)
FN:685,(anonymous_32)
FN:728,(anonymous_33)
FN:745,(anonymous_34)
FN:757,(anonymous_35)
FN:785,(anonymous_36)
FN:808,(anonymous_37)
FN:833,(anonymous_38)
FN:837,(anonymous_39)
FN:866,(anonymous_40)
FN:885,(anonymous_41)
FN:893,(anonymous_42)
FN:896,(anonymous_43)
FN:903,(anonymous_44)
FN:904,(anonymous_45)
FN:912,(anonymous_46)
FN:919,(anonymous_47)
FN:920,(anonymous_48)
FN:934,(anonymous_49)
FNF:41
FNH:0
FNDA:0,(anonymous_9)
FNDA:0,(anonymous_10)
FNDA:0,(anonymous_11)
FNDA:0,(anonymous_12)
FNDA:0,(anonymous_13)
FNDA:0,(anonymous_14)
FNDA:0,(anonymous_15)
FNDA:0,(anonymous_16)
FNDA:0,(anonymous_17)
FNDA:0,(anonymous_18)
FNDA:0,(anonymous_19)
FNDA:0,(anonymous_20)
FNDA:0,(anonymous_21)
FNDA:0,(anonymous_22)
FNDA:0,(anonymous_23)
FNDA:0,(anonymous_24)
FNDA:0,(anonymous_25)
FNDA:0,(anonymous_26)
FNDA:0,(anonymous_27)
FNDA:0,(anonymous_28)
FNDA:0,(anonymous_29)
FNDA:0,(anonymous_30)
FNDA:0,(anonymous_31)
FNDA:0,(anonymous_32)
FNDA:0,(anonymous_33)
FNDA:0,(anonymous_34)
FNDA:0,(anonymous_35)
FNDA:0,(anonymous_36)
FNDA:0,(anonymous_37)
FNDA:0,(anonymous_38)
FNDA:0,(anonymous_39)
FNDA:0,(anonymous_40)
FNDA:0,(anonymous_41)
FNDA:0,(anonymous_42)
FNDA:0,(anonymous_43)
FNDA:0,(anonymous_44)
FNDA:0,(anonymous_45)
FNDA:0,(anonymous_46)
FNDA:0,(anonymous_47)
FNDA:0,(anonymous_48)
FNDA:0,(anonymous_49)
DA:1,0
DA:2,0
DA:4,0
DA:5,0
DA:10,0
DA:11,0
DA:12,0
DA:13,0
DA:14,0
DA:15,0
DA:16,0
DA:17,0
DA:18,0
DA:24,0
DA:25,0
DA:26,0
DA:27,0
DA:28,0
DA:29,0
DA:30,0
DA:204,0
DA:211,0
DA:212,0
DA:215,0
DA:217,0
DA:218,0
DA:225,0
DA:226,0
DA:227,0
DA:228,0
DA:229,0
DA:230,0
DA:232,0
DA:243,0
DA:244,0
DA:245,0
DA:247,0
DA:249,0
DA:256,0
DA:257,0
DA:258,0
DA:265,0
DA:289,0
DA:290,0
DA:291,0
DA:294,0
DA:295,0
DA:298,0
DA:311,0
DA:313,0
DA:314,0
DA:316,0
DA:317,0
DA:319,0
DA:320,0
DA:322,0
DA:323,0
DA:325,0
DA:326,0
DA:328,0
DA:329,0
DA:331,0
DA:332,0
DA:334,0
DA:335,0
DA:337,0
DA:340,0
DA:343,0
DA:346,0
DA:348,0
DA:350,0
DA:359,0
DA:361,0
DA:371,0
DA:372,0
DA:373,0
DA:375,0
DA:382,0
DA:384,0
DA:386,0
DA:387,0
DA:388,0
DA:390,0
DA:397,0
DA:399,0
DA:401,0
DA:402,0
DA:403,0
DA:404,0
DA:406,0
DA:413,0
DA:415,0
DA:417,0
DA:418,0
DA:419,0
DA:420,0
DA:422,0
DA:429,0
DA:431,0
DA:433,0
DA:434,0
DA:435,0
DA:437,0
DA:444,0
DA:446,0
DA:448,0
DA:449,0
DA:450,0
DA:452,0
DA:459,0
DA:461,0
DA:463,0
DA:464,0
DA:465,0
DA:467,0
DA:474,0
DA:476,0
DA:478,0
DA:479,0
DA:480,0
DA:482,0
DA:489,0
DA:491,0
DA:492,0
DA:493,0
DA:495,0
DA:502,0
DA:522,0
DA:543,0
DA:550,0
DA:553,0
DA:554,0
DA:573,0
DA:580,0
DA:583,0
DA:584,0
DA:600,0
DA:601,0
DA:617,0
DA:628,0
DA:629,0
DA:636,0
DA:637,0
DA:638,0
DA:641,0
DA:642,0
DA:643,0
DA:645,0
DA:659,0
DA:660,0
DA:661,0
DA:663,0
DA:679,0
DA:689,0
DA:690,0
DA:693,0
DA:705,0
DA:722,0
DA:729,0
DA:732,0
DA:734,0
DA:735,0
DA:745,0
DA:751,0
DA:758,0
DA:760,0
DA:761,0
DA:779,0
DA:786,0
DA:789,0
DA:802,0
DA:809,0
DA:810,0
DA:812,0
DA:827,0
DA:835,0
DA:836,0
DA:837,0
DA:840,0
DA:841,0
DA:843,0
DA:851,0
DA:852,0
DA:853,0
DA:854,0
DA:857,0
DA:867,0
DA:868,0
DA:869,0
DA:870,0
DA:874,0
DA:875,0
DA:876,0
DA:877,0
DA:892,0
DA:893,0
DA:895,0
DA:896,0
DA:897,0
DA:900,0
DA:903,0
DA:904,0
DA:913,0
DA:920,0
DA:921,0
DA:922,0
DA:923,0
DA:924,0
DA:926,0
DA:935,0
DA:936,0
DA:937,0
LF:212
LH:0
BRDA:10,0,0,0
BRDA:10,0,1,0
BRDA:24,1,0,0
BRDA:24,1,1,0
BRDA:243,2,0,0
BRDA:244,3,0,0
BRDA:244,4,0,0
BRDA:244,4,1,0
BRDA:244,4,2,0
BRDA:289,5,0,0
BRDA:289,5,1,0
BRDA:311,6,0,0
BRDA:311,6,1,0
BRDA:311,6,2,0
BRDA:311,6,3,0
BRDA:311,6,4,0
BRDA:311,6,5,0
BRDA:311,6,6,0
BRDA:311,6,7,0
BRDA:311,6,8,0
BRDA:364,7,0,0
BRDA:364,7,1,0
BRDA:387,8,0,0
BRDA:387,8,1,0
BRDA:388,9,0,0
BRDA:388,9,1,0
BRDA:449,10,0,0
BRDA:449,10,1,0
BRDA:450,11,0,0
BRDA:450,11,1,0
BRDA:464,12,0,0
BRDA:464,12,1,0
BRDA:465,13,0,0
BRDA:465,13,1,0
BRDA:553,14,0,0
BRDA:583,15,0,0
BRDA:583,16,0,0
BRDA:583,16,1,0
BRDA:600,17,0,0
BRDA:628,18,0,0
BRDA:641,19,0,0
BRDA:641,19,1,0
BRDA:659,20,0,0
BRDA:734,21,0,0
BRDA:760,22,0,0
BRDA:760,23,0,0
BRDA:760,23,1,0
BRDA:817,24,0,0
BRDA:817,24,1,0
BRDA:835,25,0,0
BRDA:840,26,0,0
BRDA:840,26,1,0
BRDA:851,27,0,0
BRDA:853,28,0,0
BRDA:853,28,1,0
BRDA:867,29,0,0
BRDA:869,30,0,0
BRDA:874,31,0,0
BRDA:876,32,0,0
BRDA:897,33,0,0
BRDA:897,33,1,0
BRDA:902,34,0,0
BRDA:902,34,1,0
BRDA:903,35,0,0
BRDA:903,35,1,0
BRDA:904,36,0,0
BRDA:904,36,1,0
BRF:67
BRH:0
end_of_record
TN:
SF:src\core\analyticsService.ts
FN:9,(anonymous_9)
FN:109,(anonymous_10)
FN:125,(anonymous_11)
FN:141,(anonymous_12)
FN:154,(anonymous_13)
FN:163,(anonymous_14)
FN:171,(anonymous_15)
FN:177,(anonymous_16)
FN:226,(anonymous_17)
FN:233,(anonymous_18)
FN:277,(anonymous_19)
FN:280,(anonymous_20)
FN:288,(anonymous_21)
FN:289,(anonymous_22)
FN:291,(anonymous_23)
FN:296,(anonymous_24)
FN:301,(anonymous_25)
FN:305,(anonymous_26)
FN:310,(anonymous_27)
FN:315,(anonymous_28)
FN:319,(anonymous_29)
FN:324,(anonymous_30)
FN:329,(anonymous_31)
FN:332,(anonymous_32)
FN:333,(anonymous_33)
FN:334,(anonymous_34)
FN:337,(anonymous_35)
FN:338,(anonymous_36)
FN:382,(anonymous_37)
FN:385,(anonymous_38)
FN:398,(anonymous_39)
FN:401,(anonymous_40)
FN:412,(anonymous_41)
FN:422,(anonymous_42)
FN:425,(anonymous_43)
FN:438,(anonymous_44)
FN:439,(anonymous_45)
FN:445,(anonymous_46)
FN:447,(anonymous_47)
FN:453,(anonymous_48)
FN:455,(anonymous_49)
FN:456,(anonymous_50)
FN:465,(anonymous_51)
FN:468,(anonymous_52)
FN:476,(anonymous_53)
FN:480,(anonymous_54)
FN:487,(anonymous_55)
FN:496,(anonymous_56)
FN:505,(anonymous_57)
FN:506,(anonymous_58)
FN:525,(anonymous_59)
FN:526,(anonymous_60)
FN:541,(anonymous_61)
FN:542,(anonymous_62)
FN:565,(anonymous_63)
FN:573,(anonymous_64)
FN:574,(anonymous_65)
FNF:57
FNH:11
FNDA:1,(anonymous_9)
FNDA:1,(anonymous_10)
FNDA:12,(anonymous_11)
FNDA:1,(anonymous_12)
FNDA:1,(anonymous_13)
FNDA:0,(anonymous_14)
FNDA:5,(anonymous_15)
FNDA:0,(anonymous_16)
FNDA:2,(anonymous_17)
FNDA:0,(anonymous_18)
FNDA:2,(anonymous_19)
FNDA:2,(anonymous_20)
FNDA:0,(anonymous_21)
FNDA:0,(anonymous_22)
FNDA:0,(anonymous_23)
FNDA:0,(anonymous_24)
FNDA:0,(anonymous_25)
FNDA:0,(anonymous_26)
FNDA:0,(anonymous_27)
FNDA:0,(anonymous_28)
FNDA:0,(anonymous_29)
FNDA:0,(anonymous_30)
FNDA:0,(anonymous_31)
FNDA:0,(anonymous_32)
FNDA:0,(anonymous_33)
FNDA:0,(anonymous_34)
FNDA:0,(anonymous_35)
FNDA:0,(anonymous_36)
FNDA:0,(anonymous_37)
FNDA:0,(anonymous_38)
FNDA:0,(anonymous_39)
FNDA:0,(anonymous_40)
FNDA:0,(anonymous_41)
FNDA:0,(anonymous_42)
FNDA:0,(anonymous_43)
FNDA:0,(anonymous_44)
FNDA:0,(anonymous_45)
FNDA:0,(anonymous_46)
FNDA:0,(anonymous_47)
FNDA:0,(anonymous_48)
FNDA:0,(anonymous_49)
FNDA:0,(anonymous_50)
FNDA:0,(anonymous_51)
FNDA:0,(anonymous_52)
FNDA:0,(anonymous_53)
FNDA:0,(anonymous_54)
FNDA:0,(anonymous_55)
FNDA:0,(anonymous_56)
FNDA:0,(anonymous_57)
FNDA:0,(anonymous_58)
FNDA:0,(anonymous_59)
FNDA:0,(anonymous_60)
FNDA:0,(anonymous_61)
FNDA:0,(anonymous_62)
FNDA:11,(anonymous_63)
FNDA:1,(anonymous_64)
FNDA:0,(anonymous_65)
DA:1,1
DA:2,1
DA:3,1
DA:9,1
DA:10,1
DA:11,1
DA:12,1
DA:13,1
DA:14,1
DA:15,1
DA:16,1
DA:17,1
DA:18,1
DA:19,1
DA:20,1
DA:96,1
DA:99,1
DA:100,1
DA:105,1
DA:106,1
DA:107,1
DA:113,1
DA:114,1
DA:115,1
DA:116,1
DA:117,1
DA:119,1
DA:129,12
DA:130,1
DA:131,0
DA:133,1
DA:135,12
DA:142,1
DA:155,1
DA:156,1
DA:157,1
DA:164,0
DA:165,0
DA:177,5
DA:179,0
DA:180,0
DA:183,0
DA:201,0
DA:202,0
DA:204,0
DA:205,0
DA:208,0
DA:209,0
DA:213,0
DA:214,0
DA:215,0
DA:218,0
DA:233,2
DA:234,0
DA:235,0
DA:238,0
DA:239,0
DA:249,0
DA:252,0
DA:265,0
DA:266,0
DA:269,0
DA:278,2
DA:280,2
DA:281,2
DA:289,0
DA:291,0
DA:292,0
DA:293,0
DA:295,0
DA:296,0
DA:301,0
DA:305,0
DA:306,0
DA:307,0
DA:309,0
DA:310,0
DA:315,0
DA:319,0
DA:320,0
DA:321,0
DA:323,0
DA:324,0
DA:329,0
DA:332,0
DA:333,0
DA:334,0
DA:336,0
DA:337,0
DA:338,0
DA:344,0
DA:350,0
DA:361,0
DA:383,0
DA:385,0
DA:386,0
DA:387,0
DA:388,0
DA:392,0
DA:399,0
DA:401,0
DA:402,0
DA:403,0
DA:405,0
DA:406,0
DA:407,0
DA:411,0
DA:412,0
DA:413,0
DA:416,0
DA:423,0
DA:425,0
DA:426,0
DA:427,0
DA:428,0
DA:432,0
DA:439,0
DA:446,0
DA:447,0
DA:454,0
DA:455,0
DA:456,0
DA:459,0
DA:466,0
DA:468,0
DA:469,0
DA:470,0
DA:472,0
DA:475,0
DA:476,0
DA:480,0
DA:490,0
DA:499,0
DA:506,0
DA:507,0
DA:515,0
DA:519,0
DA:526,0
DA:527,0
DA:528,0
DA:529,0
DA:530,0
DA:531,0
DA:533,0
DA:542,0
DA:543,0
DA:544,0
DA:546,0
DA:557,0
DA:567,11
DA:574,1
DA:575,0
DA:577,0
DA:586,0
LF:154
LH:42
BRDA:9,0,0,1
BRDA:9,0,1,1
BRDA:129,1,0,1
BRDA:130,2,0,0
BRDA:130,3,0,1
BRDA:130,3,1,1
BRDA:174,4,0,0
BRDA:175,5,0,5
BRDA:179,6,0,0
BRDA:204,7,0,0
BRDA:208,8,0,0
BRDA:213,9,0,0
BRDA:229,10,0,0
BRDA:234,11,0,0
BRDA:265,12,0,0
BRDA:280,13,0,0
BRDA:313,14,0,0
BRDA:313,14,1,0
BRDA:327,15,0,0
BRDA:327,15,1,0
BRDA:361,16,0,0
BRDA:361,16,1,0
BRDA:387,17,0,0
BRDA:388,18,0,0
BRDA:388,18,1,0
BRDA:405,19,0,0
BRDA:405,20,0,0
BRDA:405,20,1,0
BRDA:406,21,0,0
BRDA:427,22,0,0
BRDA:446,23,0,0
BRDA:469,24,0,0
BRDA:519,25,0,0
BRDA:519,25,1,0
BRDA:586,26,0,0
BRDA:586,26,1,0
BRF:36
BRH:6
end_of_record
TN:
SF:src\core\configurationService.ts
FN:236,(anonymous_9)
FN:67,(anonymous_10)
FN:80,(anonymous_11)
FN:107,(anonymous_12)
FN:114,(anonymous_13)
FN:135,(anonymous_14)
FN:142,(anonymous_15)
FN:151,(anonymous_16)
FN:158,(anonymous_17)
FN:173,(anonymous_18)
FN:232,(anonymous_19)
FN:241,(anonymous_20)
FN:251,(anonymous_21)
FN:279,(anonymous_22)
FN:304,(anonymous_23)
FN:317,(anonymous_24)
FN:331,(anonymous_25)
FN:332,(anonymous_26)
FN:346,(anonymous_27)
FN:367,(anonymous_28)
FN:374,(anonymous_29)
FN:382,(anonymous_30)
FN:419,(anonymous_31)
FN:420,(anonymous_32)
FN:440,(anonymous_33)
FN:441,(anonymous_34)
FN:447,(anonymous_35)
FN:481,(anonymous_36)
FNF:28
FNH:0
FNDA:0,(anonymous_9)
FNDA:0,(anonymous_10)
FNDA:0,(anonymous_11)
FNDA:0,(anonymous_12)
FNDA:0,(anonymous_13)
FNDA:0,(anonymous_14)
FNDA:0,(anonymous_15)
FNDA:0,(anonymous_16)
FNDA:0,(anonymous_17)
FNDA:0,(anonymous_18)
FNDA:0,(anonymous_19)
FNDA:0,(anonymous_20)
FNDA:0,(anonymous_21)
FNDA:0,(anonymous_22)
FNDA:0,(anonymous_23)
FNDA:0,(anonymous_24)
FNDA:0,(anonymous_25)
FNDA:0,(anonymous_26)
FNDA:0,(anonymous_27)
FNDA:0,(anonymous_28)
FNDA:0,(anonymous_29)
FNDA:0,(anonymous_30)
FNDA:0,(anonymous_31)
FNDA:0,(anonymous_32)
FNDA:0,(anonymous_33)
FNDA:0,(anonymous_34)
FNDA:0,(anonymous_35)
FNDA:0,(anonymous_36)
DA:1,0
DA:2,0
DA:3,0
DA:55,0
DA:58,0
DA:60,0
DA:67,0
DA:80,0
DA:107,0
DA:114,0
DA:135,0
DA:142,0
DA:151,0
DA:158,0
DA:173,0
DA:232,0
DA:237,0
DA:238,0
DA:242,0
DA:243,0
DA:245,0
DA:252,0
DA:253,0
DA:255,0
DA:256,0
DA:257,0
DA:260,0
DA:263,0
DA:264,0
DA:265,0
DA:270,0
DA:273,0
DA:284,0
DA:285,0
DA:286,0
DA:288,0
DA:289,0
DA:292,0
DA:293,0
DA:294,0
DA:296,0
DA:297,0
DA:305,0
DA:307,0
DA:308,0
DA:311,0
DA:318,0
DA:320,0
DA:321,0
DA:322,0
DA:325,0
DA:332,0
DA:333,0
DA:335,0
DA:336,0
DA:339,0
DA:347,0
DA:349,0
DA:350,0
DA:351,0
DA:353,0
DA:354,0
DA:358,0
DA:368,0
DA:375,0
DA:376,0
DA:386,0
DA:387,0
DA:388,0
DA:391,0
DA:392,0
DA:393,0
DA:394,0
DA:398,0
DA:399,0
DA:403,0
DA:404,0
DA:405,0
DA:408,0
DA:409,0
DA:411,0
DA:412,0
DA:420,0
DA:421,0
DA:422,0
DA:425,0
DA:426,0
DA:427,0
DA:441,0
DA:448,0
DA:450,0
DA:451,0
DA:455,0
DA:456,0
DA:460,0
DA:461,0
DA:463,0
DA:464,0
DA:468,0
DA:469,0
DA:470,0
DA:471,0
DA:475,0
DA:483,0
DA:488,0
LF:105
LH:0
BRDA:67,0,0,0
BRDA:67,0,1,0
BRDA:80,1,0,0
BRDA:80,1,1,0
BRDA:80,1,2,0
BRDA:107,2,0,0
BRDA:107,2,1,0
BRDA:107,2,2,0
BRDA:114,3,0,0
BRDA:114,3,1,0
BRDA:114,3,2,0
BRDA:135,4,0,0
BRDA:135,4,1,0
BRDA:135,4,2,0
BRDA:142,5,0,0
BRDA:142,5,1,0
BRDA:142,5,2,0
BRDA:151,6,0,0
BRDA:151,6,1,0
BRDA:151,6,2,0
BRDA:158,7,0,0
BRDA:158,7,1,0
BRDA:158,7,2,0
BRDA:173,8,0,0
BRDA:173,8,1,0
BRDA:232,9,0,0
BRDA:232,9,1,0
BRDA:232,9,2,0
BRDA:242,10,0,0
BRDA:255,11,0,0
BRDA:264,12,0,0
BRDA:282,13,0,0
BRDA:288,14,0,0
BRDA:331,15,0,0
BRDA:353,16,0,0
BRDA:384,17,0,0
BRDA:393,18,0,0
BRDA:398,19,0,0
BRDA:421,20,0,0
BRDA:426,21,0,0
BRDA:450,22,0,0
BRDA:455,23,0,0
BRDA:455,24,0,0
BRDA:455,24,1,0
BRDA:455,24,2,0
BRDA:455,24,3,0
BRDA:461,25,0,0
BRDA:461,25,1,0
BRDA:463,26,0,0
BRDA:463,27,0,0
BRDA:463,27,1,0
BRDA:468,28,0,0
BRDA:468,29,0,0
BRDA:468,29,1,0
BRDA:470,30,0,0
BRF:55
BRH:0
end_of_record
TN:
SF:src\core\errorBoundary.ts
FN:4,(anonymous_9)
FN:36,(anonymous_10)
FN:40,(anonymous_11)
FN:50,(anonymous_12)
FN:85,(anonymous_13)
FN:102,(anonymous_14)
FN:119,(anonymous_15)
FN:142,(anonymous_16)
FN:152,(anonymous_17)
FN:159,(anonymous_18)
FN:163,(anonymous_19)
FN:167,(anonymous_20)
FN:187,(anonymous_21)
FN:203,(anonymous_22)
FN:252,(anonymous_23)
FN:275,(anonymous_24)
FN:293,(anonymous_25)
FN:319,(anonymous_26)
FN:331,(anonymous_27)
FN:338,(anonymous_28)
FN:368,(anonymous_29)
FN:388,(anonymous_30)
FN:395,(anonymous_31)
FN:403,safeAsync
FN:411,safe
FNF:25
FNH:0
FNDA:0,(anonymous_9)
FNDA:0,(anonymous_10)
FNDA:0,(anonymous_11)
FNDA:0,(anonymous_12)
FNDA:0,(anonymous_13)
FNDA:0,(anonymous_14)
FNDA:0,(anonymous_15)
FNDA:0,(anonymous_16)
FNDA:0,(anonymous_17)
FNDA:0,(anonymous_18)
FNDA:0,(anonymous_19)
FNDA:0,(anonymous_20)
FNDA:0,(anonymous_21)
FNDA:0,(anonymous_22)
FNDA:0,(anonymous_23)
FNDA:0,(anonymous_24)
FNDA:0,(anonymous_25)
FNDA:0,(anonymous_26)
FNDA:0,(anonymous_27)
FNDA:0,(anonymous_28)
FNDA:0,(anonymous_29)
FNDA:0,(anonymous_30)
FNDA:0,(anonymous_31)
FNDA:0,safeAsync
FNDA:0,safe
DA:1,0
DA:2,0
DA:4,0
DA:5,0
DA:6,0
DA:7,0
DA:8,0
DA:30,0
DA:33,0
DA:34,0
DA:37,0
DA:41,0
DA:42,0
DA:44,0
DA:56,0
DA:59,0
DA:62,0
DA:65,0
DA:66,0
DA:70,0
DA:71,0
DA:72,0
DA:75,0
DA:91,0
DA:92,0
DA:94,0
DA:95,0
DA:108,0
DA:109,0
DA:111,0
DA:112,0
DA:124,0
DA:125,0
DA:127,0
DA:143,0
DA:144,0
DA:145,0
DA:146,0
DA:153,0
DA:154,0
DA:155,0
DA:157,0
DA:159,0
DA:160,0
DA:163,0
DA:164,0
DA:167,0
DA:168,0
DA:172,0
DA:175,0
DA:178,0
DA:180,0
DA:188,0
DA:189,0
DA:197,0
DA:207,0
DA:209,0
DA:211,0
DA:216,0
DA:217,0
DA:218,0
DA:219,0
DA:221,0
DA:224,0
DA:229,0
DA:230,0
DA:233,0
DA:236,0
DA:237,0
DA:241,0
DA:245,0
DA:253,0
DA:262,0
DA:263,0
DA:264,0
DA:269,0
DA:276,0
DA:278,0
DA:280,0
DA:282,0
DA:284,0
DA:286,0
DA:294,0
DA:308,0
DA:313,0
DA:320,0
DA:323,0
DA:324,0
DA:332,0
DA:344,0
DA:345,0
DA:347,0
DA:354,0
DA:366,0
DA:368,0
DA:369,0
DA:370,0
DA:372,0
DA:373,0
DA:377,0
DA:389,0
DA:396,0
DA:401,0
DA:403,0
DA:408,0
DA:411,0
DA:416,0
LF:107
LH:0
BRDA:4,0,0,0
BRDA:4,0,1,0
BRDA:41,1,0,0
BRDA:53,2,0,0
BRDA:54,3,0,0
BRDA:62,4,0,0
BRDA:62,4,1,0
BRDA:65,5,0,0
BRDA:70,6,0,0
BRDA:88,7,0,0
BRDA:89,8,0,0
BRDA:105,9,0,0
BRDA:106,10,0,0
BRDA:125,11,0,0
BRDA:125,11,1,0
BRDA:134,12,0,0
BRDA:134,12,1,0
BRDA:135,13,0,0
BRDA:135,13,1,0
BRDA:159,14,0,0
BRDA:163,15,0,0
BRDA:167,16,0,0
BRDA:172,17,0,0
BRDA:172,17,1,0
BRDA:172,17,2,0
BRDA:172,17,3,0
BRDA:172,17,4,0
BRDA:209,18,0,0
BRDA:209,18,1,0
BRDA:209,18,2,0
BRDA:209,18,3,0
BRDA:216,19,0,0
BRDA:216,19,1,0
BRDA:218,20,0,0
BRDA:227,21,0,0
BRDA:227,21,1,0
BRDA:229,22,0,0
BRDA:263,23,0,0
BRDA:276,24,0,0
BRDA:276,24,1,0
BRDA:276,24,2,0
BRDA:276,24,3,0
BRDA:276,24,4,0
BRDA:303,25,0,0
BRDA:303,25,1,0
BRDA:305,26,0,0
BRDA:305,26,1,0
BRDA:323,27,0,0
BRDA:372,28,0,0
BRDA:406,29,0,0
BRDA:414,30,0,0
BRF:51
BRH:0
end_of_record
TN:
SF:src\core\extensionBootstrap.ts
FN:32,(anonymous_9)
FN:34,(anonymous_10)
FN:44,(anonymous_11)
FN:107,(anonymous_12)
FN:123,(anonymous_13)
FN:144,(anonymous_14)
FN:154,(anonymous_15)
FN:164,(anonymous_16)
FN:182,(anonymous_17)
FN:200,(anonymous_18)
FN:218,(anonymous_19)
FN:236,(anonymous_20)
FN:239,(anonymous_21)
FN:241,(anonymous_22)
FN:253,(anonymous_23)
FN:282,(anonymous_24)
FN:314,(anonymous_25)
FN:346,(anonymous_26)
FN:373,(anonymous_27)
FN:387,(anonymous_28)
FN:391,(anonymous_29)
FN:405,(anonymous_30)
FN:470,(anonymous_31)
FN:548,(anonymous_32)
FN:559,(anonymous_33)
FN:560,(anonymous_34)
FN:560,(anonymous_35)
FN:605,(anonymous_36)
FN:655,(anonymous_37)
FN:682,(anonymous_38)
FN:695,(anonymous_39)
FN:721,(anonymous_40)
FN:742,(anonymous_41)
FN:747,(anonymous_42)
FN:757,(anonymous_43)
FN:776,(anonymous_44)
FN:790,(anonymous_45)
FN:791,(anonymous_46)
FN:793,(anonymous_47)
FN:800,(anonymous_48)
FN:807,(anonymous_49)
FN:851,(anonymous_50)
FN:866,(anonymous_51)
FN:887,(anonymous_52)
FN:908,(anonymous_53)
FN:925,(anonymous_54)
FNF:46
FNH:0
FNDA:0,(anonymous_9)
FNDA:0,(anonymous_10)
FNDA:0,(anonymous_11)
FNDA:0,(anonymous_12)
FNDA:0,(anonymous_13)
FNDA:0,(anonymous_14)
FNDA:0,(anonymous_15)
FNDA:0,(anonymous_16)
FNDA:0,(anonymous_17)
FNDA:0,(anonymous_18)
FNDA:0,(anonymous_19)
FNDA:0,(anonymous_20)
FNDA:0,(anonymous_21)
FNDA:0,(anonymous_22)
FNDA:0,(anonymous_23)
FNDA:0,(anonymous_24)
FNDA:0,(anonymous_25)
FNDA:0,(anonymous_26)
FNDA:0,(anonymous_27)
FNDA:0,(anonymous_28)
FNDA:0,(anonymous_29)
FNDA:0,(anonymous_30)
FNDA:0,(anonymous_31)
FNDA:0,(anonymous_32)
FNDA:0,(anonymous_33)
FNDA:0,(anonymous_34)
FNDA:0,(anonymous_35)
FNDA:0,(anonymous_36)
FNDA:0,(anonymous_37)
FNDA:0,(anonymous_38)
FNDA:0,(anonymous_39)
FNDA:0,(anonymous_40)
FNDA:0,(anonymous_41)
FNDA:0,(anonymous_42)
FNDA:0,(anonymous_43)
FNDA:0,(anonymous_44)
FNDA:0,(anonymous_45)
FNDA:0,(anonymous_46)
FNDA:0,(anonymous_47)
FNDA:0,(anonymous_48)
FNDA:0,(anonymous_49)
FNDA:0,(anonymous_50)
FNDA:0,(anonymous_51)
FNDA:0,(anonymous_52)
FNDA:0,(anonymous_53)
FNDA:0,(anonymous_54)
DA:1,0
DA:2,0
DA:5,0
DA:6,0
DA:7,0
DA:27,0
DA:35,0
DA:36,0
DA:38,0
DA:45,0
DA:47,0
DA:48,0
DA:49,0
DA:51,0
DA:53,0
DA:55,0
DA:71,0
DA:74,0
DA:85,0
DA:88,0
DA:91,0
DA:93,0
DA:95,0
DA:96,0
DA:99,0
DA:102,0
DA:103,0
DA:106,0
DA:107,0
DA:108,0
DA:109,0
DA:113,0
DA:116,0
DA:124,0
DA:126,0
DA:129,0
DA:130,0
DA:132,0
DA:133,0
DA:136,0
DA:138,0
DA:145,0
DA:146,0
DA:149,0
DA:150,0
DA:153,0
DA:155,0
DA:161,0
DA:165,0
DA:166,0
DA:167,0
DA:168,0
DA:169,0
DA:171,0
DA:174,0
DA:183,0
DA:184,0
DA:185,0
DA:186,0
DA:187,0
DA:189,0
DA:192,0
DA:201,0
DA:202,0
DA:203,0
DA:204,0
DA:205,0
DA:207,0
DA:210,0
DA:219,0
DA:220,0
DA:221,0
DA:222,0
DA:223,0
DA:225,0
DA:228,0
DA:237,0
DA:238,0
DA:239,0
DA:240,0
DA:241,0
DA:242,0
DA:244,0
DA:254,0
DA:256,0
DA:257,0
DA:258,0
DA:260,0
DA:267,0
DA:269,0
DA:275,0
DA:277,0
DA:278,0
DA:283,0
DA:285,0
DA:286,0
DA:287,0
DA:289,0
DA:294,0
DA:295,0
DA:296,0
DA:298,0
DA:304,0
DA:306,0
DA:309,0
DA:310,0
DA:315,0
DA:317,0
DA:318,0
DA:319,0
DA:325,0
DA:326,0
DA:327,0
DA:329,0
DA:335,0
DA:337,0
DA:340,0
DA:341,0
DA:347,0
DA:348,0
DA:349,0
DA:350,0
DA:357,0
DA:358,0
DA:361,0
DA:363,0
DA:365,0
DA:374,0
DA:375,0
DA:376,0
DA:378,0
DA:388,0
DA:392,0
DA:393,0
DA:394,0
DA:396,0
DA:406,0
DA:407,0
DA:412,0
DA:413,0
DA:430,0
DA:437,0
DA:462,0
DA:471,0
DA:472,0
DA:473,0
DA:474,0
DA:475,0
DA:478,0
DA:479,0
DA:481,0
DA:482,0
DA:483,0
DA:486,0
DA:504,0
DA:511,0
DA:540,0
DA:549,0
DA:550,0
DA:559,0
DA:560,0
DA:567,0
DA:574,0
DA:597,0
DA:606,0
DA:607,0
DA:609,0
DA:616,0
DA:656,0
DA:664,0
DA:674,0
DA:676,0
DA:683,0
DA:684,0
DA:689,0
DA:696,0
DA:698,0
DA:700,0
DA:701,0
DA:702,0
DA:703,0
DA:704,0
DA:705,0
DA:707,0
DA:722,0
DA:724,0
DA:725,0
DA:726,0
DA:728,0
DA:735,0
DA:742,0
DA:743,0
DA:744,0
DA:748,0
DA:758,0
DA:760,0
DA:762,0
DA:765,0
DA:768,0
DA:769,0
DA:777,0
DA:778,0
DA:779,0
DA:780,0
DA:781,0
DA:782,0
DA:783,0
DA:791,0
DA:792,0
DA:793,0
DA:801,0
DA:808,0
DA:851,0
DA:866,0
DA:887,0
DA:908,0
DA:926,0
DA:927,0
DA:929,0
DA:930,0
DA:931,0
DA:933,0
LF:222
LH:0
BRDA:35,0,0,0
BRDA:95,1,0,0
BRDA:108,2,0,0
BRDA:124,3,0,0
BRDA:145,4,0,0
BRDA:145,5,0,0
BRDA:145,5,1,0
BRDA:168,6,0,0
BRDA:168,6,1,0
BRDA:186,7,0,0
BRDA:186,7,1,0
BRDA:204,8,0,0
BRDA:204,8,1,0
BRDA:222,9,0,0
BRDA:222,9,1,0
BRDA:254,10,0,0
BRDA:283,11,0,0
BRDA:294,12,0,0
BRDA:294,12,1,0
BRDA:315,13,0,0
BRDA:325,14,0,0
BRDA:325,14,1,0
BRDA:349,15,0,0
BRDA:349,15,1,0
BRDA:357,16,0,0
BRDA:357,17,0,0
BRDA:357,17,1,0
BRDA:412,18,0,0
BRDA:443,19,0,0
BRDA:443,19,1,0
BRDA:443,20,0,0
BRDA:443,20,1,0
BRDA:451,21,0,0
BRDA:451,21,1,0
BRDA:473,22,0,0
BRDA:479,23,0,0
BRDA:479,23,1,0
BRDA:481,24,0,0
BRDA:518,25,0,0
BRDA:518,25,1,0
BRDA:518,26,0,0
BRDA:518,26,1,0
BRDA:525,27,0,0
BRDA:525,27,1,0
BRDA:525,27,2,0
BRDA:561,28,0,0
BRDA:561,28,1,0
BRDA:580,29,0,0
BRDA:580,29,1,0
BRDA:580,30,0,0
BRDA:580,30,1,0
BRDA:587,31,0,0
BRDA:587,31,1,0
BRDA:683,32,0,0
BRDA:683,33,0,0
BRDA:683,33,1,0
BRDA:696,34,0,0
BRDA:700,35,0,0
BRDA:702,36,0,0
BRDA:722,37,0,0
BRDA:743,38,0,0
BRDA:758,39,0,0
BRDA:768,40,0,0
BRDA:777,41,0,0
BRDA:777,41,1,0
BRDA:777,41,2,0
BRDA:777,41,3,0
BRDA:777,41,4,0
BRDA:777,41,5,0
BRDA:793,42,0,0
BRDA:793,42,1,0
BRDA:926,43,0,0
BRF:72
BRH:0
end_of_record
TN:
SF:src\core\managerFactory.ts
FN:31,(anonymous_0)
FN:35,(anonymous_1)
FN:48,(anonymous_2)
FN:120,(anonymous_3)
FN:127,(anonymous_4)
FN:138,(anonymous_5)
FN:154,(anonymous_6)
FN:161,(anonymous_7)
FN:168,(anonymous_8)
FN:175,(anonymous_9)
FN:193,(anonymous_10)
FN:214,(anonymous_11)
FN:234,createStandardManagers
FNF:13
FNH:0
FNDA:0,(anonymous_0)
FNDA:0,(anonymous_1)
FNDA:0,(anonymous_2)
FNDA:0,(anonymous_3)
FNDA:0,(anonymous_4)
FNDA:0,(anonymous_5)
FNDA:0,(anonymous_6)
FNDA:0,(anonymous_7)
FNDA:0,(anonymous_8)
FNDA:0,(anonymous_9)
FNDA:0,(anonymous_10)
FNDA:0,(anonymous_11)
FNDA:0,createStandardManagers
DA:2,0
DA:3,0
DA:4,0
DA:5,0
DA:6,0
DA:7,0
DA:8,0
DA:9,0
DA:26,0
DA:28,0
DA:32,0
DA:36,0
DA:37,0
DA:38,0
DA:40,0
DA:42,0
DA:52,0
DA:55,0
DA:56,0
DA:61,0
DA:63,0
DA:64,0
DA:67,0
DA:68,0
DA:71,0
DA:72,0
DA:75,0
DA:76,0
DA:79,0
DA:80,0
DA:83,0
DA:84,0
DA:87,0
DA:88,0
DA:90,0
DA:91,0
DA:94,0
DA:95,0
DA:97,0
DA:98,0
DA:99,0
DA:101,0
DA:102,0
DA:105,0
DA:109,0
DA:110,0
DA:113,0
DA:114,0
DA:121,0
DA:128,0
DA:129,0
DA:130,0
DA:131,0
DA:139,0
DA:141,0
DA:142,0
DA:143,0
DA:144,0
DA:146,0
DA:155,0
DA:162,0
DA:169,0
DA:176,0
DA:179,0
DA:180,0
DA:181,0
DA:182,0
DA:184,0
DA:194,0
DA:196,0
DA:197,0
DA:198,0
DA:199,0
DA:201,0
DA:204,0
DA:208,0
DA:215,0
DA:218,0
DA:221,0
DA:222,0
DA:223,0
DA:225,0
DA:234,0
DA:245,0
DA:249,0
DA:250,0
DA:251,0
DA:252,0
DA:253,0
DA:254,0
DA:257,0
DA:258,0
DA:259,0
DA:262,0
DA:264,0
LF:95
LH:0
BRDA:36,0,0,0
BRDA:37,1,0,0
BRDA:55,2,0,0
BRDA:61,3,0,0
BRDA:61,3,1,0
BRDA:61,3,2,0
BRDA:61,3,3,0
BRDA:61,3,4,0
BRDA:61,3,5,0
BRDA:61,3,6,0
BRDA:61,3,7,0
BRDA:61,3,8,0
BRDA:87,4,0,0
BRDA:87,5,0,0
BRDA:87,5,1,0
BRDA:94,6,0,0
BRDA:94,7,0,0
BRDA:94,7,1,0
BRDA:98,8,0,0
BRDA:109,9,0,0
BRDA:109,10,0,0
BRDA:109,10,1,0
BRDA:129,11,0,0
BRDA:180,12,0,0
BRDA:180,13,0,0
BRDA:180,13,1,0
BRDA:197,14,0,0
BRDA:197,14,1,0
BRDA:197,15,0,0
BRDA:197,15,1,0
BRF:30
BRH:0
end_of_record
TN:
SF:src\examples\loggingExample.ts
FN:7,(anonymous_9)
FN:11,(anonymous_10)
FN:31,(anonymous_11)
FN:32,(anonymous_12)
FN:73,(anonymous_13)
FN:77,(anonymous_14)
FN:81,(anonymous_15)
FN:85,(anonymous_16)
FN:101,(anonymous_17)
FN:109,(anonymous_18)
FN:119,(anonymous_19)
FN:132,(anonymous_20)
FN:145,demonstrateLoggingFeatures
FN:166,registerExampleCommands
FN:170,(anonymous_23)
FN:175,(anonymous_24)
FN:180,(anonymous_25)
FN:185,(anonymous_26)
FN:190,(anonymous_27)
FN:195,(anonymous_28)
FN:200,(anonymous_29)
FNF:21
FNH:0
FNDA:0,(anonymous_9)
FNDA:0,(anonymous_10)
FNDA:0,(anonymous_11)
FNDA:0,(anonymous_12)
FNDA:0,(anonymous_13)
FNDA:0,(anonymous_14)
FNDA:0,(anonymous_15)
FNDA:0,(anonymous_16)
FNDA:0,(anonymous_17)
FNDA:0,(anonymous_18)
FNDA:0,(anonymous_19)
FNDA:0,(anonymous_20)
FNDA:0,demonstrateLoggingFeatures
FNDA:0,registerExampleCommands
FNDA:0,(anonymous_23)
FNDA:0,(anonymous_24)
FNDA:0,(anonymous_25)
FNDA:0,(anonymous_26)
FNDA:0,(anonymous_27)
FNDA:0,(anonymous_28)
FNDA:0,(anonymous_29)
DA:1,0
DA:2,0
DA:7,0
DA:8,0
DA:12,0
DA:15,0
DA:20,0
DA:26,0
DA:28,0
DA:32,0
DA:34,0
DA:36,0
DA:38,0
DA:42,0
DA:44,0
DA:49,0
DA:51,0
DA:52,0
DA:53,0
DA:57,0
DA:59,0
DA:65,0
DA:74,0
DA:77,0
DA:78,0
DA:81,0
DA:82,0
DA:85,0
DA:86,0
DA:87,0
DA:88,0
DA:93,0
DA:102,0
DA:103,0
DA:104,0
DA:105,0
DA:106,0
DA:110,0
DA:111,0
DA:112,0
DA:114,0
DA:115,0
DA:116,0
DA:120,0
DA:122,0
DA:124,0
DA:133,0
DA:135,0
DA:136,0
DA:137,0
DA:140,0
DA:145,0
DA:146,0
DA:149,0
DA:150,0
DA:153,0
DA:159,0
DA:162,0
DA:166,0
DA:167,0
DA:169,0
DA:171,0
DA:172,0
DA:176,0
DA:177,0
DA:181,0
DA:182,0
DA:186,0
DA:187,0
DA:191,0
DA:192,0
DA:196,0
DA:197,0
DA:201,0
DA:202,0
LF:75
LH:0
BRDA:36,0,0,0
BRDA:36,0,1,0
BRDA:42,1,0,0
BRDA:42,1,1,0
BRDA:49,2,0,0
BRDA:49,2,1,0
BRDA:57,3,0,0
BRDA:57,3,1,0
BRDA:87,4,0,0
BRDA:87,4,1,0
BRDA:125,5,0,0
BRDA:125,5,1,0
BRDA:126,6,0,0
BRDA:126,6,1,0
BRDA:135,7,0,0
BRF:15
BRH:0
end_of_record
TN:
SF:src\treeViews\agentsTreeView.ts
FN:18,(anonymous_9)
FN:20,(anonymous_10)
FN:24,(anonymous_11)
FN:50,(anonymous_12)
FN:71,(anonymous_13)
FNF:5
FNH:0
FNDA:0,(anonymous_9)
FNDA:0,(anonymous_10)
FNDA:0,(anonymous_11)
FNDA:0,(anonymous_12)
FNDA:0,(anonymous_13)
DA:1,0
DA:14,0
DA:15,0
DA:16,0
DA:18,0
DA:21,0
DA:25,0
DA:27,0
DA:28,0
DA:29,0
DA:32,0
DA:34,0
DA:35,0
DA:37,0
DA:38,0
DA:40,0
DA:41,0
DA:45,0
DA:47,0
DA:51,0
DA:53,0
DA:64,0
DA:65,0
DA:68,0
DA:72,0
DA:74,0
DA:98,0
DA:100,0
DA:101,0
LF:29
LH:0
BRDA:25,0,0,0
BRDA:25,0,1,0
BRDA:29,1,0,0
BRDA:29,1,1,0
BRDA:32,2,0,0
BRDA:32,2,1,0
BRDA:32,2,2,0
BRDA:45,3,0,0
BRDA:45,3,1,0
BRDA:51,4,0,0
BRDA:64,5,0,0
BRF:11
BRH:0
end_of_record
TN:
SF:src\treeViews\configsTreeView.ts
FN:33,(anonymous_9)
FN:38,(anonymous_10)
FN:47,(anonymous_11)
FN:50,(anonymous_12)
FN:51,(anonymous_13)
FN:52,(anonymous_14)
FN:58,(anonymous_15)
FN:69,(anonymous_16)
FN:96,(anonymous_17)
FN:107,(anonymous_18)
FN:115,(anonymous_19)
FN:140,(anonymous_20)
FN:168,(anonymous_21)
FN:180,(anonymous_22)
FN:206,(anonymous_23)
FN:207,(anonymous_24)
FN:212,(anonymous_25)
FN:311,(anonymous_26)
FN:321,(anonymous_27)
FN:349,(anonymous_28)
FN:358,(anonymous_29)
FN:367,(anonymous_30)
FN:376,(anonymous_31)
FN:389,(anonymous_32)
FN:399,(anonymous_33)
FN:409,(anonymous_34)
FN:423,(anonymous_35)
FN:501,(anonymous_36)
FN:505,(anonymous_37)
FN:506,(anonymous_38)
FN:514,(anonymous_39)
FN:515,(anonymous_40)
FNF:32
FNH:0
FNDA:0,(anonymous_9)
FNDA:0,(anonymous_10)
FNDA:0,(anonymous_11)
FNDA:0,(anonymous_12)
FNDA:0,(anonymous_13)
FNDA:0,(anonymous_14)
FNDA:0,(anonymous_15)
FNDA:0,(anonymous_16)
FNDA:0,(anonymous_17)
FNDA:0,(anonymous_18)
FNDA:0,(anonymous_19)
FNDA:0,(anonymous_20)
FNDA:0,(anonymous_21)
FNDA:0,(anonymous_22)
FNDA:0,(anonymous_23)
FNDA:0,(anonymous_24)
FNDA:0,(anonymous_25)
FNDA:0,(anonymous_26)
FNDA:0,(anonymous_27)
FNDA:0,(anonymous_28)
FNDA:0,(anonymous_29)
FNDA:0,(anonymous_30)
FNDA:0,(anonymous_31)
FNDA:0,(anonymous_32)
FNDA:0,(anonymous_33)
FNDA:0,(anonymous_34)
FNDA:0,(anonymous_35)
FNDA:0,(anonymous_36)
FNDA:0,(anonymous_37)
FNDA:0,(anonymous_38)
FNDA:0,(anonymous_39)
FNDA:0,(anonymous_40)
DA:1,0
DA:2,0
DA:3,0
DA:25,0
DA:26,0
DA:27,0
DA:29,0
DA:30,0
DA:31,0
DA:34,0
DA:35,0
DA:39,0
DA:47,0
DA:48,0
DA:50,0
DA:51,0
DA:52,0
DA:54,0
DA:59,0
DA:60,0
DA:61,0
DA:63,0
DA:66,0
DA:70,0
DA:71,0
DA:72,0
DA:74,0
DA:85,0
DA:86,0
DA:88,0
DA:89,0
DA:92,0
DA:97,0
DA:98,0
DA:99,0
DA:100,0
DA:101,0
DA:102,0
DA:103,0
DA:104,0
DA:108,0
DA:109,0
DA:110,0
DA:112,0
DA:116,0
DA:122,0
DA:123,0
DA:124,0
DA:125,0
DA:128,0
DA:129,0
DA:133,0
DA:134,0
DA:137,0
DA:141,0
DA:142,0
DA:145,0
DA:146,0
DA:147,0
DA:148,0
DA:153,0
DA:154,0
DA:155,0
DA:157,0
DA:158,0
DA:163,0
DA:164,0
DA:169,0
DA:170,0
DA:172,0
DA:173,0
DA:175,0
DA:176,0
DA:181,0
DA:189,0
DA:190,0
DA:191,0
DA:197,0
DA:198,0
DA:201,0
DA:207,0
DA:208,0
DA:213,0
DA:218,0
DA:219,0
DA:220,0
DA:223,0
DA:224,0
DA:225,0
DA:227,0
DA:228,0
DA:229,0
DA:230,0
DA:232,0
DA:233,0
DA:237,0
DA:238,0
DA:241,0
DA:243,0
DA:247,0
DA:248,0
DA:250,0
DA:254,0
DA:256,0
DA:257,0
DA:259,0
DA:260,0
DA:262,0
DA:263,0
DA:265,0
DA:269,0
DA:271,0
DA:272,0
DA:274,0
DA:275,0
DA:277,0
DA:278,0
DA:280,0
DA:281,0
DA:283,0
DA:284,0
DA:287,0
DA:293,0
DA:294,0
DA:296,0
DA:300,0
DA:301,0
DA:308,0
DA:312,0
DA:314,0
DA:318,0
DA:322,0
DA:323,0
DA:324,0
DA:327,0
DA:328,0
DA:332,0
DA:333,0
DA:337,0
DA:342,0
DA:343,0
DA:344,0
DA:345,0
DA:349,0
DA:354,0
DA:359,0
DA:360,0
DA:363,0
DA:364,0
DA:368,0
DA:369,0
DA:372,0
DA:373,0
DA:377,0
DA:378,0
DA:382,0
DA:385,0
DA:386,0
DA:390,0
DA:391,0
DA:392,0
DA:393,0
DA:395,0
DA:400,0
DA:401,0
DA:402,0
DA:403,0
DA:405,0
DA:410,0
DA:411,0
DA:412,0
DA:413,0
DA:414,0
DA:415,0
DA:416,0
DA:419,0
DA:424,0
DA:479,0
DA:480,0
DA:482,0
DA:483,0
DA:484,0
DA:485,0
DA:488,0
DA:489,0
DA:491,0
DA:492,0
DA:493,0
DA:494,0
DA:495,0
DA:497,0
DA:502,0
DA:505,0
DA:506,0
DA:511,0
DA:515,0
DA:516,0
DA:517,0
DA:518,0
LF:199
LH:0
BRDA:59,0,0,0
BRDA:59,0,1,0
BRDA:86,1,0,0
BRDA:86,1,1,0
BRDA:86,2,0,0
BRDA:86,2,1,0
BRDA:97,3,0,0
BRDA:98,4,0,0
BRDA:98,5,0,0
BRDA:98,5,1,0
BRDA:99,6,0,0
BRDA:100,7,0,0
BRDA:101,8,0,0
BRDA:101,9,0,0
BRDA:101,9,1,0
BRDA:102,10,0,0
BRDA:102,11,0,0
BRDA:102,11,1,0
BRDA:103,12,0,0
BRDA:109,13,0,0
BRDA:123,14,0,0
BRDA:128,15,0,0
BRDA:147,16,0,0
BRDA:153,17,0,0
BRDA:154,18,0,0
BRDA:157,19,0,0
BRDA:157,20,0,0
BRDA:157,20,1,0
BRDA:173,21,0,0
BRDA:215,22,0,0
BRDA:215,22,1,0
BRDA:223,23,0,0
BRDA:223,23,1,0
BRDA:223,24,0,0
BRDA:223,24,1,0
BRDA:227,25,0,0
BRDA:229,26,0,0
BRDA:232,27,0,0
BRDA:237,28,0,0
BRDA:247,29,0,0
BRDA:247,29,1,0
BRDA:254,30,0,0
BRDA:254,30,1,0
BRDA:254,30,2,0
BRDA:254,30,3,0
BRDA:269,31,0,0
BRDA:269,31,1,0
BRDA:269,31,2,0
BRDA:269,31,3,0
BRDA:269,31,4,0
BRDA:287,32,0,0
BRDA:287,32,1,0
BRDA:293,33,0,0
BRDA:293,33,1,0
BRDA:300,34,0,0
BRDA:300,35,0,0
BRDA:300,35,1,0
BRDA:312,36,0,0
BRDA:318,37,0,0
BRDA:318,37,1,0
BRDA:328,38,0,0
BRDA:328,38,1,0
BRDA:328,38,2,0
BRDA:328,38,3,0
BRDA:328,38,4,0
BRDA:328,38,5,0
BRDA:344,39,0,0
BRDA:348,40,0,0
BRDA:348,40,1,0
BRDA:363,41,0,0
BRDA:363,41,1,0
BRDA:368,42,0,0
BRDA:372,43,0,0
BRDA:372,43,1,0
BRDA:377,44,0,0
BRDA:411,45,0,0
BRDA:480,46,0,0
BRDA:483,47,0,0
BRDA:504,48,0,0
BRDA:504,48,1,0
BRDA:505,49,0,0
BRDA:505,49,1,0
BRDA:506,50,0,0
BRDA:506,50,1,0
BRF:84
BRH:0
end_of_record
TN:
SF:src\treeViews\logsTreeView.ts
FN:25,(anonymous_9)
FN:32,(anonymous_10)
FN:38,(anonymous_11)
FN:44,(anonymous_12)
FN:81,(anonymous_13)
FN:95,(anonymous_14)
FN:126,(anonymous_15)
FN:132,(anonymous_16)
FN:134,(anonymous_17)
FN:142,(anonymous_18)
FN:145,(anonymous_19)
FN:160,(anonymous_20)
FN:162,(anonymous_21)
FN:169,(anonymous_22)
FN:183,(anonymous_23)
FN:187,(anonymous_24)
FN:204,(anonymous_25)
FN:218,(anonymous_26)
FN:229,(anonymous_27)
FN:234,(anonymous_28)
FN:239,(anonymous_29)
FN:244,(anonymous_30)
FN:253,(anonymous_31)
FN:258,(anonymous_32)
FN:262,(anonymous_33)
FN:266,(anonymous_34)
FN:273,(anonymous_35)
FN:281,(anonymous_36)
FN:294,(anonymous_37)
FN:298,(anonymous_38)
FN:302,(anonymous_39)
FN:306,(anonymous_40)
FNF:32
FNH:0
FNDA:0,(anonymous_9)
FNDA:0,(anonymous_10)
FNDA:0,(anonymous_11)
FNDA:0,(anonymous_12)
FNDA:0,(anonymous_13)
FNDA:0,(anonymous_14)
FNDA:0,(anonymous_15)
FNDA:0,(anonymous_16)
FNDA:0,(anonymous_17)
FNDA:0,(anonymous_18)
FNDA:0,(anonymous_19)
FNDA:0,(anonymous_20)
FNDA:0,(anonymous_21)
FNDA:0,(anonymous_22)
FNDA:0,(anonymous_23)
FNDA:0,(anonymous_24)
FNDA:0,(anonymous_25)
FNDA:0,(anonymous_26)
FNDA:0,(anonymous_27)
FNDA:0,(anonymous_28)
FNDA:0,(anonymous_29)
FNDA:0,(anonymous_30)
FNDA:0,(anonymous_31)
FNDA:0,(anonymous_32)
FNDA:0,(anonymous_33)
FNDA:0,(anonymous_34)
FNDA:0,(anonymous_35)
FNDA:0,(anonymous_36)
FNDA:0,(anonymous_37)
FNDA:0,(anonymous_38)
FNDA:0,(anonymous_39)
FNDA:0,(anonymous_40)
DA:1,0
DA:2,0
DA:13,0
DA:14,0
DA:15,0
DA:19,0
DA:20,0
DA:21,0
DA:22,0
DA:23,0
DA:26,0
DA:29,0
DA:33,0
DA:34,0
DA:37,0
DA:38,0
DA:39,0
DA:45,0
DA:47,0
DA:49,0
DA:50,0
DA:51,0
DA:52,0
DA:53,0
DA:56,0
DA:57,0
DA:58,0
DA:59,0
DA:60,0
DA:63,0
DA:68,0
DA:71,0
DA:72,0
DA:73,0
DA:74,0
DA:75,0
DA:78,0
DA:82,0
DA:84,0
DA:87,0
DA:89,0
DA:92,0
DA:96,0
DA:99,0
DA:106,0
DA:108,0
DA:110,0
DA:111,0
DA:113,0
DA:114,0
DA:116,0
DA:125,0
DA:126,0
DA:129,0
DA:133,0
DA:134,0
DA:135,0
DA:136,0
DA:139,0
DA:142,0
DA:146,0
DA:147,0
DA:148,0
DA:152,0
DA:161,0
DA:162,0
DA:163,0
DA:164,0
DA:165,0
DA:170,0
DA:172,0
DA:173,0
DA:176,0
DA:177,0
DA:180,0
DA:184,0
DA:188,0
DA:190,0
DA:192,0
DA:194,0
DA:196,0
DA:198,0
DA:200,0
DA:205,0
DA:214,0
DA:219,0
DA:220,0
DA:221,0
DA:222,0
DA:223,0
DA:224,0
DA:226,0
DA:230,0
DA:231,0
DA:235,0
DA:236,0
DA:240,0
DA:241,0
DA:245,0
DA:246,0
DA:248,0
DA:250,0
DA:254,0
DA:255,0
DA:259,0
DA:263,0
DA:268,0
DA:270,0
DA:274,0
DA:282,0
DA:291,0
DA:295,0
DA:299,0
DA:303,0
DA:307,0
DA:308,0
LF:116
LH:0
BRDA:33,0,0,0
BRDA:37,1,0,0
BRDA:47,2,0,0
BRDA:47,2,1,0
BRDA:47,2,2,0
BRDA:82,3,0,0
BRDA:87,4,0,0
BRDA:87,5,0,0
BRDA:87,5,1,0
BRDA:106,6,0,0
BRDA:106,6,1,0
BRDA:111,7,0,0
BRDA:113,8,0,0
BRDA:113,8,1,0
BRDA:114,9,0,0
BRDA:135,10,0,0
BRDA:135,11,0,0
BRDA:135,11,1,0
BRDA:148,12,0,0
BRDA:148,12,1,0
BRDA:156,13,0,0
BRDA:156,13,1,0
BRDA:163,14,0,0
BRDA:164,15,0,0
BRDA:164,16,0,0
BRDA:164,16,1,0
BRDA:172,17,0,0
BRDA:176,18,0,0
BRDA:180,19,0,0
BRDA:180,19,1,0
BRDA:188,20,0,0
BRDA:188,20,1,0
BRDA:188,20,2,0
BRDA:188,20,3,0
BRDA:188,20,4,0
BRDA:188,20,5,0
BRDA:209,21,0,0
BRDA:209,21,1,0
BRDA:211,22,0,0
BRDA:211,22,1,0
BRDA:220,23,0,0
BRDA:220,23,1,0
BRDA:222,24,0,0
BRDA:245,25,0,0
BRDA:245,25,1,0
BRDA:307,26,0,0
BRF:46
BRH:0
end_of_record
TN:
SF:src\treeViews\socketsTreeView.ts
FN:23,(anonymous_9)
FN:28,(anonymous_10)
FN:31,(anonymous_11)
FN:36,(anonymous_12)
FN:41,(anonymous_13)
FN:80,(anonymous_14)
FN:105,(anonymous_15)
FN:152,(anonymous_16)
FN:157,(anonymous_17)
FN:161,(anonymous_18)
FN:176,(anonymous_19)
FN:195,(anonymous_20)
FN:211,(anonymous_21)
FN:228,(anonymous_22)
FN:235,(anonymous_23)
FN:246,(anonymous_24)
FN:257,(anonymous_25)
FN:273,(anonymous_26)
FN:277,(anonymous_27)
FN:279,(anonymous_28)
FN:280,(anonymous_29)
FN:283,(anonymous_30)
FN:284,(anonymous_31)
FN:285,(anonymous_32)
FNF:24
FNH:0
FNDA:0,(anonymous_9)
FNDA:0,(anonymous_10)
FNDA:0,(anonymous_11)
FNDA:0,(anonymous_12)
FNDA:0,(anonymous_13)
FNDA:0,(anonymous_14)
FNDA:0,(anonymous_15)
FNDA:0,(anonymous_16)
FNDA:0,(anonymous_17)
FNDA:0,(anonymous_18)
FNDA:0,(anonymous_19)
FNDA:0,(anonymous_20)
FNDA:0,(anonymous_21)
FNDA:0,(anonymous_22)
FNDA:0,(anonymous_23)
FNDA:0,(anonymous_24)
FNDA:0,(anonymous_25)
FNDA:0,(anonymous_26)
FNDA:0,(anonymous_27)
FNDA:0,(anonymous_28)
FNDA:0,(anonymous_29)
FNDA:0,(anonymous_30)
FNDA:0,(anonymous_31)
FNDA:0,(anonymous_32)
DA:1,0
DA:15,0
DA:16,0
DA:17,0
DA:19,0
DA:20,0
DA:21,0
DA:23,0
DA:25,0
DA:31,0
DA:32,0
DA:37,0
DA:38,0
DA:42,0
DA:44,0
DA:45,0
DA:46,0
DA:49,0
DA:51,0
DA:53,0
DA:54,0
DA:56,0
DA:57,0
DA:59,0
DA:60,0
DA:62,0
DA:63,0
DA:67,0
DA:71,0
DA:72,0
DA:74,0
DA:77,0
DA:81,0
DA:83,0
DA:94,0
DA:95,0
DA:98,0
DA:99,0
DA:102,0
DA:107,0
DA:151,0
DA:152,0
DA:154,0
DA:159,0
DA:161,0
DA:162,0
DA:164,0
DA:165,0
DA:173,0
DA:177,0
DA:178,0
DA:179,0
DA:184,0
DA:189,0
DA:197,0
DA:200,0
DA:201,0
DA:202,0
DA:203,0
DA:204,0
DA:206,0
DA:212,0
DA:213,0
DA:215,0
DA:217,0
DA:218,0
DA:219,0
DA:221,0
DA:222,0
DA:225,0
DA:229,0
DA:230,0
DA:231,0
DA:232,0
DA:236,0
DA:237,0
DA:238,0
DA:242,0
DA:243,0
DA:247,0
DA:248,0
DA:249,0
DA:253,0
DA:254,0
DA:258,0
DA:259,0
DA:260,0
DA:263,0
DA:270,0
DA:274,0
DA:278,0
DA:279,0
DA:280,0
DA:284,0
DA:285,0
DA:286,0
DA:287,0
DA:289,0
LF:98
LH:0
BRDA:42,0,0,0
BRDA:42,0,1,0
BRDA:49,1,0,0
BRDA:49,1,1,0
BRDA:51,2,0,0
BRDA:51,2,1,0
BRDA:51,2,2,0
BRDA:51,2,3,0
BRDA:71,3,0,0
BRDA:71,3,1,0
BRDA:72,4,0,0
BRDA:72,4,1,0
BRDA:81,5,0,0
BRDA:87,6,0,0
BRDA:87,6,1,0
BRDA:89,7,0,0
BRDA:89,7,1,0
BRDA:94,8,0,0
BRDA:94,9,0,0
BRDA:94,9,1,0
BRDA:98,10,0,0
BRDA:162,11,0,0
BRDA:162,12,0,0
BRDA:162,12,1,0
BRDA:177,13,0,0
BRDA:177,13,1,0
BRDA:178,14,0,0
BRDA:178,14,1,0
BRDA:178,15,0,0
BRDA:178,15,1,0
BRDA:180,16,0,0
BRDA:180,16,1,0
BRDA:181,17,0,0
BRDA:181,17,1,0
BRDA:190,18,0,0
BRDA:190,18,1,0
BRDA:201,19,0,0
BRDA:201,19,1,0
BRDA:203,20,0,0
BRDA:203,20,1,0
BRDA:211,21,0,0
BRDA:236,22,0,0
BRDA:247,23,0,0
BRDA:258,24,0,0
BRDA:279,25,0,0
BRDA:279,25,1,0
BRDA:286,26,0,0
BRDA:286,26,1,0
BRF:48
BRH:0
end_of_record
TN:
SF:src\treeViews\uisTreeView.ts
FN:19,(anonymous_9)
FN:21,(anonymous_10)
FN:25,(anonymous_11)
FN:77,(anonymous_12)
FN:113,(anonymous_13)
FN:147,(anonymous_14)
FNF:6
FNH:0
FNDA:0,(anonymous_9)
FNDA:0,(anonymous_10)
FNDA:0,(anonymous_11)
FNDA:0,(anonymous_12)
FNDA:0,(anonymous_13)
FNDA:0,(anonymous_14)
DA:1,0
DA:15,0
DA:16,0
DA:17,0
DA:19,0
DA:22,0
DA:26,0
DA:28,0
DA:29,0
DA:30,0
DA:33,0
DA:34,0
DA:37,0
DA:39,0
DA:40,0
DA:43,0
DA:44,0
DA:46,0
DA:47,0
DA:49,0
DA:50,0
DA:53,0
DA:54,0
DA:56,0
DA:61,0
DA:62,0
DA:66,0
DA:67,0
DA:72,0
DA:74,0
DA:78,0
DA:80,0
DA:102,0
DA:103,0
DA:106,0
DA:107,0
DA:110,0
DA:115,0
DA:144,0
DA:148,0
DA:169,0
LF:41
LH:0
BRDA:26,0,0,0
BRDA:26,0,1,0
BRDA:30,1,0,0
BRDA:30,1,1,0
BRDA:33,2,0,0
BRDA:33,2,1,0
BRDA:37,3,0,0
BRDA:37,3,1,0
BRDA:37,3,2,0
BRDA:37,3,3,0
BRDA:37,3,4,0
BRDA:37,3,5,0
BRDA:37,3,6,0
BRDA:37,3,7,0
BRDA:61,4,0,0
BRDA:62,5,0,0
BRDA:62,5,1,0
BRDA:63,6,0,0
BRDA:63,6,1,0
BRDA:66,7,0,0
BRDA:72,8,0,0
BRDA:72,8,1,0
BRDA:72,9,0,0
BRDA:72,9,1,0
BRDA:78,10,0,0
BRDA:102,11,0,0
BRDA:106,12,0,0
BRF:27
BRH:0
end_of_record
